[2026-04-15T10:47:33.355+0000] {local_task_job_runner.py:120} INFO - ::group::Pre task execution logs
[2026-04-15T10:47:33.471+0000] {taskinstance.py:2076} INFO - Dependencies all met for dep_context=non-requeueable deps ti=<TaskInstance: firepoint_etl.extract_json scheduled__2026-04-14T00:00:00+00:00 [queued]>
[2026-04-15T10:47:33.522+0000] {taskinstance.py:2076} INFO - Dependencies all met for dep_context=requeueable deps ti=<TaskInstance: firepoint_etl.extract_json scheduled__2026-04-14T00:00:00+00:00 [queued]>
[2026-04-15T10:47:33.548+0000] {taskinstance.py:2306} INFO - Starting attempt 1 of 3
[2026-04-15T10:47:33.597+0000] {taskinstance.py:2330} INFO - Executing <Task(_PythonDecoratedOperator): extract_json> on 2026-04-14 00:00:00+00:00
[2026-04-15T10:47:33.617+0000] {standard_task_runner.py:64} INFO - Started process 250 to run task
[2026-04-15T10:47:33.623+0000] {standard_task_runner.py:90} INFO - Running: ['***', 'tasks', 'run', 'firepoint_etl', 'extract_json', 'scheduled__2026-04-14T00:00:00+00:00', '--job-id', '73', '--raw', '--subdir', 'DAGS_FOLDER/etl_dag.py', '--cfg-path', '/tmp/tmp3k_efopl']
[2026-04-15T10:47:33.638+0000] {standard_task_runner.py:91} INFO - Job 73: Subtask extract_json
[2026-04-15T10:47:33.781+0000] {task_command.py:426} INFO - Running <TaskInstance: firepoint_etl.extract_json scheduled__2026-04-14T00:00:00+00:00 [running]> on host 9c22045bc147
[2026-04-15T10:47:33.933+0000] {taskinstance.py:2648} INFO - Exporting env vars: AIRFLOW_CTX_DAG_OWNER='firepoint' AIRFLOW_CTX_DAG_ID='firepoint_etl' AIRFLOW_CTX_TASK_ID='extract_json' AIRFLOW_CTX_EXECUTION_DATE='2026-04-14T00:00:00+00:00' AIRFLOW_CTX_TRY_NUMBER='1' AIRFLOW_CTX_DAG_RUN_ID='scheduled__2026-04-14T00:00:00+00:00'
[2026-04-15T10:47:33.935+0000] {taskinstance.py:430} INFO - ::endgroup::
[2026-04-15T10:47:34.270+0000] {logging_mixin.py:188} INFO -   raw.negotiations: 2016 rows
[2026-04-15T10:47:34.305+0000] {logging_mixin.py:188} INFO -   raw.negotiation_rounds: 6911 rows
[2026-04-15T10:47:34.380+0000] {logging_mixin.py:188} INFO - json extraction complete
[2026-04-15T10:47:34.385+0000] {python.py:237} INFO - Done. Returned value was: {'negotiations': 2016, 'rounds': 6911}
[2026-04-15T10:47:34.386+0000] {taskinstance.py:441} INFO - ::group::Post task execution logs
[2026-04-15T10:47:34.420+0000] {taskinstance.py:1206} INFO - Marking task as SUCCESS. dag_id=firepoint_etl, task_id=extract_json, run_id=scheduled__2026-04-14T00:00:00+00:00, execution_date=20260414T000000, start_date=20260415T104733, end_date=20260415T104734
[2026-04-15T10:47:34.448+0000] {local_task_job_runner.py:243} INFO - Task exited with return code 0
[2026-04-15T10:47:34.476+0000] {taskinstance.py:3503} INFO - 1 downstream tasks scheduled from follow-on schedule check
[2026-04-15T10:47:34.479+0000] {local_task_job_runner.py:222} INFO - ::endgroup::
