[2026-04-15T10:47:13.751+0000] {local_task_job_runner.py:120} INFO - ::group::Pre task execution logs
[2026-04-15T10:47:13.811+0000] {taskinstance.py:2076} INFO - Dependencies all met for dep_context=non-requeueable deps ti=<TaskInstance: firepoint_dbt_hourly.dbt_build_hourly manual__2026-04-14T18:23:19.599203+00:00 [queued]>
[2026-04-15T10:47:13.827+0000] {taskinstance.py:2076} INFO - Dependencies all met for dep_context=requeueable deps ti=<TaskInstance: firepoint_dbt_hourly.dbt_build_hourly manual__2026-04-14T18:23:19.599203+00:00 [queued]>
[2026-04-15T10:47:13.829+0000] {taskinstance.py:2306} INFO - Starting attempt 2 of 2
[2026-04-15T10:47:13.852+0000] {taskinstance.py:2330} INFO - Executing <Task(_PythonDecoratedOperator): dbt_build_hourly> on 2026-04-14 18:23:19.599203+00:00
[2026-04-15T10:47:13.860+0000] {standard_task_runner.py:64} INFO - Started process 204 to run task
[2026-04-15T10:47:13.874+0000] {standard_task_runner.py:90} INFO - Running: ['***', 'tasks', 'run', 'firepoint_dbt_hourly', 'dbt_build_hourly', 'manual__2026-04-14T18:23:19.599203+00:00', '--job-id', '67', '--raw', '--subdir', 'DAGS_FOLDER/dbt_dag.py', '--cfg-path', '/tmp/tmp_y_l_m6s']
[2026-04-15T10:47:13.880+0000] {standard_task_runner.py:91} INFO - Job 67: Subtask dbt_build_hourly
[2026-04-15T10:47:14.007+0000] {task_command.py:426} INFO - Running <TaskInstance: firepoint_dbt_hourly.dbt_build_hourly manual__2026-04-14T18:23:19.599203+00:00 [running]> on host 9c22045bc147
[2026-04-15T10:47:14.165+0000] {taskinstance.py:2648} INFO - Exporting env vars: AIRFLOW_CTX_DAG_OWNER='firepoint' AIRFLOW_CTX_DAG_ID='firepoint_dbt_hourly' AIRFLOW_CTX_TASK_ID='dbt_build_hourly' AIRFLOW_CTX_EXECUTION_DATE='2026-04-14T18:23:19.599203+00:00' AIRFLOW_CTX_TRY_NUMBER='2' AIRFLOW_CTX_DAG_RUN_ID='manual__2026-04-14T18:23:19.599203+00:00'
[2026-04-15T10:47:14.167+0000] {taskinstance.py:430} INFO - ::endgroup::
[2026-04-15T10:47:14.168+0000] {logging_mixin.py:188} INFO - running: cd /opt/***/dbt_project && dbt build --select tag:hourly --profiles-dir /opt/***/dbt_project
[2026-04-15T10:47:27.874+0000] {taskinstance.py:441} INFO - ::group::Post task execution logs
[2026-04-15T10:47:27.878+0000] {taskinstance.py:2905} ERROR - Task failed with exception
Traceback (most recent call last):
  File "/home/airflow/.local/lib/python3.11/site-packages/airflow/models/taskinstance.py", line 465, in _execute_task
    result = _execute_callable(context=context, **execute_callable_kwargs)
             ^^^^^^^^^^^^^^^^^^^^^^^^^^^^^^^^^^^^^^^^^^^^^^^^^^^^^^^^^^^^^
  File "/home/airflow/.local/lib/python3.11/site-packages/airflow/models/taskinstance.py", line 432, in _execute_callable
    return execute_callable(context=context, **execute_callable_kwargs)
           ^^^^^^^^^^^^^^^^^^^^^^^^^^^^^^^^^^^^^^^^^^^^^^^^^^^^^^^^^^^^
  File "/home/airflow/.local/lib/python3.11/site-packages/airflow/models/baseoperator.py", line 401, in wrapper
    return func(self, *args, **kwargs)
           ^^^^^^^^^^^^^^^^^^^^^^^^^^^
  File "/home/airflow/.local/lib/python3.11/site-packages/airflow/decorators/base.py", line 265, in execute
    return_value = super().execute(context)
                   ^^^^^^^^^^^^^^^^^^^^^^^^
  File "/home/airflow/.local/lib/python3.11/site-packages/airflow/models/baseoperator.py", line 401, in wrapper
    return func(self, *args, **kwargs)
           ^^^^^^^^^^^^^^^^^^^^^^^^^^^
  File "/home/airflow/.local/lib/python3.11/site-packages/airflow/operators/python.py", line 235, in execute
    return_value = self.execute_callable()
                   ^^^^^^^^^^^^^^^^^^^^^^^
  File "/home/airflow/.local/lib/python3.11/site-packages/airflow/operators/python.py", line 252, in execute_callable
    return self.python_callable(*self.op_args, **self.op_kwargs)
           ^^^^^^^^^^^^^^^^^^^^^^^^^^^^^^^^^^^^^^^^^^^^^^^^^^^^^
  File "/opt/airflow/dags/dbt_dag.py", line 62, in dbt_build_hourly
    return run_dbt_command("build --select tag:hourly")
           ^^^^^^^^^^^^^^^^^^^^^^^^^^^^^^^^^^^^^^^^^^^^
  File "/opt/airflow/dags/dbt_dag.py", line 26, in run_dbt_command
    raise Exception(f"dbt command failed: {command}")
Exception: dbt command failed: build --select tag:hourly
[2026-04-15T10:47:27.957+0000] {taskinstance.py:1206} INFO - Marking task as FAILED. dag_id=firepoint_dbt_hourly, task_id=dbt_build_hourly, run_id=manual__2026-04-14T18:23:19.599203+00:00, execution_date=20260414T182319, start_date=20260415T104713, end_date=20260415T104727
[2026-04-15T10:47:28.181+0000] {standard_task_runner.py:110} ERROR - Failed to execute job 67 for task dbt_build_hourly (dbt command failed: build --select tag:hourly; 204)
[2026-04-15T10:47:28.213+0000] {local_task_job_runner.py:243} INFO - Task exited with return code 1
[2026-04-15T10:47:28.285+0000] {taskinstance.py:3503} INFO - 0 downstream tasks scheduled from follow-on schedule check
[2026-04-15T10:47:28.295+0000] {local_task_job_runner.py:222} INFO - ::endgroup::
