[2026-04-14T17:12:40.844+0000] {local_task_job_runner.py:120} INFO - ::group::Pre task execution logs
[2026-04-14T17:12:40.893+0000] {taskinstance.py:2076} INFO - Dependencies all met for dep_context=non-requeueable deps ti=<TaskInstance: firepoint_etl.extract_json manual__2026-04-14T17:10:36.005169+00:00 [queued]>
[2026-04-14T17:12:40.906+0000] {taskinstance.py:2076} INFO - Dependencies all met for dep_context=requeueable deps ti=<TaskInstance: firepoint_etl.extract_json manual__2026-04-14T17:10:36.005169+00:00 [queued]>
[2026-04-14T17:12:40.908+0000] {taskinstance.py:2306} INFO - Starting attempt 2 of 3
[2026-04-14T17:12:40.933+0000] {taskinstance.py:2330} INFO - Executing <Task(_PythonDecoratedOperator): extract_json> on 2026-04-14 17:10:36.005169+00:00
[2026-04-14T17:12:40.944+0000] {standard_task_runner.py:64} INFO - Started process 1758 to run task
[2026-04-14T17:12:40.949+0000] {standard_task_runner.py:90} INFO - Running: ['***', 'tasks', 'run', 'firepoint_etl', 'extract_json', 'manual__2026-04-14T17:10:36.005169+00:00', '--job-id', '23', '--raw', '--subdir', 'DAGS_FOLDER/etl_dag.py', '--cfg-path', '/tmp/tmp9pe5pxil']
[2026-04-14T17:12:40.954+0000] {standard_task_runner.py:91} INFO - Job 23: Subtask extract_json
[2026-04-14T17:12:41.089+0000] {task_command.py:426} INFO - Running <TaskInstance: firepoint_etl.extract_json manual__2026-04-14T17:10:36.005169+00:00 [running]> on host 9c22045bc147
[2026-04-14T17:12:41.239+0000] {taskinstance.py:2648} INFO - Exporting env vars: AIRFLOW_CTX_DAG_OWNER='firepoint' AIRFLOW_CTX_DAG_ID='firepoint_etl' AIRFLOW_CTX_TASK_ID='extract_json' AIRFLOW_CTX_EXECUTION_DATE='2026-04-14T17:10:36.005169+00:00' AIRFLOW_CTX_TRY_NUMBER='2' AIRFLOW_CTX_DAG_RUN_ID='manual__2026-04-14T17:10:36.005169+00:00'
[2026-04-14T17:12:41.241+0000] {taskinstance.py:430} INFO - ::endgroup::
[2026-04-14T17:12:41.419+0000] {taskinstance.py:441} INFO - ::group::Post task execution logs
[2026-04-14T17:12:41.421+0000] {taskinstance.py:2905} ERROR - Task failed with exception
Traceback (most recent call last):
  File "/home/airflow/.local/lib/python3.11/site-packages/airflow/models/taskinstance.py", line 465, in _execute_task
    result = _execute_callable(context=context, **execute_callable_kwargs)
             ^^^^^^^^^^^^^^^^^^^^^^^^^^^^^^^^^^^^^^^^^^^^^^^^^^^^^^^^^^^^^
  File "/home/airflow/.local/lib/python3.11/site-packages/airflow/models/taskinstance.py", line 432, in _execute_callable
    return execute_callable(context=context, **execute_callable_kwargs)
           ^^^^^^^^^^^^^^^^^^^^^^^^^^^^^^^^^^^^^^^^^^^^^^^^^^^^^^^^^^^^
  File "/home/airflow/.local/lib/python3.11/site-packages/airflow/models/baseoperator.py", line 401, in wrapper
    return func(self, *args, **kwargs)
           ^^^^^^^^^^^^^^^^^^^^^^^^^^^
  File "/home/airflow/.local/lib/python3.11/site-packages/airflow/decorators/base.py", line 265, in execute
    return_value = super().execute(context)
                   ^^^^^^^^^^^^^^^^^^^^^^^^
  File "/home/airflow/.local/lib/python3.11/site-packages/airflow/models/baseoperator.py", line 401, in wrapper
    return func(self, *args, **kwargs)
           ^^^^^^^^^^^^^^^^^^^^^^^^^^^
  File "/home/airflow/.local/lib/python3.11/site-packages/airflow/operators/python.py", line 235, in execute
    return_value = self.execute_callable()
                   ^^^^^^^^^^^^^^^^^^^^^^^
  File "/home/airflow/.local/lib/python3.11/site-packages/airflow/operators/python.py", line 252, in execute_callable
    return self.python_callable(*self.op_args, **self.op_kwargs)
           ^^^^^^^^^^^^^^^^^^^^^^^^^^^^^^^^^^^^^^^^^^^^^^^^^^^^^
  File "/opt/airflow/dags/etl_dag.py", line 105, in extract_json
    conn_duck = duckdb.connect(DUCKDB_PATH)
                ^^^^^^^^^^^^^^^^^^^^^^^^^^^
_duckdb.IOException: IO Error: Could not set lock on file "/opt/***/duckdb/firepoint.duckdb": Conflicting lock is held in /usr/local/bin/python3.11 (PID 1760). See also https://duckdb.org/docs/stable/connect/concurrency
[2026-04-14T17:12:41.443+0000] {taskinstance.py:1206} INFO - Marking task as UP_FOR_RETRY. dag_id=firepoint_etl, task_id=extract_json, run_id=manual__2026-04-14T17:10:36.005169+00:00, execution_date=20260414T171036, start_date=20260414T171240, end_date=20260414T171241
[2026-04-14T17:12:41.461+0000] {standard_task_runner.py:110} ERROR - Failed to execute job 23 for task extract_json (IO Error: Could not set lock on file "/opt/***/duckdb/firepoint.duckdb": Conflicting lock is held in /usr/local/bin/python3.11 (PID 1760). See also https://duckdb.org/docs/stable/connect/concurrency; 1758)
[2026-04-14T17:12:41.485+0000] {local_task_job_runner.py:243} INFO - Task exited with return code 1
[2026-04-14T17:12:41.505+0000] {local_task_job_runner.py:222} INFO - ::endgroup::
