[2026-04-14T17:14:43.513+0000] {local_task_job_runner.py:120} INFO - ::group::Pre task execution logs
[2026-04-14T17:14:43.562+0000] {taskinstance.py:2076} INFO - Dependencies all met for dep_context=non-requeueable deps ti=<TaskInstance: firepoint_etl.extract_json manual__2026-04-14T17:10:36.005169+00:00 [queued]>
[2026-04-14T17:14:43.573+0000] {taskinstance.py:2076} INFO - Dependencies all met for dep_context=requeueable deps ti=<TaskInstance: firepoint_etl.extract_json manual__2026-04-14T17:10:36.005169+00:00 [queued]>
[2026-04-14T17:14:43.575+0000] {taskinstance.py:2306} INFO - Starting attempt 3 of 3
[2026-04-14T17:14:43.594+0000] {taskinstance.py:2330} INFO - Executing <Task(_PythonDecoratedOperator): extract_json> on 2026-04-14 17:10:36.005169+00:00
[2026-04-14T17:14:43.606+0000] {standard_task_runner.py:64} INFO - Started process 1865 to run task
[2026-04-14T17:14:43.612+0000] {standard_task_runner.py:90} INFO - Running: ['***', 'tasks', 'run', 'firepoint_etl', 'extract_json', 'manual__2026-04-14T17:10:36.005169+00:00', '--job-id', '27', '--raw', '--subdir', 'DAGS_FOLDER/etl_dag.py', '--cfg-path', '/tmp/tmp0ntho5ya']
[2026-04-14T17:14:43.617+0000] {standard_task_runner.py:91} INFO - Job 27: Subtask extract_json
[2026-04-14T17:14:43.734+0000] {task_command.py:426} INFO - Running <TaskInstance: firepoint_etl.extract_json manual__2026-04-14T17:10:36.005169+00:00 [running]> on host 9c22045bc147
[2026-04-14T17:14:43.867+0000] {taskinstance.py:2648} INFO - Exporting env vars: AIRFLOW_CTX_DAG_OWNER='firepoint' AIRFLOW_CTX_DAG_ID='firepoint_etl' AIRFLOW_CTX_TASK_ID='extract_json' AIRFLOW_CTX_EXECUTION_DATE='2026-04-14T17:10:36.005169+00:00' AIRFLOW_CTX_TRY_NUMBER='3' AIRFLOW_CTX_DAG_RUN_ID='manual__2026-04-14T17:10:36.005169+00:00'
[2026-04-14T17:14:43.871+0000] {taskinstance.py:430} INFO - ::endgroup::
[2026-04-14T17:14:44.038+0000] {taskinstance.py:441} INFO - ::group::Post task execution logs
[2026-04-14T17:14:44.040+0000] {taskinstance.py:2905} ERROR - Task failed with exception
Traceback (most recent call last):
  File "/home/airflow/.local/lib/python3.11/site-packages/airflow/models/taskinstance.py", line 465, in _execute_task
    result = _execute_callable(context=context, **execute_callable_kwargs)
             ^^^^^^^^^^^^^^^^^^^^^^^^^^^^^^^^^^^^^^^^^^^^^^^^^^^^^^^^^^^^^
  File "/home/airflow/.local/lib/python3.11/site-packages/airflow/models/taskinstance.py", line 432, in _execute_callable
    return execute_callable(context=context, **execute_callable_kwargs)
           ^^^^^^^^^^^^^^^^^^^^^^^^^^^^^^^^^^^^^^^^^^^^^^^^^^^^^^^^^^^^
  File "/home/airflow/.local/lib/python3.11/site-packages/airflow/models/baseoperator.py", line 401, in wrapper
    return func(self, *args, **kwargs)
           ^^^^^^^^^^^^^^^^^^^^^^^^^^^
  File "/home/airflow/.local/lib/python3.11/site-packages/airflow/decorators/base.py", line 265, in execute
    return_value = super().execute(context)
                   ^^^^^^^^^^^^^^^^^^^^^^^^
  File "/home/airflow/.local/lib/python3.11/site-packages/airflow/models/baseoperator.py", line 401, in wrapper
    return func(self, *args, **kwargs)
           ^^^^^^^^^^^^^^^^^^^^^^^^^^^
  File "/home/airflow/.local/lib/python3.11/site-packages/airflow/operators/python.py", line 235, in execute
    return_value = self.execute_callable()
                   ^^^^^^^^^^^^^^^^^^^^^^^
  File "/home/airflow/.local/lib/python3.11/site-packages/airflow/operators/python.py", line 252, in execute_callable
    return self.python_callable(*self.op_args, **self.op_kwargs)
           ^^^^^^^^^^^^^^^^^^^^^^^^^^^^^^^^^^^^^^^^^^^^^^^^^^^^^
  File "/opt/airflow/dags/etl_dag.py", line 105, in extract_json
    conn_duck = duckdb.connect(DUCKDB_PATH)
                ^^^^^^^^^^^^^^^^^^^^^^^^^^^
_duckdb.IOException: IO Error: Could not set lock on file "/opt/***/duckdb/firepoint.duckdb": Conflicting lock is held in /usr/local/bin/python3.11 (PID 1866). See also https://duckdb.org/docs/stable/connect/concurrency
[2026-04-14T17:14:44.062+0000] {taskinstance.py:1206} INFO - Marking task as FAILED. dag_id=firepoint_etl, task_id=extract_json, run_id=manual__2026-04-14T17:10:36.005169+00:00, execution_date=20260414T171036, start_date=20260414T171443, end_date=20260414T171444
[2026-04-14T17:14:44.076+0000] {standard_task_runner.py:110} ERROR - Failed to execute job 27 for task extract_json (IO Error: Could not set lock on file "/opt/***/duckdb/firepoint.duckdb": Conflicting lock is held in /usr/local/bin/python3.11 (PID 1866). See also https://duckdb.org/docs/stable/connect/concurrency; 1865)
[2026-04-14T17:14:44.109+0000] {local_task_job_runner.py:243} INFO - Task exited with return code 1
[2026-04-14T17:14:44.139+0000] {taskinstance.py:3503} INFO - 0 downstream tasks scheduled from follow-on schedule check
[2026-04-14T17:14:44.143+0000] {local_task_job_runner.py:222} INFO - ::endgroup::
