[2026-04-14T17:04:14.450+0000] {local_task_job_runner.py:120} INFO - ::group::Pre task execution logs
[2026-04-14T17:04:14.494+0000] {taskinstance.py:2076} INFO - Dependencies all met for dep_context=non-requeueable deps ti=<TaskInstance: firepoint_etl.extract_json scheduled__2026-04-13T00:00:00+00:00 [queued]>
[2026-04-14T17:04:14.502+0000] {taskinstance.py:2076} INFO - Dependencies all met for dep_context=requeueable deps ti=<TaskInstance: firepoint_etl.extract_json scheduled__2026-04-13T00:00:00+00:00 [queued]>
[2026-04-14T17:04:14.503+0000] {taskinstance.py:2306} INFO - Starting attempt 2 of 2
[2026-04-14T17:04:14.521+0000] {taskinstance.py:2330} INFO - Executing <Task(_PythonDecoratedOperator): extract_json> on 2026-04-13 00:00:00+00:00
[2026-04-14T17:04:14.534+0000] {standard_task_runner.py:64} INFO - Started process 1264 to run task
[2026-04-14T17:04:14.535+0000] {standard_task_runner.py:90} INFO - Running: ['***', 'tasks', 'run', 'firepoint_etl', 'extract_json', 'scheduled__2026-04-13T00:00:00+00:00', '--job-id', '8', '--raw', '--subdir', 'DAGS_FOLDER/etl_dag.py', '--cfg-path', '/tmp/tmpcymv7_y5']
[2026-04-14T17:04:14.539+0000] {standard_task_runner.py:91} INFO - Job 8: Subtask extract_json
[2026-04-14T17:04:14.645+0000] {task_command.py:426} INFO - Running <TaskInstance: firepoint_etl.extract_json scheduled__2026-04-13T00:00:00+00:00 [running]> on host 9c22045bc147
[2026-04-14T17:04:14.771+0000] {taskinstance.py:2648} INFO - Exporting env vars: AIRFLOW_CTX_DAG_OWNER='firepoint' AIRFLOW_CTX_DAG_ID='firepoint_etl' AIRFLOW_CTX_TASK_ID='extract_json' AIRFLOW_CTX_EXECUTION_DATE='2026-04-13T00:00:00+00:00' AIRFLOW_CTX_TRY_NUMBER='2' AIRFLOW_CTX_DAG_RUN_ID='scheduled__2026-04-13T00:00:00+00:00'
[2026-04-14T17:04:14.773+0000] {taskinstance.py:430} INFO - ::endgroup::
[2026-04-14T17:04:15.123+0000] {logging_mixin.py:188} INFO -   raw.negotiations: 2016 rows
[2026-04-14T17:04:15.167+0000] {logging_mixin.py:188} INFO -   raw.negotiation_rounds: 6911 rows
[2026-04-14T17:04:15.358+0000] {logging_mixin.py:188} INFO - json extraction complete
[2026-04-14T17:04:15.363+0000] {python.py:237} INFO - Done. Returned value was: {'negotiations': 2016, 'rounds': 6911}
[2026-04-14T17:04:15.364+0000] {taskinstance.py:441} INFO - ::group::Post task execution logs
[2026-04-14T17:04:15.395+0000] {taskinstance.py:1206} INFO - Marking task as SUCCESS. dag_id=firepoint_etl, task_id=extract_json, run_id=scheduled__2026-04-13T00:00:00+00:00, execution_date=20260413T000000, start_date=20260414T170414, end_date=20260414T170415
[2026-04-14T17:04:15.434+0000] {local_task_job_runner.py:243} INFO - Task exited with return code 0
[2026-04-14T17:04:15.481+0000] {taskinstance.py:3503} INFO - 0 downstream tasks scheduled from follow-on schedule check
[2026-04-14T17:04:15.527+0000] {local_task_job_runner.py:222} INFO - ::endgroup::
