[2026-04-15T10:47:13.410+0000] {processor.py:161} INFO - Started process (PID=187) to work on /opt/airflow/dags/dbt_dag.py
[2026-04-15T10:47:13.412+0000] {processor.py:830} INFO - Processing file /opt/airflow/dags/dbt_dag.py for tasks to queue
[2026-04-15T10:47:13.416+0000] {logging_mixin.py:188} INFO - [2026-04-15T10:47:13.416+0000] {dagbag.py:545} INFO - Filling up the DagBag from /opt/airflow/dags/dbt_dag.py
[2026-04-15T10:47:13.472+0000] {processor.py:840} INFO - DAG(s) 'firepoint_dbt_daily', 'firepoint_dbt_hourly' retrieved from /opt/airflow/dags/dbt_dag.py
[2026-04-15T10:47:13.545+0000] {logging_mixin.py:188} INFO - [2026-04-15T10:47:13.544+0000] {dag.py:3089} INFO - Sync 2 DAGs
[2026-04-15T10:47:13.592+0000] {logging_mixin.py:188} INFO - [2026-04-15T10:47:13.592+0000] {dag.py:3947} INFO - Setting next_dagrun for firepoint_dbt_daily to 2026-04-15 00:00:00+00:00, run_after=2026-04-16 00:00:00+00:00
[2026-04-15T10:47:13.604+0000] {logging_mixin.py:188} INFO - [2026-04-15T10:47:13.603+0000] {dag.py:3947} INFO - Setting next_dagrun for firepoint_dbt_hourly to 2026-04-15 10:00:00+00:00, run_after=2026-04-15 11:00:00+00:00
[2026-04-15T10:47:13.635+0000] {processor.py:183} INFO - Processing /opt/airflow/dags/dbt_dag.py took 0.241 seconds
[2026-04-15T10:47:44.173+0000] {processor.py:161} INFO - Started process (PID=275) to work on /opt/airflow/dags/dbt_dag.py
[2026-04-15T10:47:44.180+0000] {processor.py:830} INFO - Processing file /opt/airflow/dags/dbt_dag.py for tasks to queue
[2026-04-15T10:47:44.183+0000] {logging_mixin.py:188} INFO - [2026-04-15T10:47:44.183+0000] {dagbag.py:545} INFO - Filling up the DagBag from /opt/airflow/dags/dbt_dag.py
[2026-04-15T10:47:44.223+0000] {processor.py:840} INFO - DAG(s) 'firepoint_dbt_daily', 'firepoint_dbt_hourly' retrieved from /opt/airflow/dags/dbt_dag.py
[2026-04-15T10:47:44.457+0000] {logging_mixin.py:188} INFO - [2026-04-15T10:47:44.457+0000] {dag.py:3089} INFO - Sync 2 DAGs
[2026-04-15T10:47:44.472+0000] {logging_mixin.py:188} INFO - [2026-04-15T10:47:44.472+0000] {dag.py:3947} INFO - Setting next_dagrun for firepoint_dbt_daily to 2026-04-15 00:00:00+00:00, run_after=2026-04-16 00:00:00+00:00
[2026-04-15T10:47:44.477+0000] {logging_mixin.py:188} INFO - [2026-04-15T10:47:44.477+0000] {dag.py:3947} INFO - Setting next_dagrun for firepoint_dbt_hourly to 2026-04-15 10:00:00+00:00, run_after=2026-04-15 11:00:00+00:00
[2026-04-15T10:47:44.519+0000] {processor.py:183} INFO - Processing /opt/airflow/dags/dbt_dag.py took 0.354 seconds
[2026-04-15T10:48:14.676+0000] {processor.py:161} INFO - Started process (PID=293) to work on /opt/airflow/dags/dbt_dag.py
[2026-04-15T10:48:14.678+0000] {processor.py:830} INFO - Processing file /opt/airflow/dags/dbt_dag.py for tasks to queue
[2026-04-15T10:48:14.688+0000] {logging_mixin.py:188} INFO - [2026-04-15T10:48:14.687+0000] {dagbag.py:545} INFO - Filling up the DagBag from /opt/airflow/dags/dbt_dag.py
[2026-04-15T10:48:14.735+0000] {processor.py:840} INFO - DAG(s) 'firepoint_dbt_hourly', 'firepoint_dbt_daily' retrieved from /opt/airflow/dags/dbt_dag.py
[2026-04-15T10:48:14.842+0000] {logging_mixin.py:188} INFO - [2026-04-15T10:48:14.842+0000] {dag.py:3089} INFO - Sync 2 DAGs
[2026-04-15T10:48:14.912+0000] {logging_mixin.py:188} INFO - [2026-04-15T10:48:14.911+0000] {dag.py:3947} INFO - Setting next_dagrun for firepoint_dbt_daily to 2026-04-15 00:00:00+00:00, run_after=2026-04-16 00:00:00+00:00
[2026-04-15T10:48:14.931+0000] {logging_mixin.py:188} INFO - [2026-04-15T10:48:14.931+0000] {dag.py:3947} INFO - Setting next_dagrun for firepoint_dbt_hourly to 2026-04-15 10:00:00+00:00, run_after=2026-04-15 11:00:00+00:00
[2026-04-15T10:48:14.984+0000] {processor.py:183} INFO - Processing /opt/airflow/dags/dbt_dag.py took 0.329 seconds
[2026-04-15T10:48:45.254+0000] {processor.py:161} INFO - Started process (PID=311) to work on /opt/airflow/dags/dbt_dag.py
[2026-04-15T10:48:45.257+0000] {processor.py:830} INFO - Processing file /opt/airflow/dags/dbt_dag.py for tasks to queue
[2026-04-15T10:48:45.260+0000] {logging_mixin.py:188} INFO - [2026-04-15T10:48:45.259+0000] {dagbag.py:545} INFO - Filling up the DagBag from /opt/airflow/dags/dbt_dag.py
[2026-04-15T10:48:45.299+0000] {processor.py:840} INFO - DAG(s) 'firepoint_dbt_hourly', 'firepoint_dbt_daily' retrieved from /opt/airflow/dags/dbt_dag.py
[2026-04-15T10:48:45.352+0000] {logging_mixin.py:188} INFO - [2026-04-15T10:48:45.351+0000] {dag.py:3089} INFO - Sync 2 DAGs
[2026-04-15T10:48:45.399+0000] {logging_mixin.py:188} INFO - [2026-04-15T10:48:45.398+0000] {dag.py:3947} INFO - Setting next_dagrun for firepoint_dbt_daily to 2026-04-15 00:00:00+00:00, run_after=2026-04-16 00:00:00+00:00
[2026-04-15T10:48:45.413+0000] {logging_mixin.py:188} INFO - [2026-04-15T10:48:45.413+0000] {dag.py:3947} INFO - Setting next_dagrun for firepoint_dbt_hourly to 2026-04-15 10:00:00+00:00, run_after=2026-04-15 11:00:00+00:00
[2026-04-15T10:48:45.681+0000] {processor.py:183} INFO - Processing /opt/airflow/dags/dbt_dag.py took 0.435 seconds
[2026-04-15T10:49:16.096+0000] {processor.py:161} INFO - Started process (PID=329) to work on /opt/airflow/dags/dbt_dag.py
[2026-04-15T10:49:16.098+0000] {processor.py:830} INFO - Processing file /opt/airflow/dags/dbt_dag.py for tasks to queue
[2026-04-15T10:49:16.101+0000] {logging_mixin.py:188} INFO - [2026-04-15T10:49:16.101+0000] {dagbag.py:545} INFO - Filling up the DagBag from /opt/airflow/dags/dbt_dag.py
[2026-04-15T10:49:16.147+0000] {processor.py:840} INFO - DAG(s) 'firepoint_dbt_daily', 'firepoint_dbt_hourly' retrieved from /opt/airflow/dags/dbt_dag.py
[2026-04-15T10:49:16.179+0000] {logging_mixin.py:188} INFO - [2026-04-15T10:49:16.179+0000] {dag.py:3089} INFO - Sync 2 DAGs
[2026-04-15T10:49:16.357+0000] {logging_mixin.py:188} INFO - [2026-04-15T10:49:16.357+0000] {dag.py:3947} INFO - Setting next_dagrun for firepoint_dbt_daily to 2026-04-15 00:00:00+00:00, run_after=2026-04-16 00:00:00+00:00
[2026-04-15T10:49:16.364+0000] {logging_mixin.py:188} INFO - [2026-04-15T10:49:16.364+0000] {dag.py:3947} INFO - Setting next_dagrun for firepoint_dbt_hourly to 2026-04-15 10:00:00+00:00, run_after=2026-04-15 11:00:00+00:00
[2026-04-15T10:49:16.384+0000] {processor.py:183} INFO - Processing /opt/airflow/dags/dbt_dag.py took 0.294 seconds
[2026-04-15T10:49:46.641+0000] {processor.py:161} INFO - Started process (PID=347) to work on /opt/airflow/dags/dbt_dag.py
[2026-04-15T10:49:46.644+0000] {processor.py:830} INFO - Processing file /opt/airflow/dags/dbt_dag.py for tasks to queue
[2026-04-15T10:49:46.647+0000] {logging_mixin.py:188} INFO - [2026-04-15T10:49:46.646+0000] {dagbag.py:545} INFO - Filling up the DagBag from /opt/airflow/dags/dbt_dag.py
[2026-04-15T10:49:46.694+0000] {processor.py:840} INFO - DAG(s) 'firepoint_dbt_daily', 'firepoint_dbt_hourly' retrieved from /opt/airflow/dags/dbt_dag.py
[2026-04-15T10:49:46.907+0000] {logging_mixin.py:188} INFO - [2026-04-15T10:49:46.907+0000] {dag.py:3089} INFO - Sync 2 DAGs
[2026-04-15T10:49:46.929+0000] {logging_mixin.py:188} INFO - [2026-04-15T10:49:46.929+0000] {dag.py:3947} INFO - Setting next_dagrun for firepoint_dbt_daily to 2026-04-15 00:00:00+00:00, run_after=2026-04-16 00:00:00+00:00
[2026-04-15T10:49:46.936+0000] {logging_mixin.py:188} INFO - [2026-04-15T10:49:46.936+0000] {dag.py:3947} INFO - Setting next_dagrun for firepoint_dbt_hourly to 2026-04-15 10:00:00+00:00, run_after=2026-04-15 11:00:00+00:00
[2026-04-15T10:49:46.959+0000] {processor.py:183} INFO - Processing /opt/airflow/dags/dbt_dag.py took 0.326 seconds
[2026-04-15T10:50:17.387+0000] {processor.py:161} INFO - Started process (PID=365) to work on /opt/airflow/dags/dbt_dag.py
[2026-04-15T10:50:17.389+0000] {processor.py:830} INFO - Processing file /opt/airflow/dags/dbt_dag.py for tasks to queue
[2026-04-15T10:50:17.392+0000] {logging_mixin.py:188} INFO - [2026-04-15T10:50:17.392+0000] {dagbag.py:545} INFO - Filling up the DagBag from /opt/airflow/dags/dbt_dag.py
[2026-04-15T10:50:17.446+0000] {processor.py:840} INFO - DAG(s) 'firepoint_dbt_hourly', 'firepoint_dbt_daily' retrieved from /opt/airflow/dags/dbt_dag.py
[2026-04-15T10:50:17.496+0000] {logging_mixin.py:188} INFO - [2026-04-15T10:50:17.496+0000] {dag.py:3089} INFO - Sync 2 DAGs
[2026-04-15T10:50:17.527+0000] {logging_mixin.py:188} INFO - [2026-04-15T10:50:17.527+0000] {dag.py:3947} INFO - Setting next_dagrun for firepoint_dbt_daily to 2026-04-15 00:00:00+00:00, run_after=2026-04-16 00:00:00+00:00
[2026-04-15T10:50:17.533+0000] {logging_mixin.py:188} INFO - [2026-04-15T10:50:17.532+0000] {dag.py:3947} INFO - Setting next_dagrun for firepoint_dbt_hourly to 2026-04-15 10:00:00+00:00, run_after=2026-04-15 11:00:00+00:00
[2026-04-15T10:50:17.561+0000] {processor.py:183} INFO - Processing /opt/airflow/dags/dbt_dag.py took 0.183 seconds
[2026-04-15T10:50:47.979+0000] {processor.py:161} INFO - Started process (PID=391) to work on /opt/airflow/dags/dbt_dag.py
[2026-04-15T10:50:47.981+0000] {processor.py:830} INFO - Processing file /opt/airflow/dags/dbt_dag.py for tasks to queue
[2026-04-15T10:50:47.987+0000] {logging_mixin.py:188} INFO - [2026-04-15T10:50:47.986+0000] {dagbag.py:545} INFO - Filling up the DagBag from /opt/airflow/dags/dbt_dag.py
[2026-04-15T10:50:48.037+0000] {processor.py:840} INFO - DAG(s) 'firepoint_dbt_daily', 'firepoint_dbt_hourly' retrieved from /opt/airflow/dags/dbt_dag.py
[2026-04-15T10:50:48.079+0000] {logging_mixin.py:188} INFO - [2026-04-15T10:50:48.079+0000] {dag.py:3089} INFO - Sync 2 DAGs
[2026-04-15T10:50:48.107+0000] {logging_mixin.py:188} INFO - [2026-04-15T10:50:48.107+0000] {dag.py:3947} INFO - Setting next_dagrun for firepoint_dbt_daily to 2026-04-15 00:00:00+00:00, run_after=2026-04-16 00:00:00+00:00
[2026-04-15T10:50:48.115+0000] {logging_mixin.py:188} INFO - [2026-04-15T10:50:48.115+0000] {dag.py:3947} INFO - Setting next_dagrun for firepoint_dbt_hourly to 2026-04-15 10:00:00+00:00, run_after=2026-04-15 11:00:00+00:00
[2026-04-15T10:50:48.147+0000] {processor.py:183} INFO - Processing /opt/airflow/dags/dbt_dag.py took 0.178 seconds
[2026-04-15T10:51:18.573+0000] {processor.py:161} INFO - Started process (PID=409) to work on /opt/airflow/dags/dbt_dag.py
[2026-04-15T10:51:18.574+0000] {processor.py:830} INFO - Processing file /opt/airflow/dags/dbt_dag.py for tasks to queue
[2026-04-15T10:51:18.578+0000] {logging_mixin.py:188} INFO - [2026-04-15T10:51:18.577+0000] {dagbag.py:545} INFO - Filling up the DagBag from /opt/airflow/dags/dbt_dag.py
[2026-04-15T10:51:18.627+0000] {processor.py:840} INFO - DAG(s) 'firepoint_dbt_hourly', 'firepoint_dbt_daily' retrieved from /opt/airflow/dags/dbt_dag.py
[2026-04-15T10:51:18.667+0000] {logging_mixin.py:188} INFO - [2026-04-15T10:51:18.667+0000] {dag.py:3089} INFO - Sync 2 DAGs
[2026-04-15T10:51:18.690+0000] {logging_mixin.py:188} INFO - [2026-04-15T10:51:18.690+0000] {dag.py:3947} INFO - Setting next_dagrun for firepoint_dbt_daily to 2026-04-15 00:00:00+00:00, run_after=2026-04-16 00:00:00+00:00
[2026-04-15T10:51:18.696+0000] {logging_mixin.py:188} INFO - [2026-04-15T10:51:18.696+0000] {dag.py:3947} INFO - Setting next_dagrun for firepoint_dbt_hourly to 2026-04-15 10:00:00+00:00, run_after=2026-04-15 11:00:00+00:00
[2026-04-15T10:51:18.719+0000] {processor.py:183} INFO - Processing /opt/airflow/dags/dbt_dag.py took 0.153 seconds
[2026-04-15T10:51:49.045+0000] {processor.py:161} INFO - Started process (PID=431) to work on /opt/airflow/dags/dbt_dag.py
[2026-04-15T10:51:49.046+0000] {processor.py:830} INFO - Processing file /opt/airflow/dags/dbt_dag.py for tasks to queue
[2026-04-15T10:51:49.049+0000] {logging_mixin.py:188} INFO - [2026-04-15T10:51:49.048+0000] {dagbag.py:545} INFO - Filling up the DagBag from /opt/airflow/dags/dbt_dag.py
[2026-04-15T10:51:49.093+0000] {processor.py:840} INFO - DAG(s) 'firepoint_dbt_hourly', 'firepoint_dbt_daily' retrieved from /opt/airflow/dags/dbt_dag.py
[2026-04-15T10:51:49.134+0000] {logging_mixin.py:188} INFO - [2026-04-15T10:51:49.134+0000] {dag.py:3089} INFO - Sync 2 DAGs
[2026-04-15T10:51:49.157+0000] {logging_mixin.py:188} INFO - [2026-04-15T10:51:49.157+0000] {dag.py:3947} INFO - Setting next_dagrun for firepoint_dbt_daily to 2026-04-15 00:00:00+00:00, run_after=2026-04-16 00:00:00+00:00
[2026-04-15T10:51:49.163+0000] {logging_mixin.py:188} INFO - [2026-04-15T10:51:49.163+0000] {dag.py:3947} INFO - Setting next_dagrun for firepoint_dbt_hourly to 2026-04-15 10:00:00+00:00, run_after=2026-04-15 11:00:00+00:00
[2026-04-15T10:51:49.189+0000] {processor.py:183} INFO - Processing /opt/airflow/dags/dbt_dag.py took 0.151 seconds
[2026-04-15T10:52:19.374+0000] {processor.py:161} INFO - Started process (PID=453) to work on /opt/airflow/dags/dbt_dag.py
[2026-04-15T10:52:19.376+0000] {processor.py:830} INFO - Processing file /opt/airflow/dags/dbt_dag.py for tasks to queue
[2026-04-15T10:52:19.378+0000] {logging_mixin.py:188} INFO - [2026-04-15T10:52:19.378+0000] {dagbag.py:545} INFO - Filling up the DagBag from /opt/airflow/dags/dbt_dag.py
[2026-04-15T10:52:19.429+0000] {processor.py:840} INFO - DAG(s) 'firepoint_dbt_hourly', 'firepoint_dbt_daily' retrieved from /opt/airflow/dags/dbt_dag.py
[2026-04-15T10:52:19.469+0000] {logging_mixin.py:188} INFO - [2026-04-15T10:52:19.468+0000] {dag.py:3089} INFO - Sync 2 DAGs
[2026-04-15T10:52:19.494+0000] {logging_mixin.py:188} INFO - [2026-04-15T10:52:19.494+0000] {dag.py:3947} INFO - Setting next_dagrun for firepoint_dbt_daily to 2026-04-15 00:00:00+00:00, run_after=2026-04-16 00:00:00+00:00
[2026-04-15T10:52:19.499+0000] {logging_mixin.py:188} INFO - [2026-04-15T10:52:19.499+0000] {dag.py:3947} INFO - Setting next_dagrun for firepoint_dbt_hourly to 2026-04-15 10:00:00+00:00, run_after=2026-04-15 11:00:00+00:00
[2026-04-15T10:52:19.525+0000] {processor.py:183} INFO - Processing /opt/airflow/dags/dbt_dag.py took 0.160 seconds
[2026-04-15T10:52:49.661+0000] {processor.py:161} INFO - Started process (PID=471) to work on /opt/airflow/dags/dbt_dag.py
[2026-04-15T10:52:49.664+0000] {processor.py:830} INFO - Processing file /opt/airflow/dags/dbt_dag.py for tasks to queue
[2026-04-15T10:52:49.667+0000] {logging_mixin.py:188} INFO - [2026-04-15T10:52:49.667+0000] {dagbag.py:545} INFO - Filling up the DagBag from /opt/airflow/dags/dbt_dag.py
[2026-04-15T10:52:49.721+0000] {processor.py:840} INFO - DAG(s) 'firepoint_dbt_daily', 'firepoint_dbt_hourly' retrieved from /opt/airflow/dags/dbt_dag.py
[2026-04-15T10:52:49.768+0000] {logging_mixin.py:188} INFO - [2026-04-15T10:52:49.768+0000] {dag.py:3089} INFO - Sync 2 DAGs
[2026-04-15T10:52:49.801+0000] {logging_mixin.py:188} INFO - [2026-04-15T10:52:49.800+0000] {dag.py:3947} INFO - Setting next_dagrun for firepoint_dbt_daily to 2026-04-15 00:00:00+00:00, run_after=2026-04-16 00:00:00+00:00
[2026-04-15T10:52:49.809+0000] {logging_mixin.py:188} INFO - [2026-04-15T10:52:49.808+0000] {dag.py:3947} INFO - Setting next_dagrun for firepoint_dbt_hourly to 2026-04-15 10:00:00+00:00, run_after=2026-04-15 11:00:00+00:00
[2026-04-15T10:52:49.834+0000] {processor.py:183} INFO - Processing /opt/airflow/dags/dbt_dag.py took 0.184 seconds
[2026-04-15T10:53:01.093+0000] {processor.py:161} INFO - Started process (PID=476) to work on /opt/airflow/dags/dbt_dag.py
[2026-04-15T10:53:01.095+0000] {processor.py:830} INFO - Processing file /opt/airflow/dags/dbt_dag.py for tasks to queue
[2026-04-15T10:53:01.097+0000] {logging_mixin.py:188} INFO - [2026-04-15T10:53:01.097+0000] {dagbag.py:545} INFO - Filling up the DagBag from /opt/airflow/dags/dbt_dag.py
[2026-04-15T10:53:01.166+0000] {processor.py:840} INFO - DAG(s) 'firepoint_dbt_hourly', 'firepoint_dbt_daily' retrieved from /opt/airflow/dags/dbt_dag.py
[2026-04-15T10:53:01.214+0000] {logging_mixin.py:188} INFO - [2026-04-15T10:53:01.214+0000] {dag.py:3089} INFO - Sync 2 DAGs
[2026-04-15T10:53:01.245+0000] {logging_mixin.py:188} INFO - [2026-04-15T10:53:01.245+0000] {dag.py:3947} INFO - Setting next_dagrun for firepoint_dbt_daily to 2026-04-15 00:00:00+00:00, run_after=2026-04-16 00:00:00+00:00
[2026-04-15T10:53:01.253+0000] {logging_mixin.py:188} INFO - [2026-04-15T10:53:01.253+0000] {dag.py:3947} INFO - Setting next_dagrun for firepoint_dbt_hourly to 2026-04-15 10:00:00+00:00, run_after=2026-04-15 11:00:00+00:00
[2026-04-15T10:53:01.286+0000] {processor.py:183} INFO - Processing /opt/airflow/dags/dbt_dag.py took 0.200 seconds
[2026-04-15T10:53:31.383+0000] {processor.py:161} INFO - Started process (PID=497) to work on /opt/airflow/dags/dbt_dag.py
[2026-04-15T10:53:31.385+0000] {processor.py:830} INFO - Processing file /opt/airflow/dags/dbt_dag.py for tasks to queue
[2026-04-15T10:53:31.389+0000] {logging_mixin.py:188} INFO - [2026-04-15T10:53:31.388+0000] {dagbag.py:545} INFO - Filling up the DagBag from /opt/airflow/dags/dbt_dag.py
[2026-04-15T10:53:31.439+0000] {processor.py:840} INFO - DAG(s) 'firepoint_dbt_daily', 'firepoint_dbt_hourly' retrieved from /opt/airflow/dags/dbt_dag.py
[2026-04-15T10:53:31.482+0000] {logging_mixin.py:188} INFO - [2026-04-15T10:53:31.482+0000] {dag.py:3089} INFO - Sync 2 DAGs
[2026-04-15T10:53:31.517+0000] {logging_mixin.py:188} INFO - [2026-04-15T10:53:31.517+0000] {dag.py:3947} INFO - Setting next_dagrun for firepoint_dbt_daily to 2026-04-15 00:00:00+00:00, run_after=2026-04-16 00:00:00+00:00
[2026-04-15T10:53:31.524+0000] {logging_mixin.py:188} INFO - [2026-04-15T10:53:31.524+0000] {dag.py:3947} INFO - Setting next_dagrun for firepoint_dbt_hourly to 2026-04-15 10:00:00+00:00, run_after=2026-04-15 11:00:00+00:00
[2026-04-15T10:53:31.549+0000] {processor.py:183} INFO - Processing /opt/airflow/dags/dbt_dag.py took 0.173 seconds
[2026-04-15T10:54:01.914+0000] {processor.py:161} INFO - Started process (PID=515) to work on /opt/airflow/dags/dbt_dag.py
[2026-04-15T10:54:01.916+0000] {processor.py:830} INFO - Processing file /opt/airflow/dags/dbt_dag.py for tasks to queue
[2026-04-15T10:54:01.918+0000] {logging_mixin.py:188} INFO - [2026-04-15T10:54:01.918+0000] {dagbag.py:545} INFO - Filling up the DagBag from /opt/airflow/dags/dbt_dag.py
[2026-04-15T10:54:01.956+0000] {processor.py:840} INFO - DAG(s) 'firepoint_dbt_hourly', 'firepoint_dbt_daily' retrieved from /opt/airflow/dags/dbt_dag.py
[2026-04-15T10:54:01.994+0000] {logging_mixin.py:188} INFO - [2026-04-15T10:54:01.994+0000] {dag.py:3089} INFO - Sync 2 DAGs
[2026-04-15T10:54:02.018+0000] {logging_mixin.py:188} INFO - [2026-04-15T10:54:02.017+0000] {dag.py:3947} INFO - Setting next_dagrun for firepoint_dbt_daily to 2026-04-15 00:00:00+00:00, run_after=2026-04-16 00:00:00+00:00
[2026-04-15T10:54:02.023+0000] {logging_mixin.py:188} INFO - [2026-04-15T10:54:02.023+0000] {dag.py:3947} INFO - Setting next_dagrun for firepoint_dbt_hourly to 2026-04-15 10:00:00+00:00, run_after=2026-04-15 11:00:00+00:00
[2026-04-15T10:54:02.045+0000] {processor.py:183} INFO - Processing /opt/airflow/dags/dbt_dag.py took 0.138 seconds
[2026-04-15T10:54:32.418+0000] {processor.py:161} INFO - Started process (PID=533) to work on /opt/airflow/dags/dbt_dag.py
[2026-04-15T10:54:32.420+0000] {processor.py:830} INFO - Processing file /opt/airflow/dags/dbt_dag.py for tasks to queue
[2026-04-15T10:54:32.422+0000] {logging_mixin.py:188} INFO - [2026-04-15T10:54:32.422+0000] {dagbag.py:545} INFO - Filling up the DagBag from /opt/airflow/dags/dbt_dag.py
[2026-04-15T10:54:32.454+0000] {processor.py:840} INFO - DAG(s) 'firepoint_dbt_daily', 'firepoint_dbt_hourly' retrieved from /opt/airflow/dags/dbt_dag.py
[2026-04-15T10:54:32.489+0000] {logging_mixin.py:188} INFO - [2026-04-15T10:54:32.489+0000] {dag.py:3089} INFO - Sync 2 DAGs
[2026-04-15T10:54:32.518+0000] {logging_mixin.py:188} INFO - [2026-04-15T10:54:32.518+0000] {dag.py:3947} INFO - Setting next_dagrun for firepoint_dbt_daily to 2026-04-15 00:00:00+00:00, run_after=2026-04-16 00:00:00+00:00
[2026-04-15T10:54:32.525+0000] {logging_mixin.py:188} INFO - [2026-04-15T10:54:32.524+0000] {dag.py:3947} INFO - Setting next_dagrun for firepoint_dbt_hourly to 2026-04-15 10:00:00+00:00, run_after=2026-04-15 11:00:00+00:00
[2026-04-15T10:54:32.553+0000] {processor.py:183} INFO - Processing /opt/airflow/dags/dbt_dag.py took 0.144 seconds
[2026-04-15T10:55:02.965+0000] {processor.py:161} INFO - Started process (PID=554) to work on /opt/airflow/dags/dbt_dag.py
[2026-04-15T10:55:02.968+0000] {processor.py:830} INFO - Processing file /opt/airflow/dags/dbt_dag.py for tasks to queue
[2026-04-15T10:55:02.971+0000] {logging_mixin.py:188} INFO - [2026-04-15T10:55:02.970+0000] {dagbag.py:545} INFO - Filling up the DagBag from /opt/airflow/dags/dbt_dag.py
[2026-04-15T10:55:03.015+0000] {processor.py:840} INFO - DAG(s) 'firepoint_dbt_daily', 'firepoint_dbt_hourly' retrieved from /opt/airflow/dags/dbt_dag.py
[2026-04-15T10:55:03.057+0000] {logging_mixin.py:188} INFO - [2026-04-15T10:55:03.057+0000] {dag.py:3089} INFO - Sync 2 DAGs
[2026-04-15T10:55:03.082+0000] {logging_mixin.py:188} INFO - [2026-04-15T10:55:03.082+0000] {dag.py:3947} INFO - Setting next_dagrun for firepoint_dbt_daily to 2026-04-15 00:00:00+00:00, run_after=2026-04-16 00:00:00+00:00
[2026-04-15T10:55:03.088+0000] {logging_mixin.py:188} INFO - [2026-04-15T10:55:03.088+0000] {dag.py:3947} INFO - Setting next_dagrun for firepoint_dbt_hourly to 2026-04-15 10:00:00+00:00, run_after=2026-04-15 11:00:00+00:00
[2026-04-15T10:55:03.113+0000] {processor.py:183} INFO - Processing /opt/airflow/dags/dbt_dag.py took 0.157 seconds
[2026-04-15T10:55:27.878+0000] {processor.py:161} INFO - Started process (PID=575) to work on /opt/airflow/dags/dbt_dag.py
[2026-04-15T10:55:27.880+0000] {processor.py:830} INFO - Processing file /opt/airflow/dags/dbt_dag.py for tasks to queue
[2026-04-15T10:55:27.885+0000] {logging_mixin.py:188} INFO - [2026-04-15T10:55:27.884+0000] {dagbag.py:545} INFO - Filling up the DagBag from /opt/airflow/dags/dbt_dag.py
[2026-04-15T10:55:27.971+0000] {processor.py:840} INFO - DAG(s) 'firepoint_dbt_daily', 'firepoint_dbt_hourly' retrieved from /opt/airflow/dags/dbt_dag.py
[2026-04-15T10:55:28.019+0000] {logging_mixin.py:188} INFO - [2026-04-15T10:55:28.019+0000] {dag.py:3089} INFO - Sync 2 DAGs
[2026-04-15T10:55:28.076+0000] {logging_mixin.py:188} INFO - [2026-04-15T10:55:28.075+0000] {dag.py:3947} INFO - Setting next_dagrun for firepoint_dbt_daily to 2026-04-15 00:00:00+00:00, run_after=2026-04-16 00:00:00+00:00
[2026-04-15T10:55:28.090+0000] {logging_mixin.py:188} INFO - [2026-04-15T10:55:28.089+0000] {dag.py:3947} INFO - Setting next_dagrun for firepoint_dbt_hourly to 2026-04-15 10:00:00+00:00, run_after=2026-04-15 11:00:00+00:00
[2026-04-15T10:55:28.163+0000] {processor.py:183} INFO - Processing /opt/airflow/dags/dbt_dag.py took 0.294 seconds
[2026-04-15T10:55:58.545+0000] {processor.py:161} INFO - Started process (PID=596) to work on /opt/airflow/dags/dbt_dag.py
[2026-04-15T10:55:58.547+0000] {processor.py:830} INFO - Processing file /opt/airflow/dags/dbt_dag.py for tasks to queue
[2026-04-15T10:55:58.550+0000] {logging_mixin.py:188} INFO - [2026-04-15T10:55:58.549+0000] {dagbag.py:545} INFO - Filling up the DagBag from /opt/airflow/dags/dbt_dag.py
[2026-04-15T10:55:58.581+0000] {processor.py:840} INFO - DAG(s) 'firepoint_dbt_hourly', 'firepoint_dbt_daily' retrieved from /opt/airflow/dags/dbt_dag.py
[2026-04-15T10:55:58.620+0000] {logging_mixin.py:188} INFO - [2026-04-15T10:55:58.620+0000] {dag.py:3089} INFO - Sync 2 DAGs
[2026-04-15T10:55:58.654+0000] {logging_mixin.py:188} INFO - [2026-04-15T10:55:58.654+0000] {dag.py:3947} INFO - Setting next_dagrun for firepoint_dbt_daily to 2026-04-15 00:00:00+00:00, run_after=2026-04-16 00:00:00+00:00
[2026-04-15T10:55:58.660+0000] {logging_mixin.py:188} INFO - [2026-04-15T10:55:58.660+0000] {dag.py:3947} INFO - Setting next_dagrun for firepoint_dbt_hourly to 2026-04-15 10:00:00+00:00, run_after=2026-04-15 11:00:00+00:00
[2026-04-15T10:55:58.710+0000] {processor.py:183} INFO - Processing /opt/airflow/dags/dbt_dag.py took 0.172 seconds
[2026-04-15T10:56:37.150+0000] {processor.py:161} INFO - Started process (PID=180) to work on /opt/airflow/dags/dbt_dag.py
[2026-04-15T10:56:37.151+0000] {processor.py:830} INFO - Processing file /opt/airflow/dags/dbt_dag.py for tasks to queue
[2026-04-15T10:56:37.153+0000] {logging_mixin.py:188} INFO - [2026-04-15T10:56:37.153+0000] {dagbag.py:545} INFO - Filling up the DagBag from /opt/airflow/dags/dbt_dag.py
[2026-04-15T10:56:37.192+0000] {processor.py:840} INFO - DAG(s) 'firepoint_dbt_daily', 'firepoint_dbt_hourly' retrieved from /opt/airflow/dags/dbt_dag.py
[2026-04-15T10:56:37.237+0000] {logging_mixin.py:188} INFO - [2026-04-15T10:56:37.237+0000] {dag.py:3089} INFO - Sync 2 DAGs
[2026-04-15T10:56:37.285+0000] {logging_mixin.py:188} INFO - [2026-04-15T10:56:37.285+0000] {dag.py:3947} INFO - Setting next_dagrun for firepoint_dbt_daily to 2026-04-15 00:00:00+00:00, run_after=2026-04-16 00:00:00+00:00
[2026-04-15T10:56:37.293+0000] {logging_mixin.py:188} INFO - [2026-04-15T10:56:37.293+0000] {dag.py:3947} INFO - Setting next_dagrun for firepoint_dbt_hourly to 2026-04-15 10:00:00+00:00, run_after=2026-04-15 11:00:00+00:00
[2026-04-15T10:56:37.314+0000] {processor.py:183} INFO - Processing /opt/airflow/dags/dbt_dag.py took 0.172 seconds
[2026-04-15T10:57:07.556+0000] {processor.py:161} INFO - Started process (PID=202) to work on /opt/airflow/dags/dbt_dag.py
[2026-04-15T10:57:07.557+0000] {processor.py:830} INFO - Processing file /opt/airflow/dags/dbt_dag.py for tasks to queue
[2026-04-15T10:57:07.565+0000] {logging_mixin.py:188} INFO - [2026-04-15T10:57:07.564+0000] {dagbag.py:545} INFO - Filling up the DagBag from /opt/airflow/dags/dbt_dag.py
[2026-04-15T10:57:07.605+0000] {processor.py:840} INFO - DAG(s) 'firepoint_dbt_hourly', 'firepoint_dbt_daily' retrieved from /opt/airflow/dags/dbt_dag.py
[2026-04-15T10:57:08.089+0000] {logging_mixin.py:188} INFO - [2026-04-15T10:57:08.089+0000] {dag.py:3089} INFO - Sync 2 DAGs
[2026-04-15T10:57:08.111+0000] {logging_mixin.py:188} INFO - [2026-04-15T10:57:08.111+0000] {dag.py:3947} INFO - Setting next_dagrun for firepoint_dbt_daily to 2026-04-15 00:00:00+00:00, run_after=2026-04-16 00:00:00+00:00
[2026-04-15T10:57:08.119+0000] {logging_mixin.py:188} INFO - [2026-04-15T10:57:08.119+0000] {dag.py:3947} INFO - Setting next_dagrun for firepoint_dbt_hourly to 2026-04-15 10:00:00+00:00, run_after=2026-04-15 11:00:00+00:00
[2026-04-15T10:57:08.146+0000] {processor.py:183} INFO - Processing /opt/airflow/dags/dbt_dag.py took 0.601 seconds
[2026-04-15T10:58:02.726+0000] {processor.py:161} INFO - Started process (PID=185) to work on /opt/airflow/dags/dbt_dag.py
[2026-04-15T10:58:02.728+0000] {processor.py:830} INFO - Processing file /opt/airflow/dags/dbt_dag.py for tasks to queue
[2026-04-15T10:58:02.731+0000] {logging_mixin.py:188} INFO - [2026-04-15T10:58:02.730+0000] {dagbag.py:545} INFO - Filling up the DagBag from /opt/airflow/dags/dbt_dag.py
[2026-04-15T10:58:02.760+0000] {processor.py:840} INFO - DAG(s) 'firepoint_dbt_hourly', 'firepoint_dbt_daily' retrieved from /opt/airflow/dags/dbt_dag.py
[2026-04-15T10:58:02.810+0000] {logging_mixin.py:188} INFO - [2026-04-15T10:58:02.809+0000] {dag.py:3089} INFO - Sync 2 DAGs
[2026-04-15T10:58:02.873+0000] {logging_mixin.py:188} INFO - [2026-04-15T10:58:02.873+0000] {dag.py:3947} INFO - Setting next_dagrun for firepoint_dbt_daily to 2026-04-15 00:00:00+00:00, run_after=2026-04-16 00:00:00+00:00
[2026-04-15T10:58:02.878+0000] {logging_mixin.py:188} INFO - [2026-04-15T10:58:02.878+0000] {dag.py:3947} INFO - Setting next_dagrun for firepoint_dbt_hourly to 2026-04-15 10:00:00+00:00, run_after=2026-04-15 11:00:00+00:00
[2026-04-15T10:58:02.902+0000] {processor.py:183} INFO - Processing /opt/airflow/dags/dbt_dag.py took 0.185 seconds
[2026-04-15T10:58:33.222+0000] {processor.py:161} INFO - Started process (PID=203) to work on /opt/airflow/dags/dbt_dag.py
[2026-04-15T10:58:33.224+0000] {processor.py:830} INFO - Processing file /opt/airflow/dags/dbt_dag.py for tasks to queue
[2026-04-15T10:58:33.227+0000] {logging_mixin.py:188} INFO - [2026-04-15T10:58:33.226+0000] {dagbag.py:545} INFO - Filling up the DagBag from /opt/airflow/dags/dbt_dag.py
[2026-04-15T10:58:33.270+0000] {processor.py:840} INFO - DAG(s) 'firepoint_dbt_daily', 'firepoint_dbt_hourly' retrieved from /opt/airflow/dags/dbt_dag.py
[2026-04-15T10:58:33.604+0000] {logging_mixin.py:188} INFO - [2026-04-15T10:58:33.604+0000] {dag.py:3089} INFO - Sync 2 DAGs
[2026-04-15T10:58:33.624+0000] {logging_mixin.py:188} INFO - [2026-04-15T10:58:33.624+0000] {dag.py:3947} INFO - Setting next_dagrun for firepoint_dbt_daily to 2026-04-15 00:00:00+00:00, run_after=2026-04-16 00:00:00+00:00
[2026-04-15T10:58:33.632+0000] {logging_mixin.py:188} INFO - [2026-04-15T10:58:33.631+0000] {dag.py:3947} INFO - Setting next_dagrun for firepoint_dbt_hourly to 2026-04-15 10:00:00+00:00, run_after=2026-04-15 11:00:00+00:00
[2026-04-15T10:58:33.673+0000] {processor.py:183} INFO - Processing /opt/airflow/dags/dbt_dag.py took 0.460 seconds
[2026-04-15T10:59:03.889+0000] {processor.py:161} INFO - Started process (PID=262) to work on /opt/airflow/dags/dbt_dag.py
[2026-04-15T10:59:03.891+0000] {processor.py:830} INFO - Processing file /opt/airflow/dags/dbt_dag.py for tasks to queue
[2026-04-15T10:59:03.895+0000] {logging_mixin.py:188} INFO - [2026-04-15T10:59:03.894+0000] {dagbag.py:545} INFO - Filling up the DagBag from /opt/airflow/dags/dbt_dag.py
[2026-04-15T10:59:03.938+0000] {processor.py:840} INFO - DAG(s) 'firepoint_dbt_hourly', 'firepoint_dbt_daily' retrieved from /opt/airflow/dags/dbt_dag.py
[2026-04-15T10:59:04.295+0000] {logging_mixin.py:188} INFO - [2026-04-15T10:59:04.295+0000] {dag.py:3089} INFO - Sync 2 DAGs
[2026-04-15T10:59:04.327+0000] {logging_mixin.py:188} INFO - [2026-04-15T10:59:04.326+0000] {dag.py:3947} INFO - Setting next_dagrun for firepoint_dbt_daily to 2026-04-15 00:00:00+00:00, run_after=2026-04-16 00:00:00+00:00
[2026-04-15T10:59:04.334+0000] {logging_mixin.py:188} INFO - [2026-04-15T10:59:04.334+0000] {dag.py:3947} INFO - Setting next_dagrun for firepoint_dbt_hourly to 2026-04-15 10:00:00+00:00, run_after=2026-04-15 11:00:00+00:00
[2026-04-15T10:59:04.353+0000] {processor.py:183} INFO - Processing /opt/airflow/dags/dbt_dag.py took 0.475 seconds
[2026-04-15T10:59:34.768+0000] {processor.py:161} INFO - Started process (PID=280) to work on /opt/airflow/dags/dbt_dag.py
[2026-04-15T10:59:34.770+0000] {processor.py:830} INFO - Processing file /opt/airflow/dags/dbt_dag.py for tasks to queue
[2026-04-15T10:59:34.773+0000] {logging_mixin.py:188} INFO - [2026-04-15T10:59:34.772+0000] {dagbag.py:545} INFO - Filling up the DagBag from /opt/airflow/dags/dbt_dag.py
[2026-04-15T10:59:35.034+0000] {processor.py:840} INFO - DAG(s) 'firepoint_dbt_daily', 'firepoint_dbt_hourly' retrieved from /opt/airflow/dags/dbt_dag.py
[2026-04-15T10:59:35.075+0000] {logging_mixin.py:188} INFO - [2026-04-15T10:59:35.075+0000] {dag.py:3089} INFO - Sync 2 DAGs
[2026-04-15T10:59:35.097+0000] {logging_mixin.py:188} INFO - [2026-04-15T10:59:35.097+0000] {dag.py:3947} INFO - Setting next_dagrun for firepoint_dbt_daily to 2026-04-15 00:00:00+00:00, run_after=2026-04-16 00:00:00+00:00
[2026-04-15T10:59:35.104+0000] {logging_mixin.py:188} INFO - [2026-04-15T10:59:35.103+0000] {dag.py:3947} INFO - Setting next_dagrun for firepoint_dbt_hourly to 2026-04-15 10:00:00+00:00, run_after=2026-04-15 11:00:00+00:00
[2026-04-15T10:59:35.125+0000] {processor.py:183} INFO - Processing /opt/airflow/dags/dbt_dag.py took 0.363 seconds
[2026-04-15T11:00:05.255+0000] {processor.py:161} INFO - Started process (PID=324) to work on /opt/airflow/dags/dbt_dag.py
[2026-04-15T11:00:05.259+0000] {processor.py:830} INFO - Processing file /opt/airflow/dags/dbt_dag.py for tasks to queue
[2026-04-15T11:00:05.263+0000] {logging_mixin.py:188} INFO - [2026-04-15T11:00:05.262+0000] {dagbag.py:545} INFO - Filling up the DagBag from /opt/airflow/dags/dbt_dag.py
[2026-04-15T11:00:05.298+0000] {processor.py:840} INFO - DAG(s) 'firepoint_dbt_daily', 'firepoint_dbt_hourly' retrieved from /opt/airflow/dags/dbt_dag.py
[2026-04-15T11:00:05.347+0000] {logging_mixin.py:188} INFO - [2026-04-15T11:00:05.347+0000] {dag.py:3089} INFO - Sync 2 DAGs
[2026-04-15T11:00:05.377+0000] {logging_mixin.py:188} INFO - [2026-04-15T11:00:05.377+0000] {dag.py:3947} INFO - Setting next_dagrun for firepoint_dbt_daily to 2026-04-15 00:00:00+00:00, run_after=2026-04-16 00:00:00+00:00
[2026-04-15T11:00:05.384+0000] {logging_mixin.py:188} INFO - [2026-04-15T11:00:05.384+0000] {dag.py:3947} INFO - Setting next_dagrun for firepoint_dbt_hourly to 2026-04-15 11:00:00+00:00, run_after=2026-04-15 12:00:00+00:00
[2026-04-15T11:00:05.412+0000] {processor.py:183} INFO - Processing /opt/airflow/dags/dbt_dag.py took 0.206 seconds
[2026-04-15T11:00:35.788+0000] {processor.py:161} INFO - Started process (PID=400) to work on /opt/airflow/dags/dbt_dag.py
[2026-04-15T11:00:35.791+0000] {processor.py:830} INFO - Processing file /opt/airflow/dags/dbt_dag.py for tasks to queue
[2026-04-15T11:00:35.795+0000] {logging_mixin.py:188} INFO - [2026-04-15T11:00:35.794+0000] {dagbag.py:545} INFO - Filling up the DagBag from /opt/airflow/dags/dbt_dag.py
[2026-04-15T11:00:35.842+0000] {processor.py:840} INFO - DAG(s) 'firepoint_dbt_daily', 'firepoint_dbt_hourly' retrieved from /opt/airflow/dags/dbt_dag.py
[2026-04-15T11:00:35.891+0000] {logging_mixin.py:188} INFO - [2026-04-15T11:00:35.891+0000] {dag.py:3089} INFO - Sync 2 DAGs
[2026-04-15T11:00:35.932+0000] {logging_mixin.py:188} INFO - [2026-04-15T11:00:35.932+0000] {dag.py:3947} INFO - Setting next_dagrun for firepoint_dbt_daily to 2026-04-15 00:00:00+00:00, run_after=2026-04-16 00:00:00+00:00
[2026-04-15T11:00:35.941+0000] {logging_mixin.py:188} INFO - [2026-04-15T11:00:35.941+0000] {dag.py:3947} INFO - Setting next_dagrun for firepoint_dbt_hourly to 2026-04-15 11:00:00+00:00, run_after=2026-04-15 12:00:00+00:00
[2026-04-15T11:00:35.985+0000] {processor.py:183} INFO - Processing /opt/airflow/dags/dbt_dag.py took 0.206 seconds
[2026-04-15T11:01:06.408+0000] {processor.py:161} INFO - Started process (PID=446) to work on /opt/airflow/dags/dbt_dag.py
[2026-04-15T11:01:06.410+0000] {processor.py:830} INFO - Processing file /opt/airflow/dags/dbt_dag.py for tasks to queue
[2026-04-15T11:01:06.414+0000] {logging_mixin.py:188} INFO - [2026-04-15T11:01:06.413+0000] {dagbag.py:545} INFO - Filling up the DagBag from /opt/airflow/dags/dbt_dag.py
[2026-04-15T11:01:06.474+0000] {processor.py:840} INFO - DAG(s) 'firepoint_dbt_hourly', 'firepoint_dbt_daily' retrieved from /opt/airflow/dags/dbt_dag.py
[2026-04-15T11:01:06.516+0000] {logging_mixin.py:188} INFO - [2026-04-15T11:01:06.515+0000] {dag.py:3089} INFO - Sync 2 DAGs
[2026-04-15T11:01:06.548+0000] {logging_mixin.py:188} INFO - [2026-04-15T11:01:06.547+0000] {dag.py:3947} INFO - Setting next_dagrun for firepoint_dbt_daily to 2026-04-15 00:00:00+00:00, run_after=2026-04-16 00:00:00+00:00
[2026-04-15T11:01:06.556+0000] {logging_mixin.py:188} INFO - [2026-04-15T11:01:06.556+0000] {dag.py:3947} INFO - Setting next_dagrun for firepoint_dbt_hourly to 2026-04-15 11:00:00+00:00, run_after=2026-04-15 12:00:00+00:00
[2026-04-15T11:01:06.589+0000] {processor.py:183} INFO - Processing /opt/airflow/dags/dbt_dag.py took 0.188 seconds
[2026-04-15T11:01:36.822+0000] {processor.py:161} INFO - Started process (PID=464) to work on /opt/airflow/dags/dbt_dag.py
[2026-04-15T11:01:36.824+0000] {processor.py:830} INFO - Processing file /opt/airflow/dags/dbt_dag.py for tasks to queue
[2026-04-15T11:01:36.828+0000] {logging_mixin.py:188} INFO - [2026-04-15T11:01:36.828+0000] {dagbag.py:545} INFO - Filling up the DagBag from /opt/airflow/dags/dbt_dag.py
[2026-04-15T11:01:36.868+0000] {processor.py:840} INFO - DAG(s) 'firepoint_dbt_daily', 'firepoint_dbt_hourly' retrieved from /opt/airflow/dags/dbt_dag.py
[2026-04-15T11:01:36.912+0000] {logging_mixin.py:188} INFO - [2026-04-15T11:01:36.912+0000] {dag.py:3089} INFO - Sync 2 DAGs
[2026-04-15T11:01:36.939+0000] {logging_mixin.py:188} INFO - [2026-04-15T11:01:36.939+0000] {dag.py:3947} INFO - Setting next_dagrun for firepoint_dbt_daily to 2026-04-15 00:00:00+00:00, run_after=2026-04-16 00:00:00+00:00
[2026-04-15T11:01:36.945+0000] {logging_mixin.py:188} INFO - [2026-04-15T11:01:36.945+0000] {dag.py:3947} INFO - Setting next_dagrun for firepoint_dbt_hourly to 2026-04-15 11:00:00+00:00, run_after=2026-04-15 12:00:00+00:00
[2026-04-15T11:01:36.974+0000] {processor.py:183} INFO - Processing /opt/airflow/dags/dbt_dag.py took 0.160 seconds
[2026-04-15T11:02:07.355+0000] {processor.py:161} INFO - Started process (PID=482) to work on /opt/airflow/dags/dbt_dag.py
[2026-04-15T11:02:07.358+0000] {processor.py:830} INFO - Processing file /opt/airflow/dags/dbt_dag.py for tasks to queue
[2026-04-15T11:02:07.361+0000] {logging_mixin.py:188} INFO - [2026-04-15T11:02:07.360+0000] {dagbag.py:545} INFO - Filling up the DagBag from /opt/airflow/dags/dbt_dag.py
[2026-04-15T11:02:07.569+0000] {processor.py:840} INFO - DAG(s) 'firepoint_dbt_hourly', 'firepoint_dbt_daily' retrieved from /opt/airflow/dags/dbt_dag.py
[2026-04-15T11:02:07.643+0000] {logging_mixin.py:188} INFO - [2026-04-15T11:02:07.643+0000] {dag.py:3089} INFO - Sync 2 DAGs
[2026-04-15T11:02:07.671+0000] {logging_mixin.py:188} INFO - [2026-04-15T11:02:07.671+0000] {dag.py:3947} INFO - Setting next_dagrun for firepoint_dbt_daily to 2026-04-15 00:00:00+00:00, run_after=2026-04-16 00:00:00+00:00
[2026-04-15T11:02:07.677+0000] {logging_mixin.py:188} INFO - [2026-04-15T11:02:07.677+0000] {dag.py:3947} INFO - Setting next_dagrun for firepoint_dbt_hourly to 2026-04-15 11:00:00+00:00, run_after=2026-04-15 12:00:00+00:00
[2026-04-15T11:02:07.698+0000] {processor.py:183} INFO - Processing /opt/airflow/dags/dbt_dag.py took 0.357 seconds
[2026-04-15T11:02:37.806+0000] {processor.py:161} INFO - Started process (PID=500) to work on /opt/airflow/dags/dbt_dag.py
[2026-04-15T11:02:37.808+0000] {processor.py:830} INFO - Processing file /opt/airflow/dags/dbt_dag.py for tasks to queue
[2026-04-15T11:02:37.811+0000] {logging_mixin.py:188} INFO - [2026-04-15T11:02:37.810+0000] {dagbag.py:545} INFO - Filling up the DagBag from /opt/airflow/dags/dbt_dag.py
[2026-04-15T11:02:37.854+0000] {processor.py:840} INFO - DAG(s) 'firepoint_dbt_hourly', 'firepoint_dbt_daily' retrieved from /opt/airflow/dags/dbt_dag.py
[2026-04-15T11:02:37.917+0000] {logging_mixin.py:188} INFO - [2026-04-15T11:02:37.916+0000] {dag.py:3089} INFO - Sync 2 DAGs
[2026-04-15T11:02:37.960+0000] {logging_mixin.py:188} INFO - [2026-04-15T11:02:37.960+0000] {dag.py:3947} INFO - Setting next_dagrun for firepoint_dbt_daily to 2026-04-15 00:00:00+00:00, run_after=2026-04-16 00:00:00+00:00
[2026-04-15T11:02:37.968+0000] {logging_mixin.py:188} INFO - [2026-04-15T11:02:37.968+0000] {dag.py:3947} INFO - Setting next_dagrun for firepoint_dbt_hourly to 2026-04-15 11:00:00+00:00, run_after=2026-04-15 12:00:00+00:00
[2026-04-15T11:02:38.001+0000] {processor.py:183} INFO - Processing /opt/airflow/dags/dbt_dag.py took 0.202 seconds
[2026-04-15T11:07:10.407+0000] {processor.py:161} INFO - Started process (PID=506) to work on /opt/airflow/dags/dbt_dag.py
[2026-04-15T11:07:10.417+0000] {processor.py:830} INFO - Processing file /opt/airflow/dags/dbt_dag.py for tasks to queue
[2026-04-15T11:07:10.421+0000] {logging_mixin.py:188} INFO - [2026-04-15T11:07:10.420+0000] {dagbag.py:545} INFO - Filling up the DagBag from /opt/airflow/dags/dbt_dag.py
[2026-04-15T11:07:10.474+0000] {processor.py:840} INFO - DAG(s) 'firepoint_dbt_daily', 'firepoint_dbt_hourly' retrieved from /opt/airflow/dags/dbt_dag.py
[2026-04-15T11:07:10.604+0000] {logging_mixin.py:188} INFO - [2026-04-15T11:07:10.603+0000] {dag.py:3089} INFO - Sync 2 DAGs
[2026-04-15T11:07:10.697+0000] {logging_mixin.py:188} INFO - [2026-04-15T11:07:10.697+0000] {dag.py:3947} INFO - Setting next_dagrun for firepoint_dbt_daily to 2026-04-15 00:00:00+00:00, run_after=2026-04-16 00:00:00+00:00
[2026-04-15T11:07:10.715+0000] {logging_mixin.py:188} INFO - [2026-04-15T11:07:10.714+0000] {dag.py:3947} INFO - Setting next_dagrun for firepoint_dbt_hourly to 2026-04-15 11:00:00+00:00, run_after=2026-04-15 12:00:00+00:00
[2026-04-15T11:07:10.769+0000] {processor.py:183} INFO - Processing /opt/airflow/dags/dbt_dag.py took 0.385 seconds
[2026-04-15T11:07:41.153+0000] {processor.py:161} INFO - Started process (PID=556) to work on /opt/airflow/dags/dbt_dag.py
[2026-04-15T11:07:41.155+0000] {processor.py:830} INFO - Processing file /opt/airflow/dags/dbt_dag.py for tasks to queue
[2026-04-15T11:07:41.157+0000] {logging_mixin.py:188} INFO - [2026-04-15T11:07:41.157+0000] {dagbag.py:545} INFO - Filling up the DagBag from /opt/airflow/dags/dbt_dag.py
[2026-04-15T11:07:41.209+0000] {processor.py:840} INFO - DAG(s) 'firepoint_dbt_hourly', 'firepoint_dbt_daily' retrieved from /opt/airflow/dags/dbt_dag.py
[2026-04-15T11:07:41.272+0000] {logging_mixin.py:188} INFO - [2026-04-15T11:07:41.272+0000] {dag.py:3089} INFO - Sync 2 DAGs
[2026-04-15T11:07:41.317+0000] {logging_mixin.py:188} INFO - [2026-04-15T11:07:41.317+0000] {dag.py:3947} INFO - Setting next_dagrun for firepoint_dbt_daily to 2026-04-15 00:00:00+00:00, run_after=2026-04-16 00:00:00+00:00
[2026-04-15T11:07:41.327+0000] {logging_mixin.py:188} INFO - [2026-04-15T11:07:41.327+0000] {dag.py:3947} INFO - Setting next_dagrun for firepoint_dbt_hourly to 2026-04-15 11:00:00+00:00, run_after=2026-04-15 12:00:00+00:00
[2026-04-15T11:07:41.363+0000] {processor.py:183} INFO - Processing /opt/airflow/dags/dbt_dag.py took 0.218 seconds
[2026-04-15T11:08:11.678+0000] {processor.py:161} INFO - Started process (PID=574) to work on /opt/airflow/dags/dbt_dag.py
[2026-04-15T11:08:11.681+0000] {processor.py:830} INFO - Processing file /opt/airflow/dags/dbt_dag.py for tasks to queue
[2026-04-15T11:08:11.685+0000] {logging_mixin.py:188} INFO - [2026-04-15T11:08:11.684+0000] {dagbag.py:545} INFO - Filling up the DagBag from /opt/airflow/dags/dbt_dag.py
[2026-04-15T11:08:11.718+0000] {processor.py:840} INFO - DAG(s) 'firepoint_dbt_daily', 'firepoint_dbt_hourly' retrieved from /opt/airflow/dags/dbt_dag.py
[2026-04-15T11:08:11.762+0000] {logging_mixin.py:188} INFO - [2026-04-15T11:08:11.762+0000] {dag.py:3089} INFO - Sync 2 DAGs
[2026-04-15T11:08:11.785+0000] {logging_mixin.py:188} INFO - [2026-04-15T11:08:11.785+0000] {dag.py:3947} INFO - Setting next_dagrun for firepoint_dbt_daily to 2026-04-15 00:00:00+00:00, run_after=2026-04-16 00:00:00+00:00
[2026-04-15T11:08:11.793+0000] {logging_mixin.py:188} INFO - [2026-04-15T11:08:11.792+0000] {dag.py:3947} INFO - Setting next_dagrun for firepoint_dbt_hourly to 2026-04-15 11:00:00+00:00, run_after=2026-04-15 12:00:00+00:00
[2026-04-15T11:08:11.814+0000] {processor.py:183} INFO - Processing /opt/airflow/dags/dbt_dag.py took 0.146 seconds
[2026-04-15T11:08:42.127+0000] {processor.py:161} INFO - Started process (PID=592) to work on /opt/airflow/dags/dbt_dag.py
[2026-04-15T11:08:42.129+0000] {processor.py:830} INFO - Processing file /opt/airflow/dags/dbt_dag.py for tasks to queue
[2026-04-15T11:08:42.133+0000] {logging_mixin.py:188} INFO - [2026-04-15T11:08:42.132+0000] {dagbag.py:545} INFO - Filling up the DagBag from /opt/airflow/dags/dbt_dag.py
[2026-04-15T11:08:42.168+0000] {processor.py:840} INFO - DAG(s) 'firepoint_dbt_hourly', 'firepoint_dbt_daily' retrieved from /opt/airflow/dags/dbt_dag.py
[2026-04-15T11:08:42.214+0000] {logging_mixin.py:188} INFO - [2026-04-15T11:08:42.214+0000] {dag.py:3089} INFO - Sync 2 DAGs
[2026-04-15T11:08:42.239+0000] {logging_mixin.py:188} INFO - [2026-04-15T11:08:42.239+0000] {dag.py:3947} INFO - Setting next_dagrun for firepoint_dbt_daily to 2026-04-15 00:00:00+00:00, run_after=2026-04-16 00:00:00+00:00
[2026-04-15T11:08:42.247+0000] {logging_mixin.py:188} INFO - [2026-04-15T11:08:42.247+0000] {dag.py:3947} INFO - Setting next_dagrun for firepoint_dbt_hourly to 2026-04-15 11:00:00+00:00, run_after=2026-04-15 12:00:00+00:00
[2026-04-15T11:08:42.271+0000] {processor.py:183} INFO - Processing /opt/airflow/dags/dbt_dag.py took 0.151 seconds
[2026-04-15T11:09:12.624+0000] {processor.py:161} INFO - Started process (PID=610) to work on /opt/airflow/dags/dbt_dag.py
[2026-04-15T11:09:12.626+0000] {processor.py:830} INFO - Processing file /opt/airflow/dags/dbt_dag.py for tasks to queue
[2026-04-15T11:09:12.631+0000] {logging_mixin.py:188} INFO - [2026-04-15T11:09:12.631+0000] {dagbag.py:545} INFO - Filling up the DagBag from /opt/airflow/dags/dbt_dag.py
[2026-04-15T11:09:12.672+0000] {processor.py:840} INFO - DAG(s) 'firepoint_dbt_hourly', 'firepoint_dbt_daily' retrieved from /opt/airflow/dags/dbt_dag.py
[2026-04-15T11:09:12.714+0000] {logging_mixin.py:188} INFO - [2026-04-15T11:09:12.714+0000] {dag.py:3089} INFO - Sync 2 DAGs
[2026-04-15T11:09:12.740+0000] {logging_mixin.py:188} INFO - [2026-04-15T11:09:12.739+0000] {dag.py:3947} INFO - Setting next_dagrun for firepoint_dbt_daily to 2026-04-15 00:00:00+00:00, run_after=2026-04-16 00:00:00+00:00
[2026-04-15T11:09:12.746+0000] {logging_mixin.py:188} INFO - [2026-04-15T11:09:12.745+0000] {dag.py:3947} INFO - Setting next_dagrun for firepoint_dbt_hourly to 2026-04-15 11:00:00+00:00, run_after=2026-04-15 12:00:00+00:00
[2026-04-15T11:09:12.772+0000] {processor.py:183} INFO - Processing /opt/airflow/dags/dbt_dag.py took 0.163 seconds
[2026-04-15T11:09:42.939+0000] {processor.py:161} INFO - Started process (PID=628) to work on /opt/airflow/dags/dbt_dag.py
[2026-04-15T11:09:42.942+0000] {processor.py:830} INFO - Processing file /opt/airflow/dags/dbt_dag.py for tasks to queue
[2026-04-15T11:09:42.947+0000] {logging_mixin.py:188} INFO - [2026-04-15T11:09:42.946+0000] {dagbag.py:545} INFO - Filling up the DagBag from /opt/airflow/dags/dbt_dag.py
[2026-04-15T11:09:43.014+0000] {processor.py:840} INFO - DAG(s) 'firepoint_dbt_daily', 'firepoint_dbt_hourly' retrieved from /opt/airflow/dags/dbt_dag.py
[2026-04-15T11:09:43.080+0000] {logging_mixin.py:188} INFO - [2026-04-15T11:09:43.080+0000] {dag.py:3089} INFO - Sync 2 DAGs
[2026-04-15T11:09:43.104+0000] {logging_mixin.py:188} INFO - [2026-04-15T11:09:43.104+0000] {dag.py:3947} INFO - Setting next_dagrun for firepoint_dbt_daily to 2026-04-15 00:00:00+00:00, run_after=2026-04-16 00:00:00+00:00
[2026-04-15T11:09:43.111+0000] {logging_mixin.py:188} INFO - [2026-04-15T11:09:43.111+0000] {dag.py:3947} INFO - Setting next_dagrun for firepoint_dbt_hourly to 2026-04-15 11:00:00+00:00, run_after=2026-04-15 12:00:00+00:00
[2026-04-15T11:09:43.143+0000] {processor.py:183} INFO - Processing /opt/airflow/dags/dbt_dag.py took 0.221 seconds
[2026-04-15T11:10:13.549+0000] {processor.py:161} INFO - Started process (PID=646) to work on /opt/airflow/dags/dbt_dag.py
[2026-04-15T11:10:13.552+0000] {processor.py:830} INFO - Processing file /opt/airflow/dags/dbt_dag.py for tasks to queue
[2026-04-15T11:10:13.557+0000] {logging_mixin.py:188} INFO - [2026-04-15T11:10:13.556+0000] {dagbag.py:545} INFO - Filling up the DagBag from /opt/airflow/dags/dbt_dag.py
[2026-04-15T11:10:13.598+0000] {processor.py:840} INFO - DAG(s) 'firepoint_dbt_hourly', 'firepoint_dbt_daily' retrieved from /opt/airflow/dags/dbt_dag.py
[2026-04-15T11:10:13.688+0000] {logging_mixin.py:188} INFO - [2026-04-15T11:10:13.687+0000] {dag.py:3089} INFO - Sync 2 DAGs
[2026-04-15T11:10:13.734+0000] {logging_mixin.py:188} INFO - [2026-04-15T11:10:13.733+0000] {dag.py:3947} INFO - Setting next_dagrun for firepoint_dbt_daily to 2026-04-15 00:00:00+00:00, run_after=2026-04-16 00:00:00+00:00
[2026-04-15T11:10:13.746+0000] {logging_mixin.py:188} INFO - [2026-04-15T11:10:13.745+0000] {dag.py:3947} INFO - Setting next_dagrun for firepoint_dbt_hourly to 2026-04-15 11:00:00+00:00, run_after=2026-04-15 12:00:00+00:00
[2026-04-15T11:10:13.795+0000] {processor.py:183} INFO - Processing /opt/airflow/dags/dbt_dag.py took 0.262 seconds
[2026-04-15T11:10:44.830+0000] {processor.py:161} INFO - Started process (PID=664) to work on /opt/airflow/dags/dbt_dag.py
[2026-04-15T11:10:44.832+0000] {processor.py:830} INFO - Processing file /opt/airflow/dags/dbt_dag.py for tasks to queue
[2026-04-15T11:10:44.835+0000] {logging_mixin.py:188} INFO - [2026-04-15T11:10:44.834+0000] {dagbag.py:545} INFO - Filling up the DagBag from /opt/airflow/dags/dbt_dag.py
[2026-04-15T11:10:44.879+0000] {processor.py:840} INFO - DAG(s) 'firepoint_dbt_hourly', 'firepoint_dbt_daily' retrieved from /opt/airflow/dags/dbt_dag.py
[2026-04-15T11:10:44.923+0000] {logging_mixin.py:188} INFO - [2026-04-15T11:10:44.923+0000] {dag.py:3089} INFO - Sync 2 DAGs
[2026-04-15T11:10:44.950+0000] {logging_mixin.py:188} INFO - [2026-04-15T11:10:44.950+0000] {dag.py:3947} INFO - Setting next_dagrun for firepoint_dbt_daily to 2026-04-15 00:00:00+00:00, run_after=2026-04-16 00:00:00+00:00
[2026-04-15T11:10:44.957+0000] {logging_mixin.py:188} INFO - [2026-04-15T11:10:44.957+0000] {dag.py:3947} INFO - Setting next_dagrun for firepoint_dbt_hourly to 2026-04-15 11:00:00+00:00, run_after=2026-04-15 12:00:00+00:00
[2026-04-15T11:10:44.982+0000] {processor.py:183} INFO - Processing /opt/airflow/dags/dbt_dag.py took 0.157 seconds
[2026-04-15T11:11:15.414+0000] {processor.py:161} INFO - Started process (PID=682) to work on /opt/airflow/dags/dbt_dag.py
[2026-04-15T11:11:15.416+0000] {processor.py:830} INFO - Processing file /opt/airflow/dags/dbt_dag.py for tasks to queue
[2026-04-15T11:11:15.418+0000] {logging_mixin.py:188} INFO - [2026-04-15T11:11:15.418+0000] {dagbag.py:545} INFO - Filling up the DagBag from /opt/airflow/dags/dbt_dag.py
[2026-04-15T11:11:15.472+0000] {processor.py:840} INFO - DAG(s) 'firepoint_dbt_hourly', 'firepoint_dbt_daily' retrieved from /opt/airflow/dags/dbt_dag.py
[2026-04-15T11:11:15.521+0000] {logging_mixin.py:188} INFO - [2026-04-15T11:11:15.521+0000] {dag.py:3089} INFO - Sync 2 DAGs
[2026-04-15T11:11:15.549+0000] {logging_mixin.py:188} INFO - [2026-04-15T11:11:15.549+0000] {dag.py:3947} INFO - Setting next_dagrun for firepoint_dbt_daily to 2026-04-15 00:00:00+00:00, run_after=2026-04-16 00:00:00+00:00
[2026-04-15T11:11:15.557+0000] {logging_mixin.py:188} INFO - [2026-04-15T11:11:15.557+0000] {dag.py:3947} INFO - Setting next_dagrun for firepoint_dbt_hourly to 2026-04-15 11:00:00+00:00, run_after=2026-04-15 12:00:00+00:00
[2026-04-15T11:11:15.623+0000] {processor.py:183} INFO - Processing /opt/airflow/dags/dbt_dag.py took 0.217 seconds
[2026-04-15T11:11:45.699+0000] {processor.py:161} INFO - Started process (PID=700) to work on /opt/airflow/dags/dbt_dag.py
[2026-04-15T11:11:45.702+0000] {processor.py:830} INFO - Processing file /opt/airflow/dags/dbt_dag.py for tasks to queue
[2026-04-15T11:11:45.706+0000] {logging_mixin.py:188} INFO - [2026-04-15T11:11:45.706+0000] {dagbag.py:545} INFO - Filling up the DagBag from /opt/airflow/dags/dbt_dag.py
[2026-04-15T11:11:45.751+0000] {processor.py:840} INFO - DAG(s) 'firepoint_dbt_hourly', 'firepoint_dbt_daily' retrieved from /opt/airflow/dags/dbt_dag.py
[2026-04-15T11:11:45.811+0000] {logging_mixin.py:188} INFO - [2026-04-15T11:11:45.811+0000] {dag.py:3089} INFO - Sync 2 DAGs
[2026-04-15T11:11:45.879+0000] {logging_mixin.py:188} INFO - [2026-04-15T11:11:45.878+0000] {dag.py:3947} INFO - Setting next_dagrun for firepoint_dbt_daily to 2026-04-15 00:00:00+00:00, run_after=2026-04-16 00:00:00+00:00
[2026-04-15T11:11:45.891+0000] {logging_mixin.py:188} INFO - [2026-04-15T11:11:45.891+0000] {dag.py:3947} INFO - Setting next_dagrun for firepoint_dbt_hourly to 2026-04-15 11:00:00+00:00, run_after=2026-04-15 12:00:00+00:00
[2026-04-15T11:11:45.937+0000] {processor.py:183} INFO - Processing /opt/airflow/dags/dbt_dag.py took 0.247 seconds
[2026-04-15T11:12:16.101+0000] {processor.py:161} INFO - Started process (PID=718) to work on /opt/airflow/dags/dbt_dag.py
[2026-04-15T11:12:16.103+0000] {processor.py:830} INFO - Processing file /opt/airflow/dags/dbt_dag.py for tasks to queue
[2026-04-15T11:12:16.106+0000] {logging_mixin.py:188} INFO - [2026-04-15T11:12:16.106+0000] {dagbag.py:545} INFO - Filling up the DagBag from /opt/airflow/dags/dbt_dag.py
[2026-04-15T11:12:16.146+0000] {processor.py:840} INFO - DAG(s) 'firepoint_dbt_daily', 'firepoint_dbt_hourly' retrieved from /opt/airflow/dags/dbt_dag.py
[2026-04-15T11:12:16.200+0000] {logging_mixin.py:188} INFO - [2026-04-15T11:12:16.200+0000] {dag.py:3089} INFO - Sync 2 DAGs
[2026-04-15T11:12:16.281+0000] {logging_mixin.py:188} INFO - [2026-04-15T11:12:16.280+0000] {dag.py:3947} INFO - Setting next_dagrun for firepoint_dbt_daily to 2026-04-15 00:00:00+00:00, run_after=2026-04-16 00:00:00+00:00
[2026-04-15T11:12:16.289+0000] {logging_mixin.py:188} INFO - [2026-04-15T11:12:16.289+0000] {dag.py:3947} INFO - Setting next_dagrun for firepoint_dbt_hourly to 2026-04-15 11:00:00+00:00, run_after=2026-04-15 12:00:00+00:00
[2026-04-15T11:12:16.320+0000] {processor.py:183} INFO - Processing /opt/airflow/dags/dbt_dag.py took 0.228 seconds
[2026-04-15T11:12:46.754+0000] {processor.py:161} INFO - Started process (PID=736) to work on /opt/airflow/dags/dbt_dag.py
[2026-04-15T11:12:46.756+0000] {processor.py:830} INFO - Processing file /opt/airflow/dags/dbt_dag.py for tasks to queue
[2026-04-15T11:12:46.760+0000] {logging_mixin.py:188} INFO - [2026-04-15T11:12:46.759+0000] {dagbag.py:545} INFO - Filling up the DagBag from /opt/airflow/dags/dbt_dag.py
[2026-04-15T11:12:46.811+0000] {processor.py:840} INFO - DAG(s) 'firepoint_dbt_hourly', 'firepoint_dbt_daily' retrieved from /opt/airflow/dags/dbt_dag.py
[2026-04-15T11:12:46.899+0000] {logging_mixin.py:188} INFO - [2026-04-15T11:12:46.898+0000] {dag.py:3089} INFO - Sync 2 DAGs
[2026-04-15T11:12:46.996+0000] {logging_mixin.py:188} INFO - [2026-04-15T11:12:46.995+0000] {dag.py:3947} INFO - Setting next_dagrun for firepoint_dbt_daily to 2026-04-15 00:00:00+00:00, run_after=2026-04-16 00:00:00+00:00
[2026-04-15T11:12:47.015+0000] {logging_mixin.py:188} INFO - [2026-04-15T11:12:47.015+0000] {dag.py:3947} INFO - Setting next_dagrun for firepoint_dbt_hourly to 2026-04-15 11:00:00+00:00, run_after=2026-04-15 12:00:00+00:00
[2026-04-15T11:12:47.077+0000] {processor.py:183} INFO - Processing /opt/airflow/dags/dbt_dag.py took 0.334 seconds
[2026-04-15T11:13:17.213+0000] {processor.py:161} INFO - Started process (PID=754) to work on /opt/airflow/dags/dbt_dag.py
[2026-04-15T11:13:17.216+0000] {processor.py:830} INFO - Processing file /opt/airflow/dags/dbt_dag.py for tasks to queue
[2026-04-15T11:13:17.220+0000] {logging_mixin.py:188} INFO - [2026-04-15T11:13:17.219+0000] {dagbag.py:545} INFO - Filling up the DagBag from /opt/airflow/dags/dbt_dag.py
[2026-04-15T11:13:17.269+0000] {processor.py:840} INFO - DAG(s) 'firepoint_dbt_daily', 'firepoint_dbt_hourly' retrieved from /opt/airflow/dags/dbt_dag.py
[2026-04-15T11:13:17.314+0000] {logging_mixin.py:188} INFO - [2026-04-15T11:13:17.314+0000] {dag.py:3089} INFO - Sync 2 DAGs
[2026-04-15T11:13:17.356+0000] {logging_mixin.py:188} INFO - [2026-04-15T11:13:17.355+0000] {dag.py:3947} INFO - Setting next_dagrun for firepoint_dbt_daily to 2026-04-15 00:00:00+00:00, run_after=2026-04-16 00:00:00+00:00
[2026-04-15T11:13:17.375+0000] {logging_mixin.py:188} INFO - [2026-04-15T11:13:17.375+0000] {dag.py:3947} INFO - Setting next_dagrun for firepoint_dbt_hourly to 2026-04-15 11:00:00+00:00, run_after=2026-04-15 12:00:00+00:00
[2026-04-15T11:13:17.440+0000] {processor.py:183} INFO - Processing /opt/airflow/dags/dbt_dag.py took 0.236 seconds
[2026-04-15T11:13:47.683+0000] {processor.py:161} INFO - Started process (PID=772) to work on /opt/airflow/dags/dbt_dag.py
[2026-04-15T11:13:47.685+0000] {processor.py:830} INFO - Processing file /opt/airflow/dags/dbt_dag.py for tasks to queue
[2026-04-15T11:13:47.689+0000] {logging_mixin.py:188} INFO - [2026-04-15T11:13:47.688+0000] {dagbag.py:545} INFO - Filling up the DagBag from /opt/airflow/dags/dbt_dag.py
[2026-04-15T11:13:47.731+0000] {processor.py:840} INFO - DAG(s) 'firepoint_dbt_daily', 'firepoint_dbt_hourly' retrieved from /opt/airflow/dags/dbt_dag.py
[2026-04-15T11:13:47.785+0000] {logging_mixin.py:188} INFO - [2026-04-15T11:13:47.785+0000] {dag.py:3089} INFO - Sync 2 DAGs
[2026-04-15T11:13:47.823+0000] {logging_mixin.py:188} INFO - [2026-04-15T11:13:47.823+0000] {dag.py:3947} INFO - Setting next_dagrun for firepoint_dbt_daily to 2026-04-15 00:00:00+00:00, run_after=2026-04-16 00:00:00+00:00
[2026-04-15T11:13:47.832+0000] {logging_mixin.py:188} INFO - [2026-04-15T11:13:47.832+0000] {dag.py:3947} INFO - Setting next_dagrun for firepoint_dbt_hourly to 2026-04-15 11:00:00+00:00, run_after=2026-04-15 12:00:00+00:00
[2026-04-15T11:13:47.870+0000] {processor.py:183} INFO - Processing /opt/airflow/dags/dbt_dag.py took 0.196 seconds
[2026-04-15T11:14:18.082+0000] {processor.py:161} INFO - Started process (PID=790) to work on /opt/airflow/dags/dbt_dag.py
[2026-04-15T11:14:18.083+0000] {processor.py:830} INFO - Processing file /opt/airflow/dags/dbt_dag.py for tasks to queue
[2026-04-15T11:14:18.086+0000] {logging_mixin.py:188} INFO - [2026-04-15T11:14:18.085+0000] {dagbag.py:545} INFO - Filling up the DagBag from /opt/airflow/dags/dbt_dag.py
[2026-04-15T11:14:18.121+0000] {processor.py:840} INFO - DAG(s) 'firepoint_dbt_hourly', 'firepoint_dbt_daily' retrieved from /opt/airflow/dags/dbt_dag.py
[2026-04-15T11:14:18.178+0000] {logging_mixin.py:188} INFO - [2026-04-15T11:14:18.177+0000] {dag.py:3089} INFO - Sync 2 DAGs
[2026-04-15T11:14:18.217+0000] {logging_mixin.py:188} INFO - [2026-04-15T11:14:18.216+0000] {dag.py:3947} INFO - Setting next_dagrun for firepoint_dbt_daily to 2026-04-15 00:00:00+00:00, run_after=2026-04-16 00:00:00+00:00
[2026-04-15T11:14:18.226+0000] {logging_mixin.py:188} INFO - [2026-04-15T11:14:18.226+0000] {dag.py:3947} INFO - Setting next_dagrun for firepoint_dbt_hourly to 2026-04-15 11:00:00+00:00, run_after=2026-04-15 12:00:00+00:00
[2026-04-15T11:14:18.256+0000] {processor.py:183} INFO - Processing /opt/airflow/dags/dbt_dag.py took 0.186 seconds
[2026-04-15T11:14:48.762+0000] {processor.py:161} INFO - Started process (PID=808) to work on /opt/airflow/dags/dbt_dag.py
[2026-04-15T11:14:48.764+0000] {processor.py:830} INFO - Processing file /opt/airflow/dags/dbt_dag.py for tasks to queue
[2026-04-15T11:14:48.767+0000] {logging_mixin.py:188} INFO - [2026-04-15T11:14:48.766+0000] {dagbag.py:545} INFO - Filling up the DagBag from /opt/airflow/dags/dbt_dag.py
[2026-04-15T11:14:48.810+0000] {processor.py:840} INFO - DAG(s) 'firepoint_dbt_hourly', 'firepoint_dbt_daily' retrieved from /opt/airflow/dags/dbt_dag.py
[2026-04-15T11:14:48.860+0000] {logging_mixin.py:188} INFO - [2026-04-15T11:14:48.859+0000] {dag.py:3089} INFO - Sync 2 DAGs
[2026-04-15T11:14:48.904+0000] {logging_mixin.py:188} INFO - [2026-04-15T11:14:48.903+0000] {dag.py:3947} INFO - Setting next_dagrun for firepoint_dbt_daily to 2026-04-15 00:00:00+00:00, run_after=2026-04-16 00:00:00+00:00
[2026-04-15T11:14:48.912+0000] {logging_mixin.py:188} INFO - [2026-04-15T11:14:48.911+0000] {dag.py:3947} INFO - Setting next_dagrun for firepoint_dbt_hourly to 2026-04-15 11:00:00+00:00, run_after=2026-04-15 12:00:00+00:00
[2026-04-15T11:14:48.957+0000] {processor.py:183} INFO - Processing /opt/airflow/dags/dbt_dag.py took 0.203 seconds
[2026-04-15T11:15:19.080+0000] {processor.py:161} INFO - Started process (PID=826) to work on /opt/airflow/dags/dbt_dag.py
[2026-04-15T11:15:19.082+0000] {processor.py:830} INFO - Processing file /opt/airflow/dags/dbt_dag.py for tasks to queue
[2026-04-15T11:15:19.086+0000] {logging_mixin.py:188} INFO - [2026-04-15T11:15:19.085+0000] {dagbag.py:545} INFO - Filling up the DagBag from /opt/airflow/dags/dbt_dag.py
[2026-04-15T11:15:19.130+0000] {processor.py:840} INFO - DAG(s) 'firepoint_dbt_hourly', 'firepoint_dbt_daily' retrieved from /opt/airflow/dags/dbt_dag.py
[2026-04-15T11:15:19.224+0000] {logging_mixin.py:188} INFO - [2026-04-15T11:15:19.224+0000] {dag.py:3089} INFO - Sync 2 DAGs
[2026-04-15T11:15:19.291+0000] {logging_mixin.py:188} INFO - [2026-04-15T11:15:19.291+0000] {dag.py:3947} INFO - Setting next_dagrun for firepoint_dbt_daily to 2026-04-15 00:00:00+00:00, run_after=2026-04-16 00:00:00+00:00
[2026-04-15T11:15:19.301+0000] {logging_mixin.py:188} INFO - [2026-04-15T11:15:19.301+0000] {dag.py:3947} INFO - Setting next_dagrun for firepoint_dbt_hourly to 2026-04-15 11:00:00+00:00, run_after=2026-04-15 12:00:00+00:00
[2026-04-15T11:15:19.342+0000] {processor.py:183} INFO - Processing /opt/airflow/dags/dbt_dag.py took 0.270 seconds
[2026-04-15T11:15:49.685+0000] {processor.py:161} INFO - Started process (PID=844) to work on /opt/airflow/dags/dbt_dag.py
[2026-04-15T11:15:49.688+0000] {processor.py:830} INFO - Processing file /opt/airflow/dags/dbt_dag.py for tasks to queue
[2026-04-15T11:15:49.692+0000] {logging_mixin.py:188} INFO - [2026-04-15T11:15:49.691+0000] {dagbag.py:545} INFO - Filling up the DagBag from /opt/airflow/dags/dbt_dag.py
[2026-04-15T11:15:49.730+0000] {processor.py:840} INFO - DAG(s) 'firepoint_dbt_daily', 'firepoint_dbt_hourly' retrieved from /opt/airflow/dags/dbt_dag.py
[2026-04-15T11:15:49.786+0000] {logging_mixin.py:188} INFO - [2026-04-15T11:15:49.786+0000] {dag.py:3089} INFO - Sync 2 DAGs
[2026-04-15T11:15:49.831+0000] {logging_mixin.py:188} INFO - [2026-04-15T11:15:49.830+0000] {dag.py:3947} INFO - Setting next_dagrun for firepoint_dbt_daily to 2026-04-15 00:00:00+00:00, run_after=2026-04-16 00:00:00+00:00
[2026-04-15T11:15:49.843+0000] {logging_mixin.py:188} INFO - [2026-04-15T11:15:49.843+0000] {dag.py:3947} INFO - Setting next_dagrun for firepoint_dbt_hourly to 2026-04-15 11:00:00+00:00, run_after=2026-04-15 12:00:00+00:00
[2026-04-15T11:15:49.879+0000] {processor.py:183} INFO - Processing /opt/airflow/dags/dbt_dag.py took 0.203 seconds
[2026-04-15T11:16:20.198+0000] {processor.py:161} INFO - Started process (PID=862) to work on /opt/airflow/dags/dbt_dag.py
[2026-04-15T11:16:20.200+0000] {processor.py:830} INFO - Processing file /opt/airflow/dags/dbt_dag.py for tasks to queue
[2026-04-15T11:16:20.202+0000] {logging_mixin.py:188} INFO - [2026-04-15T11:16:20.202+0000] {dagbag.py:545} INFO - Filling up the DagBag from /opt/airflow/dags/dbt_dag.py
[2026-04-15T11:16:20.232+0000] {processor.py:840} INFO - DAG(s) 'firepoint_dbt_daily', 'firepoint_dbt_hourly' retrieved from /opt/airflow/dags/dbt_dag.py
[2026-04-15T11:16:20.286+0000] {logging_mixin.py:188} INFO - [2026-04-15T11:16:20.286+0000] {dag.py:3089} INFO - Sync 2 DAGs
[2026-04-15T11:16:20.322+0000] {logging_mixin.py:188} INFO - [2026-04-15T11:16:20.322+0000] {dag.py:3947} INFO - Setting next_dagrun for firepoint_dbt_daily to 2026-04-15 00:00:00+00:00, run_after=2026-04-16 00:00:00+00:00
[2026-04-15T11:16:20.331+0000] {logging_mixin.py:188} INFO - [2026-04-15T11:16:20.331+0000] {dag.py:3947} INFO - Setting next_dagrun for firepoint_dbt_hourly to 2026-04-15 11:00:00+00:00, run_after=2026-04-15 12:00:00+00:00
[2026-04-15T11:16:20.357+0000] {processor.py:183} INFO - Processing /opt/airflow/dags/dbt_dag.py took 0.167 seconds
[2026-04-15T11:16:50.588+0000] {processor.py:161} INFO - Started process (PID=880) to work on /opt/airflow/dags/dbt_dag.py
[2026-04-15T11:16:50.589+0000] {processor.py:830} INFO - Processing file /opt/airflow/dags/dbt_dag.py for tasks to queue
[2026-04-15T11:16:50.592+0000] {logging_mixin.py:188} INFO - [2026-04-15T11:16:50.592+0000] {dagbag.py:545} INFO - Filling up the DagBag from /opt/airflow/dags/dbt_dag.py
[2026-04-15T11:16:50.641+0000] {processor.py:840} INFO - DAG(s) 'firepoint_dbt_hourly', 'firepoint_dbt_daily' retrieved from /opt/airflow/dags/dbt_dag.py
[2026-04-15T11:16:50.703+0000] {logging_mixin.py:188} INFO - [2026-04-15T11:16:50.703+0000] {dag.py:3089} INFO - Sync 2 DAGs
[2026-04-15T11:16:50.751+0000] {logging_mixin.py:188} INFO - [2026-04-15T11:16:50.751+0000] {dag.py:3947} INFO - Setting next_dagrun for firepoint_dbt_daily to 2026-04-15 00:00:00+00:00, run_after=2026-04-16 00:00:00+00:00
[2026-04-15T11:16:50.762+0000] {logging_mixin.py:188} INFO - [2026-04-15T11:16:50.762+0000] {dag.py:3947} INFO - Setting next_dagrun for firepoint_dbt_hourly to 2026-04-15 11:00:00+00:00, run_after=2026-04-15 12:00:00+00:00
[2026-04-15T11:16:50.795+0000] {processor.py:183} INFO - Processing /opt/airflow/dags/dbt_dag.py took 0.219 seconds
[2026-04-15T11:17:21.254+0000] {processor.py:161} INFO - Started process (PID=898) to work on /opt/airflow/dags/dbt_dag.py
[2026-04-15T11:17:21.256+0000] {processor.py:830} INFO - Processing file /opt/airflow/dags/dbt_dag.py for tasks to queue
[2026-04-15T11:17:21.258+0000] {logging_mixin.py:188} INFO - [2026-04-15T11:17:21.258+0000] {dagbag.py:545} INFO - Filling up the DagBag from /opt/airflow/dags/dbt_dag.py
[2026-04-15T11:17:21.302+0000] {processor.py:840} INFO - DAG(s) 'firepoint_dbt_hourly', 'firepoint_dbt_daily' retrieved from /opt/airflow/dags/dbt_dag.py
[2026-04-15T11:17:21.350+0000] {logging_mixin.py:188} INFO - [2026-04-15T11:17:21.349+0000] {dag.py:3089} INFO - Sync 2 DAGs
[2026-04-15T11:17:21.385+0000] {logging_mixin.py:188} INFO - [2026-04-15T11:17:21.385+0000] {dag.py:3947} INFO - Setting next_dagrun for firepoint_dbt_daily to 2026-04-15 00:00:00+00:00, run_after=2026-04-16 00:00:00+00:00
[2026-04-15T11:17:21.393+0000] {logging_mixin.py:188} INFO - [2026-04-15T11:17:21.393+0000] {dag.py:3947} INFO - Setting next_dagrun for firepoint_dbt_hourly to 2026-04-15 11:00:00+00:00, run_after=2026-04-15 12:00:00+00:00
[2026-04-15T11:17:21.420+0000] {processor.py:183} INFO - Processing /opt/airflow/dags/dbt_dag.py took 0.177 seconds
[2026-04-15T11:17:51.667+0000] {processor.py:161} INFO - Started process (PID=916) to work on /opt/airflow/dags/dbt_dag.py
[2026-04-15T11:17:51.669+0000] {processor.py:830} INFO - Processing file /opt/airflow/dags/dbt_dag.py for tasks to queue
[2026-04-15T11:17:51.673+0000] {logging_mixin.py:188} INFO - [2026-04-15T11:17:51.673+0000] {dagbag.py:545} INFO - Filling up the DagBag from /opt/airflow/dags/dbt_dag.py
[2026-04-15T11:17:51.716+0000] {processor.py:840} INFO - DAG(s) 'firepoint_dbt_daily', 'firepoint_dbt_hourly' retrieved from /opt/airflow/dags/dbt_dag.py
[2026-04-15T11:17:51.781+0000] {logging_mixin.py:188} INFO - [2026-04-15T11:17:51.781+0000] {dag.py:3089} INFO - Sync 2 DAGs
[2026-04-15T11:17:51.827+0000] {logging_mixin.py:188} INFO - [2026-04-15T11:17:51.827+0000] {dag.py:3947} INFO - Setting next_dagrun for firepoint_dbt_daily to 2026-04-15 00:00:00+00:00, run_after=2026-04-16 00:00:00+00:00
[2026-04-15T11:17:51.837+0000] {logging_mixin.py:188} INFO - [2026-04-15T11:17:51.836+0000] {dag.py:3947} INFO - Setting next_dagrun for firepoint_dbt_hourly to 2026-04-15 11:00:00+00:00, run_after=2026-04-15 12:00:00+00:00
[2026-04-15T11:17:51.916+0000] {processor.py:183} INFO - Processing /opt/airflow/dags/dbt_dag.py took 0.260 seconds
[2026-04-15T11:18:22.165+0000] {processor.py:161} INFO - Started process (PID=934) to work on /opt/airflow/dags/dbt_dag.py
[2026-04-15T11:18:22.167+0000] {processor.py:830} INFO - Processing file /opt/airflow/dags/dbt_dag.py for tasks to queue
[2026-04-15T11:18:22.171+0000] {logging_mixin.py:188} INFO - [2026-04-15T11:18:22.170+0000] {dagbag.py:545} INFO - Filling up the DagBag from /opt/airflow/dags/dbt_dag.py
[2026-04-15T11:18:22.211+0000] {processor.py:840} INFO - DAG(s) 'firepoint_dbt_hourly', 'firepoint_dbt_daily' retrieved from /opt/airflow/dags/dbt_dag.py
[2026-04-15T11:18:22.288+0000] {logging_mixin.py:188} INFO - [2026-04-15T11:18:22.287+0000] {dag.py:3089} INFO - Sync 2 DAGs
[2026-04-15T11:18:22.342+0000] {logging_mixin.py:188} INFO - [2026-04-15T11:18:22.341+0000] {dag.py:3947} INFO - Setting next_dagrun for firepoint_dbt_daily to 2026-04-15 00:00:00+00:00, run_after=2026-04-16 00:00:00+00:00
[2026-04-15T11:18:22.361+0000] {logging_mixin.py:188} INFO - [2026-04-15T11:18:22.360+0000] {dag.py:3947} INFO - Setting next_dagrun for firepoint_dbt_hourly to 2026-04-15 11:00:00+00:00, run_after=2026-04-15 12:00:00+00:00
[2026-04-15T11:18:22.402+0000] {processor.py:183} INFO - Processing /opt/airflow/dags/dbt_dag.py took 0.247 seconds
[2026-04-15T11:18:52.538+0000] {processor.py:161} INFO - Started process (PID=952) to work on /opt/airflow/dags/dbt_dag.py
[2026-04-15T11:18:52.540+0000] {processor.py:830} INFO - Processing file /opt/airflow/dags/dbt_dag.py for tasks to queue
[2026-04-15T11:18:52.547+0000] {logging_mixin.py:188} INFO - [2026-04-15T11:18:52.545+0000] {dagbag.py:545} INFO - Filling up the DagBag from /opt/airflow/dags/dbt_dag.py
[2026-04-15T11:18:52.590+0000] {processor.py:840} INFO - DAG(s) 'firepoint_dbt_daily', 'firepoint_dbt_hourly' retrieved from /opt/airflow/dags/dbt_dag.py
[2026-04-15T11:18:52.657+0000] {logging_mixin.py:188} INFO - [2026-04-15T11:18:52.657+0000] {dag.py:3089} INFO - Sync 2 DAGs
[2026-04-15T11:18:52.697+0000] {logging_mixin.py:188} INFO - [2026-04-15T11:18:52.697+0000] {dag.py:3947} INFO - Setting next_dagrun for firepoint_dbt_daily to 2026-04-15 00:00:00+00:00, run_after=2026-04-16 00:00:00+00:00
[2026-04-15T11:18:52.707+0000] {logging_mixin.py:188} INFO - [2026-04-15T11:18:52.706+0000] {dag.py:3947} INFO - Setting next_dagrun for firepoint_dbt_hourly to 2026-04-15 11:00:00+00:00, run_after=2026-04-15 12:00:00+00:00
[2026-04-15T11:18:52.746+0000] {processor.py:183} INFO - Processing /opt/airflow/dags/dbt_dag.py took 0.223 seconds
[2026-04-15T11:19:23.046+0000] {processor.py:161} INFO - Started process (PID=970) to work on /opt/airflow/dags/dbt_dag.py
[2026-04-15T11:19:23.048+0000] {processor.py:830} INFO - Processing file /opt/airflow/dags/dbt_dag.py for tasks to queue
[2026-04-15T11:19:23.053+0000] {logging_mixin.py:188} INFO - [2026-04-15T11:19:23.052+0000] {dagbag.py:545} INFO - Filling up the DagBag from /opt/airflow/dags/dbt_dag.py
[2026-04-15T11:19:23.098+0000] {processor.py:840} INFO - DAG(s) 'firepoint_dbt_daily', 'firepoint_dbt_hourly' retrieved from /opt/airflow/dags/dbt_dag.py
[2026-04-15T11:19:23.173+0000] {logging_mixin.py:188} INFO - [2026-04-15T11:19:23.172+0000] {dag.py:3089} INFO - Sync 2 DAGs
[2026-04-15T11:19:23.223+0000] {logging_mixin.py:188} INFO - [2026-04-15T11:19:23.222+0000] {dag.py:3947} INFO - Setting next_dagrun for firepoint_dbt_daily to 2026-04-15 00:00:00+00:00, run_after=2026-04-16 00:00:00+00:00
[2026-04-15T11:19:23.235+0000] {logging_mixin.py:188} INFO - [2026-04-15T11:19:23.234+0000] {dag.py:3947} INFO - Setting next_dagrun for firepoint_dbt_hourly to 2026-04-15 11:00:00+00:00, run_after=2026-04-15 12:00:00+00:00
[2026-04-15T11:19:23.282+0000] {processor.py:183} INFO - Processing /opt/airflow/dags/dbt_dag.py took 0.250 seconds
[2026-04-15T11:19:53.602+0000] {processor.py:161} INFO - Started process (PID=988) to work on /opt/airflow/dags/dbt_dag.py
[2026-04-15T11:19:53.604+0000] {processor.py:830} INFO - Processing file /opt/airflow/dags/dbt_dag.py for tasks to queue
[2026-04-15T11:19:53.608+0000] {logging_mixin.py:188} INFO - [2026-04-15T11:19:53.608+0000] {dagbag.py:545} INFO - Filling up the DagBag from /opt/airflow/dags/dbt_dag.py
[2026-04-15T11:19:53.652+0000] {processor.py:840} INFO - DAG(s) 'firepoint_dbt_hourly', 'firepoint_dbt_daily' retrieved from /opt/airflow/dags/dbt_dag.py
[2026-04-15T11:19:53.716+0000] {logging_mixin.py:188} INFO - [2026-04-15T11:19:53.715+0000] {dag.py:3089} INFO - Sync 2 DAGs
[2026-04-15T11:19:53.762+0000] {logging_mixin.py:188} INFO - [2026-04-15T11:19:53.762+0000] {dag.py:3947} INFO - Setting next_dagrun for firepoint_dbt_daily to 2026-04-15 00:00:00+00:00, run_after=2026-04-16 00:00:00+00:00
[2026-04-15T11:19:53.772+0000] {logging_mixin.py:188} INFO - [2026-04-15T11:19:53.772+0000] {dag.py:3947} INFO - Setting next_dagrun for firepoint_dbt_hourly to 2026-04-15 11:00:00+00:00, run_after=2026-04-15 12:00:00+00:00
[2026-04-15T11:19:53.801+0000] {processor.py:183} INFO - Processing /opt/airflow/dags/dbt_dag.py took 0.212 seconds
