[2026-04-15T10:47:13.364+0000] {processor.py:161} INFO - Started process (PID=181) to work on /opt/airflow/dags/etl_dag.py
[2026-04-15T10:47:13.369+0000] {processor.py:830} INFO - Processing file /opt/airflow/dags/etl_dag.py for tasks to queue
[2026-04-15T10:47:13.383+0000] {logging_mixin.py:188} INFO - [2026-04-15T10:47:13.382+0000] {dagbag.py:545} INFO - Filling up the DagBag from /opt/airflow/dags/etl_dag.py
[2026-04-15T10:47:17.055+0000] {processor.py:840} INFO - DAG(s) 'firepoint_etl' retrieved from /opt/airflow/dags/etl_dag.py
[2026-04-15T10:47:18.715+0000] {logging_mixin.py:188} INFO - [2026-04-15T10:47:18.696+0000] {dag.py:3089} INFO - Sync 1 DAGs
[2026-04-15T10:47:18.832+0000] {logging_mixin.py:188} INFO - [2026-04-15T10:47:18.832+0000] {dag.py:3947} INFO - Setting next_dagrun for firepoint_etl to 2026-04-14 00:00:00+00:00, run_after=2026-04-15 00:00:00+00:00
[2026-04-15T10:47:19.374+0000] {processor.py:183} INFO - Processing /opt/airflow/dags/etl_dag.py took 6.036 seconds
[2026-04-15T10:47:49.659+0000] {processor.py:161} INFO - Started process (PID=280) to work on /opt/airflow/dags/etl_dag.py
[2026-04-15T10:47:49.661+0000] {processor.py:830} INFO - Processing file /opt/airflow/dags/etl_dag.py for tasks to queue
[2026-04-15T10:47:49.664+0000] {logging_mixin.py:188} INFO - [2026-04-15T10:47:49.664+0000] {dagbag.py:545} INFO - Filling up the DagBag from /opt/airflow/dags/etl_dag.py
[2026-04-15T10:47:50.257+0000] {processor.py:840} INFO - DAG(s) 'firepoint_etl' retrieved from /opt/airflow/dags/etl_dag.py
[2026-04-15T10:47:50.282+0000] {logging_mixin.py:188} INFO - [2026-04-15T10:47:50.282+0000] {dag.py:3089} INFO - Sync 1 DAGs
[2026-04-15T10:47:50.303+0000] {logging_mixin.py:188} INFO - [2026-04-15T10:47:50.303+0000] {dag.py:3947} INFO - Setting next_dagrun for firepoint_etl to 2026-04-15 00:00:00+00:00, run_after=2026-04-16 00:00:00+00:00
[2026-04-15T10:47:50.328+0000] {processor.py:183} INFO - Processing /opt/airflow/dags/etl_dag.py took 0.676 seconds
[2026-04-15T10:48:20.721+0000] {processor.py:161} INFO - Started process (PID=298) to work on /opt/airflow/dags/etl_dag.py
[2026-04-15T10:48:20.723+0000] {processor.py:830} INFO - Processing file /opt/airflow/dags/etl_dag.py for tasks to queue
[2026-04-15T10:48:20.727+0000] {logging_mixin.py:188} INFO - [2026-04-15T10:48:20.726+0000] {dagbag.py:545} INFO - Filling up the DagBag from /opt/airflow/dags/etl_dag.py
[2026-04-15T10:48:21.654+0000] {processor.py:840} INFO - DAG(s) 'firepoint_etl' retrieved from /opt/airflow/dags/etl_dag.py
[2026-04-15T10:48:21.746+0000] {logging_mixin.py:188} INFO - [2026-04-15T10:48:21.746+0000] {dag.py:3089} INFO - Sync 1 DAGs
[2026-04-15T10:48:21.824+0000] {logging_mixin.py:188} INFO - [2026-04-15T10:48:21.824+0000] {dag.py:3947} INFO - Setting next_dagrun for firepoint_etl to 2026-04-15 00:00:00+00:00, run_after=2026-04-16 00:00:00+00:00
[2026-04-15T10:48:21.875+0000] {processor.py:183} INFO - Processing /opt/airflow/dags/etl_dag.py took 1.166 seconds
[2026-04-15T10:48:52.341+0000] {processor.py:161} INFO - Started process (PID=316) to work on /opt/airflow/dags/etl_dag.py
[2026-04-15T10:48:52.342+0000] {processor.py:830} INFO - Processing file /opt/airflow/dags/etl_dag.py for tasks to queue
[2026-04-15T10:48:52.345+0000] {logging_mixin.py:188} INFO - [2026-04-15T10:48:52.345+0000] {dagbag.py:545} INFO - Filling up the DagBag from /opt/airflow/dags/etl_dag.py
[2026-04-15T10:48:53.041+0000] {processor.py:840} INFO - DAG(s) 'firepoint_etl' retrieved from /opt/airflow/dags/etl_dag.py
[2026-04-15T10:48:53.080+0000] {logging_mixin.py:188} INFO - [2026-04-15T10:48:53.079+0000] {dag.py:3089} INFO - Sync 1 DAGs
[2026-04-15T10:48:53.108+0000] {logging_mixin.py:188} INFO - [2026-04-15T10:48:53.108+0000] {dag.py:3947} INFO - Setting next_dagrun for firepoint_etl to 2026-04-15 00:00:00+00:00, run_after=2026-04-16 00:00:00+00:00
[2026-04-15T10:48:53.166+0000] {processor.py:183} INFO - Processing /opt/airflow/dags/etl_dag.py took 0.832 seconds
[2026-04-15T10:49:23.580+0000] {processor.py:161} INFO - Started process (PID=334) to work on /opt/airflow/dags/etl_dag.py
[2026-04-15T10:49:23.584+0000] {processor.py:830} INFO - Processing file /opt/airflow/dags/etl_dag.py for tasks to queue
[2026-04-15T10:49:23.589+0000] {logging_mixin.py:188} INFO - [2026-04-15T10:49:23.588+0000] {dagbag.py:545} INFO - Filling up the DagBag from /opt/airflow/dags/etl_dag.py
[2026-04-15T10:49:24.258+0000] {processor.py:840} INFO - DAG(s) 'firepoint_etl' retrieved from /opt/airflow/dags/etl_dag.py
[2026-04-15T10:49:24.288+0000] {logging_mixin.py:188} INFO - [2026-04-15T10:49:24.287+0000] {dag.py:3089} INFO - Sync 1 DAGs
[2026-04-15T10:49:24.306+0000] {logging_mixin.py:188} INFO - [2026-04-15T10:49:24.306+0000] {dag.py:3947} INFO - Setting next_dagrun for firepoint_etl to 2026-04-15 00:00:00+00:00, run_after=2026-04-16 00:00:00+00:00
[2026-04-15T10:49:24.328+0000] {processor.py:183} INFO - Processing /opt/airflow/dags/etl_dag.py took 0.766 seconds
[2026-04-15T10:49:54.786+0000] {processor.py:161} INFO - Started process (PID=352) to work on /opt/airflow/dags/etl_dag.py
[2026-04-15T10:49:54.788+0000] {processor.py:830} INFO - Processing file /opt/airflow/dags/etl_dag.py for tasks to queue
[2026-04-15T10:49:54.793+0000] {logging_mixin.py:188} INFO - [2026-04-15T10:49:54.792+0000] {dagbag.py:545} INFO - Filling up the DagBag from /opt/airflow/dags/etl_dag.py
[2026-04-15T10:49:55.474+0000] {processor.py:840} INFO - DAG(s) 'firepoint_etl' retrieved from /opt/airflow/dags/etl_dag.py
[2026-04-15T10:49:55.505+0000] {logging_mixin.py:188} INFO - [2026-04-15T10:49:55.505+0000] {dag.py:3089} INFO - Sync 1 DAGs
[2026-04-15T10:49:55.527+0000] {logging_mixin.py:188} INFO - [2026-04-15T10:49:55.527+0000] {dag.py:3947} INFO - Setting next_dagrun for firepoint_etl to 2026-04-15 00:00:00+00:00, run_after=2026-04-16 00:00:00+00:00
[2026-04-15T10:49:55.551+0000] {processor.py:183} INFO - Processing /opt/airflow/dags/etl_dag.py took 0.773 seconds
[2026-04-15T10:50:25.739+0000] {processor.py:161} INFO - Started process (PID=370) to work on /opt/airflow/dags/etl_dag.py
[2026-04-15T10:50:25.741+0000] {processor.py:830} INFO - Processing file /opt/airflow/dags/etl_dag.py for tasks to queue
[2026-04-15T10:50:25.744+0000] {logging_mixin.py:188} INFO - [2026-04-15T10:50:25.744+0000] {dagbag.py:545} INFO - Filling up the DagBag from /opt/airflow/dags/etl_dag.py
[2026-04-15T10:50:26.251+0000] {processor.py:840} INFO - DAG(s) 'firepoint_etl' retrieved from /opt/airflow/dags/etl_dag.py
[2026-04-15T10:50:26.287+0000] {logging_mixin.py:188} INFO - [2026-04-15T10:50:26.286+0000] {dag.py:3089} INFO - Sync 1 DAGs
[2026-04-15T10:50:26.310+0000] {logging_mixin.py:188} INFO - [2026-04-15T10:50:26.310+0000] {dag.py:3947} INFO - Setting next_dagrun for firepoint_etl to 2026-04-15 00:00:00+00:00, run_after=2026-04-16 00:00:00+00:00
[2026-04-15T10:50:26.337+0000] {processor.py:183} INFO - Processing /opt/airflow/dags/etl_dag.py took 0.607 seconds
[2026-04-15T10:50:57.097+0000] {processor.py:161} INFO - Started process (PID=396) to work on /opt/airflow/dags/etl_dag.py
[2026-04-15T10:50:57.098+0000] {processor.py:830} INFO - Processing file /opt/airflow/dags/etl_dag.py for tasks to queue
[2026-04-15T10:50:57.100+0000] {logging_mixin.py:188} INFO - [2026-04-15T10:50:57.100+0000] {dagbag.py:545} INFO - Filling up the DagBag from /opt/airflow/dags/etl_dag.py
[2026-04-15T10:50:57.681+0000] {processor.py:840} INFO - DAG(s) 'firepoint_etl' retrieved from /opt/airflow/dags/etl_dag.py
[2026-04-15T10:50:57.727+0000] {logging_mixin.py:188} INFO - [2026-04-15T10:50:57.726+0000] {dag.py:3089} INFO - Sync 1 DAGs
[2026-04-15T10:50:57.772+0000] {logging_mixin.py:188} INFO - [2026-04-15T10:50:57.772+0000] {dag.py:3947} INFO - Setting next_dagrun for firepoint_etl to 2026-04-15 00:00:00+00:00, run_after=2026-04-16 00:00:00+00:00
[2026-04-15T10:50:57.805+0000] {processor.py:183} INFO - Processing /opt/airflow/dags/etl_dag.py took 0.718 seconds
[2026-04-15T10:51:28.670+0000] {processor.py:161} INFO - Started process (PID=414) to work on /opt/airflow/dags/etl_dag.py
[2026-04-15T10:51:28.672+0000] {processor.py:830} INFO - Processing file /opt/airflow/dags/etl_dag.py for tasks to queue
[2026-04-15T10:51:28.675+0000] {logging_mixin.py:188} INFO - [2026-04-15T10:51:28.674+0000] {dagbag.py:545} INFO - Filling up the DagBag from /opt/airflow/dags/etl_dag.py
[2026-04-15T10:51:29.185+0000] {processor.py:840} INFO - DAG(s) 'firepoint_etl' retrieved from /opt/airflow/dags/etl_dag.py
[2026-04-15T10:51:29.226+0000] {logging_mixin.py:188} INFO - [2026-04-15T10:51:29.225+0000] {dag.py:3089} INFO - Sync 1 DAGs
[2026-04-15T10:51:29.253+0000] {logging_mixin.py:188} INFO - [2026-04-15T10:51:29.253+0000] {dag.py:3947} INFO - Setting next_dagrun for firepoint_etl to 2026-04-15 00:00:00+00:00, run_after=2026-04-16 00:00:00+00:00
[2026-04-15T10:51:29.290+0000] {processor.py:183} INFO - Processing /opt/airflow/dags/etl_dag.py took 0.626 seconds
[2026-04-15T10:52:00.218+0000] {processor.py:161} INFO - Started process (PID=436) to work on /opt/airflow/dags/etl_dag.py
[2026-04-15T10:52:00.222+0000] {processor.py:830} INFO - Processing file /opt/airflow/dags/etl_dag.py for tasks to queue
[2026-04-15T10:52:00.228+0000] {logging_mixin.py:188} INFO - [2026-04-15T10:52:00.227+0000] {dagbag.py:545} INFO - Filling up the DagBag from /opt/airflow/dags/etl_dag.py
[2026-04-15T10:52:00.886+0000] {processor.py:840} INFO - DAG(s) 'firepoint_etl' retrieved from /opt/airflow/dags/etl_dag.py
[2026-04-15T10:52:00.942+0000] {logging_mixin.py:188} INFO - [2026-04-15T10:52:00.942+0000] {dag.py:3089} INFO - Sync 1 DAGs
[2026-04-15T10:52:00.980+0000] {logging_mixin.py:188} INFO - [2026-04-15T10:52:00.980+0000] {dag.py:3947} INFO - Setting next_dagrun for firepoint_etl to 2026-04-15 00:00:00+00:00, run_after=2026-04-16 00:00:00+00:00
[2026-04-15T10:52:01.009+0000] {processor.py:183} INFO - Processing /opt/airflow/dags/etl_dag.py took 0.814 seconds
[2026-04-15T10:52:31.709+0000] {processor.py:161} INFO - Started process (PID=458) to work on /opt/airflow/dags/etl_dag.py
[2026-04-15T10:52:31.711+0000] {processor.py:830} INFO - Processing file /opt/airflow/dags/etl_dag.py for tasks to queue
[2026-04-15T10:52:31.715+0000] {logging_mixin.py:188} INFO - [2026-04-15T10:52:31.715+0000] {dagbag.py:545} INFO - Filling up the DagBag from /opt/airflow/dags/etl_dag.py
[2026-04-15T10:52:32.308+0000] {processor.py:840} INFO - DAG(s) 'firepoint_etl' retrieved from /opt/airflow/dags/etl_dag.py
[2026-04-15T10:52:32.341+0000] {logging_mixin.py:188} INFO - [2026-04-15T10:52:32.341+0000] {dag.py:3089} INFO - Sync 1 DAGs
[2026-04-15T10:52:32.368+0000] {logging_mixin.py:188} INFO - [2026-04-15T10:52:32.367+0000] {dag.py:3947} INFO - Setting next_dagrun for firepoint_etl to 2026-04-15 00:00:00+00:00, run_after=2026-04-16 00:00:00+00:00
[2026-04-15T10:52:32.393+0000] {processor.py:183} INFO - Processing /opt/airflow/dags/etl_dag.py took 0.695 seconds
[2026-04-15T10:53:03.120+0000] {processor.py:161} INFO - Started process (PID=481) to work on /opt/airflow/dags/etl_dag.py
[2026-04-15T10:53:03.121+0000] {processor.py:830} INFO - Processing file /opt/airflow/dags/etl_dag.py for tasks to queue
[2026-04-15T10:53:03.125+0000] {logging_mixin.py:188} INFO - [2026-04-15T10:53:03.125+0000] {dagbag.py:545} INFO - Filling up the DagBag from /opt/airflow/dags/etl_dag.py
[2026-04-15T10:53:03.912+0000] {processor.py:840} INFO - DAG(s) 'firepoint_etl' retrieved from /opt/airflow/dags/etl_dag.py
[2026-04-15T10:53:03.947+0000] {logging_mixin.py:188} INFO - [2026-04-15T10:53:03.946+0000] {dag.py:3089} INFO - Sync 1 DAGs
[2026-04-15T10:53:03.977+0000] {logging_mixin.py:188} INFO - [2026-04-15T10:53:03.977+0000] {dag.py:3947} INFO - Setting next_dagrun for firepoint_etl to 2026-04-15 00:00:00+00:00, run_after=2026-04-16 00:00:00+00:00
[2026-04-15T10:53:04.002+0000] {processor.py:183} INFO - Processing /opt/airflow/dags/etl_dag.py took 0.896 seconds
[2026-04-15T10:53:34.405+0000] {processor.py:161} INFO - Started process (PID=502) to work on /opt/airflow/dags/etl_dag.py
[2026-04-15T10:53:34.408+0000] {processor.py:830} INFO - Processing file /opt/airflow/dags/etl_dag.py for tasks to queue
[2026-04-15T10:53:34.410+0000] {logging_mixin.py:188} INFO - [2026-04-15T10:53:34.410+0000] {dagbag.py:545} INFO - Filling up the DagBag from /opt/airflow/dags/etl_dag.py
[2026-04-15T10:53:34.968+0000] {processor.py:840} INFO - DAG(s) 'firepoint_etl' retrieved from /opt/airflow/dags/etl_dag.py
[2026-04-15T10:53:35.004+0000] {logging_mixin.py:188} INFO - [2026-04-15T10:53:35.003+0000] {dag.py:3089} INFO - Sync 1 DAGs
[2026-04-15T10:53:35.033+0000] {logging_mixin.py:188} INFO - [2026-04-15T10:53:35.033+0000] {dag.py:3947} INFO - Setting next_dagrun for firepoint_etl to 2026-04-15 00:00:00+00:00, run_after=2026-04-16 00:00:00+00:00
[2026-04-15T10:53:35.060+0000] {processor.py:183} INFO - Processing /opt/airflow/dags/etl_dag.py took 0.666 seconds
[2026-04-15T10:54:05.961+0000] {processor.py:161} INFO - Started process (PID=520) to work on /opt/airflow/dags/etl_dag.py
[2026-04-15T10:54:05.963+0000] {processor.py:830} INFO - Processing file /opt/airflow/dags/etl_dag.py for tasks to queue
[2026-04-15T10:54:05.966+0000] {logging_mixin.py:188} INFO - [2026-04-15T10:54:05.965+0000] {dagbag.py:545} INFO - Filling up the DagBag from /opt/airflow/dags/etl_dag.py
[2026-04-15T10:54:06.547+0000] {processor.py:840} INFO - DAG(s) 'firepoint_etl' retrieved from /opt/airflow/dags/etl_dag.py
[2026-04-15T10:54:06.590+0000] {logging_mixin.py:188} INFO - [2026-04-15T10:54:06.590+0000] {dag.py:3089} INFO - Sync 1 DAGs
[2026-04-15T10:54:06.616+0000] {logging_mixin.py:188} INFO - [2026-04-15T10:54:06.615+0000] {dag.py:3947} INFO - Setting next_dagrun for firepoint_etl to 2026-04-15 00:00:00+00:00, run_after=2026-04-16 00:00:00+00:00
[2026-04-15T10:54:06.640+0000] {processor.py:183} INFO - Processing /opt/airflow/dags/etl_dag.py took 0.686 seconds
[2026-04-15T10:54:37.495+0000] {processor.py:161} INFO - Started process (PID=538) to work on /opt/airflow/dags/etl_dag.py
[2026-04-15T10:54:37.498+0000] {processor.py:830} INFO - Processing file /opt/airflow/dags/etl_dag.py for tasks to queue
[2026-04-15T10:54:37.501+0000] {logging_mixin.py:188} INFO - [2026-04-15T10:54:37.501+0000] {dagbag.py:545} INFO - Filling up the DagBag from /opt/airflow/dags/etl_dag.py
[2026-04-15T10:54:38.089+0000] {processor.py:840} INFO - DAG(s) 'firepoint_etl' retrieved from /opt/airflow/dags/etl_dag.py
[2026-04-15T10:54:38.154+0000] {logging_mixin.py:188} INFO - [2026-04-15T10:54:38.154+0000] {dag.py:3089} INFO - Sync 1 DAGs
[2026-04-15T10:54:38.191+0000] {logging_mixin.py:188} INFO - [2026-04-15T10:54:38.190+0000] {dag.py:3947} INFO - Setting next_dagrun for firepoint_etl to 2026-04-15 00:00:00+00:00, run_after=2026-04-16 00:00:00+00:00
[2026-04-15T10:54:38.232+0000] {processor.py:183} INFO - Processing /opt/airflow/dags/etl_dag.py took 0.746 seconds
[2026-04-15T10:55:09.049+0000] {processor.py:161} INFO - Started process (PID=562) to work on /opt/airflow/dags/etl_dag.py
[2026-04-15T10:55:09.051+0000] {processor.py:830} INFO - Processing file /opt/airflow/dags/etl_dag.py for tasks to queue
[2026-04-15T10:55:09.053+0000] {logging_mixin.py:188} INFO - [2026-04-15T10:55:09.053+0000] {dagbag.py:545} INFO - Filling up the DagBag from /opt/airflow/dags/etl_dag.py
[2026-04-15T10:55:09.516+0000] {processor.py:840} INFO - DAG(s) 'firepoint_etl' retrieved from /opt/airflow/dags/etl_dag.py
[2026-04-15T10:55:09.551+0000] {logging_mixin.py:188} INFO - [2026-04-15T10:55:09.550+0000] {dag.py:3089} INFO - Sync 1 DAGs
[2026-04-15T10:55:09.571+0000] {logging_mixin.py:188} INFO - [2026-04-15T10:55:09.571+0000] {dag.py:3947} INFO - Setting next_dagrun for firepoint_etl to 2026-04-15 00:00:00+00:00, run_after=2026-04-16 00:00:00+00:00
[2026-04-15T10:55:09.598+0000] {processor.py:183} INFO - Processing /opt/airflow/dags/etl_dag.py took 0.556 seconds
[2026-04-15T10:55:39.998+0000] {processor.py:161} INFO - Started process (PID=583) to work on /opt/airflow/dags/etl_dag.py
[2026-04-15T10:55:39.999+0000] {processor.py:830} INFO - Processing file /opt/airflow/dags/etl_dag.py for tasks to queue
[2026-04-15T10:55:40.001+0000] {logging_mixin.py:188} INFO - [2026-04-15T10:55:40.001+0000] {dagbag.py:545} INFO - Filling up the DagBag from /opt/airflow/dags/etl_dag.py
[2026-04-15T10:55:40.745+0000] {processor.py:840} INFO - DAG(s) 'firepoint_etl' retrieved from /opt/airflow/dags/etl_dag.py
[2026-04-15T10:55:40.806+0000] {logging_mixin.py:188} INFO - [2026-04-15T10:55:40.805+0000] {dag.py:3089} INFO - Sync 1 DAGs
[2026-04-15T10:55:40.832+0000] {logging_mixin.py:188} INFO - [2026-04-15T10:55:40.832+0000] {dag.py:3947} INFO - Setting next_dagrun for firepoint_etl to 2026-04-15 00:00:00+00:00, run_after=2026-04-16 00:00:00+00:00
[2026-04-15T10:55:40.859+0000] {processor.py:183} INFO - Processing /opt/airflow/dags/etl_dag.py took 0.867 seconds
[2026-04-15T10:56:11.766+0000] {processor.py:161} INFO - Started process (PID=604) to work on /opt/airflow/dags/etl_dag.py
[2026-04-15T10:56:11.767+0000] {processor.py:830} INFO - Processing file /opt/airflow/dags/etl_dag.py for tasks to queue
[2026-04-15T10:56:11.769+0000] {logging_mixin.py:188} INFO - [2026-04-15T10:56:11.769+0000] {dagbag.py:545} INFO - Filling up the DagBag from /opt/airflow/dags/etl_dag.py
[2026-04-15T10:56:12.224+0000] {processor.py:840} INFO - DAG(s) 'firepoint_etl' retrieved from /opt/airflow/dags/etl_dag.py
[2026-04-15T10:56:12.262+0000] {logging_mixin.py:188} INFO - [2026-04-15T10:56:12.262+0000] {dag.py:3089} INFO - Sync 1 DAGs
[2026-04-15T10:56:12.290+0000] {logging_mixin.py:188} INFO - [2026-04-15T10:56:12.290+0000] {dag.py:3947} INFO - Setting next_dagrun for firepoint_etl to 2026-04-15 00:00:00+00:00, run_after=2026-04-16 00:00:00+00:00
[2026-04-15T10:56:12.322+0000] {processor.py:183} INFO - Processing /opt/airflow/dags/etl_dag.py took 0.567 seconds
[2026-04-15T10:56:37.198+0000] {processor.py:161} INFO - Started process (PID=184) to work on /opt/airflow/dags/etl_dag.py
[2026-04-15T10:56:37.200+0000] {processor.py:830} INFO - Processing file /opt/airflow/dags/etl_dag.py for tasks to queue
[2026-04-15T10:56:37.203+0000] {logging_mixin.py:188} INFO - [2026-04-15T10:56:37.203+0000] {dagbag.py:545} INFO - Filling up the DagBag from /opt/airflow/dags/etl_dag.py
[2026-04-15T10:56:38.006+0000] {processor.py:840} INFO - DAG(s) 'firepoint_etl' retrieved from /opt/airflow/dags/etl_dag.py
[2026-04-15T10:56:38.162+0000] {logging_mixin.py:188} INFO - [2026-04-15T10:56:38.162+0000] {dag.py:3089} INFO - Sync 1 DAGs
[2026-04-15T10:56:38.186+0000] {logging_mixin.py:188} INFO - [2026-04-15T10:56:38.185+0000] {dag.py:3947} INFO - Setting next_dagrun for firepoint_etl to 2026-04-15 00:00:00+00:00, run_after=2026-04-16 00:00:00+00:00
[2026-04-15T10:56:38.209+0000] {processor.py:183} INFO - Processing /opt/airflow/dags/etl_dag.py took 1.018 seconds
[2026-04-15T10:57:08.700+0000] {processor.py:161} INFO - Started process (PID=207) to work on /opt/airflow/dags/etl_dag.py
[2026-04-15T10:57:08.701+0000] {processor.py:830} INFO - Processing file /opt/airflow/dags/etl_dag.py for tasks to queue
[2026-04-15T10:57:08.704+0000] {logging_mixin.py:188} INFO - [2026-04-15T10:57:08.703+0000] {dagbag.py:545} INFO - Filling up the DagBag from /opt/airflow/dags/etl_dag.py
[2026-04-15T10:57:09.738+0000] {processor.py:840} INFO - DAG(s) 'firepoint_etl' retrieved from /opt/airflow/dags/etl_dag.py
[2026-04-15T10:57:09.772+0000] {logging_mixin.py:188} INFO - [2026-04-15T10:57:09.772+0000] {dag.py:3089} INFO - Sync 1 DAGs
[2026-04-15T10:57:09.793+0000] {logging_mixin.py:188} INFO - [2026-04-15T10:57:09.793+0000] {dag.py:3947} INFO - Setting next_dagrun for firepoint_etl to 2026-04-15 00:00:00+00:00, run_after=2026-04-16 00:00:00+00:00
[2026-04-15T10:57:09.823+0000] {processor.py:183} INFO - Processing /opt/airflow/dags/etl_dag.py took 1.135 seconds
[2026-04-15T10:58:02.833+0000] {processor.py:161} INFO - Started process (PID=188) to work on /opt/airflow/dags/etl_dag.py
[2026-04-15T10:58:02.837+0000] {processor.py:830} INFO - Processing file /opt/airflow/dags/etl_dag.py for tasks to queue
[2026-04-15T10:58:02.848+0000] {logging_mixin.py:188} INFO - [2026-04-15T10:58:02.847+0000] {dagbag.py:545} INFO - Filling up the DagBag from /opt/airflow/dags/etl_dag.py
[2026-04-15T10:58:05.091+0000] {processor.py:840} INFO - DAG(s) 'firepoint_etl' retrieved from /opt/airflow/dags/etl_dag.py
[2026-04-15T10:58:05.327+0000] {logging_mixin.py:188} INFO - [2026-04-15T10:58:05.326+0000] {dag.py:3089} INFO - Sync 1 DAGs
[2026-04-15T10:58:05.348+0000] {logging_mixin.py:188} INFO - [2026-04-15T10:58:05.348+0000] {dag.py:3947} INFO - Setting next_dagrun for firepoint_etl to 2026-04-15 00:00:00+00:00, run_after=2026-04-16 00:00:00+00:00
[2026-04-15T10:58:05.376+0000] {processor.py:183} INFO - Processing /opt/airflow/dags/etl_dag.py took 2.555 seconds
[2026-04-15T10:58:35.707+0000] {processor.py:161} INFO - Started process (PID=210) to work on /opt/airflow/dags/etl_dag.py
[2026-04-15T10:58:35.709+0000] {processor.py:830} INFO - Processing file /opt/airflow/dags/etl_dag.py for tasks to queue
[2026-04-15T10:58:35.713+0000] {logging_mixin.py:188} INFO - [2026-04-15T10:58:35.713+0000] {dagbag.py:545} INFO - Filling up the DagBag from /opt/airflow/dags/etl_dag.py
[2026-04-15T10:58:36.455+0000] {processor.py:840} INFO - DAG(s) 'firepoint_etl' retrieved from /opt/airflow/dags/etl_dag.py
[2026-04-15T10:58:36.504+0000] {logging_mixin.py:188} INFO - [2026-04-15T10:58:36.504+0000] {dag.py:3089} INFO - Sync 1 DAGs
[2026-04-15T10:58:36.532+0000] {logging_mixin.py:188} INFO - [2026-04-15T10:58:36.532+0000] {dag.py:3947} INFO - Setting next_dagrun for firepoint_etl to 2026-04-15 00:00:00+00:00, run_after=2026-04-16 00:00:00+00:00
[2026-04-15T10:58:36.552+0000] {processor.py:183} INFO - Processing /opt/airflow/dags/etl_dag.py took 0.854 seconds
[2026-04-15T10:59:07.103+0000] {processor.py:161} INFO - Started process (PID=267) to work on /opt/airflow/dags/etl_dag.py
[2026-04-15T10:59:07.108+0000] {processor.py:830} INFO - Processing file /opt/airflow/dags/etl_dag.py for tasks to queue
[2026-04-15T10:59:07.117+0000] {logging_mixin.py:188} INFO - [2026-04-15T10:59:07.113+0000] {dagbag.py:545} INFO - Filling up the DagBag from /opt/airflow/dags/etl_dag.py
[2026-04-15T10:59:08.420+0000] {processor.py:840} INFO - DAG(s) 'firepoint_etl' retrieved from /opt/airflow/dags/etl_dag.py
[2026-04-15T10:59:08.453+0000] {logging_mixin.py:188} INFO - [2026-04-15T10:59:08.452+0000] {dag.py:3089} INFO - Sync 1 DAGs
[2026-04-15T10:59:08.486+0000] {logging_mixin.py:188} INFO - [2026-04-15T10:59:08.485+0000] {dag.py:3947} INFO - Setting next_dagrun for firepoint_etl to 2026-04-15 00:00:00+00:00, run_after=2026-04-16 00:00:00+00:00
[2026-04-15T10:59:08.516+0000] {processor.py:183} INFO - Processing /opt/airflow/dags/etl_dag.py took 1.425 seconds
[2026-04-15T10:59:39.051+0000] {processor.py:161} INFO - Started process (PID=285) to work on /opt/airflow/dags/etl_dag.py
[2026-04-15T10:59:39.052+0000] {processor.py:830} INFO - Processing file /opt/airflow/dags/etl_dag.py for tasks to queue
[2026-04-15T10:59:39.056+0000] {logging_mixin.py:188} INFO - [2026-04-15T10:59:39.055+0000] {dagbag.py:545} INFO - Filling up the DagBag from /opt/airflow/dags/etl_dag.py
[2026-04-15T10:59:39.711+0000] {processor.py:840} INFO - DAG(s) 'firepoint_etl' retrieved from /opt/airflow/dags/etl_dag.py
[2026-04-15T10:59:39.801+0000] {logging_mixin.py:188} INFO - [2026-04-15T10:59:39.801+0000] {dag.py:3089} INFO - Sync 1 DAGs
[2026-04-15T10:59:39.855+0000] {logging_mixin.py:188} INFO - [2026-04-15T10:59:39.855+0000] {dag.py:3947} INFO - Setting next_dagrun for firepoint_etl to 2026-04-15 00:00:00+00:00, run_after=2026-04-16 00:00:00+00:00
[2026-04-15T10:59:39.881+0000] {processor.py:183} INFO - Processing /opt/airflow/dags/etl_dag.py took 0.839 seconds
[2026-04-15T11:00:10.304+0000] {processor.py:161} INFO - Started process (PID=351) to work on /opt/airflow/dags/etl_dag.py
[2026-04-15T11:00:10.306+0000] {processor.py:830} INFO - Processing file /opt/airflow/dags/etl_dag.py for tasks to queue
[2026-04-15T11:00:10.309+0000] {logging_mixin.py:188} INFO - [2026-04-15T11:00:10.308+0000] {dagbag.py:545} INFO - Filling up the DagBag from /opt/airflow/dags/etl_dag.py
[2026-04-15T11:00:10.901+0000] {processor.py:840} INFO - DAG(s) 'firepoint_etl' retrieved from /opt/airflow/dags/etl_dag.py
[2026-04-15T11:00:10.940+0000] {logging_mixin.py:188} INFO - [2026-04-15T11:00:10.939+0000] {dag.py:3089} INFO - Sync 1 DAGs
[2026-04-15T11:00:10.964+0000] {logging_mixin.py:188} INFO - [2026-04-15T11:00:10.964+0000] {dag.py:3947} INFO - Setting next_dagrun for firepoint_etl to 2026-04-15 00:00:00+00:00, run_after=2026-04-16 00:00:00+00:00
[2026-04-15T11:00:10.994+0000] {processor.py:183} INFO - Processing /opt/airflow/dags/etl_dag.py took 0.700 seconds
[2026-04-15T11:00:41.150+0000] {processor.py:161} INFO - Started process (PID=433) to work on /opt/airflow/dags/etl_dag.py
[2026-04-15T11:00:41.151+0000] {processor.py:830} INFO - Processing file /opt/airflow/dags/etl_dag.py for tasks to queue
[2026-04-15T11:00:41.155+0000] {logging_mixin.py:188} INFO - [2026-04-15T11:00:41.154+0000] {dagbag.py:545} INFO - Filling up the DagBag from /opt/airflow/dags/etl_dag.py
[2026-04-15T11:00:42.137+0000] {processor.py:840} INFO - DAG(s) 'firepoint_etl' retrieved from /opt/airflow/dags/etl_dag.py
[2026-04-15T11:00:42.175+0000] {logging_mixin.py:188} INFO - [2026-04-15T11:00:42.174+0000] {dag.py:3089} INFO - Sync 1 DAGs
[2026-04-15T11:00:42.198+0000] {logging_mixin.py:188} INFO - [2026-04-15T11:00:42.198+0000] {dag.py:3947} INFO - Setting next_dagrun for firepoint_etl to 2026-04-15 00:00:00+00:00, run_after=2026-04-16 00:00:00+00:00
[2026-04-15T11:00:42.223+0000] {processor.py:183} INFO - Processing /opt/airflow/dags/etl_dag.py took 1.086 seconds
[2026-04-15T11:01:12.638+0000] {processor.py:161} INFO - Started process (PID=451) to work on /opt/airflow/dags/etl_dag.py
[2026-04-15T11:01:12.640+0000] {processor.py:830} INFO - Processing file /opt/airflow/dags/etl_dag.py for tasks to queue
[2026-04-15T11:01:12.644+0000] {logging_mixin.py:188} INFO - [2026-04-15T11:01:12.643+0000] {dagbag.py:545} INFO - Filling up the DagBag from /opt/airflow/dags/etl_dag.py
[2026-04-15T11:01:13.345+0000] {processor.py:840} INFO - DAG(s) 'firepoint_etl' retrieved from /opt/airflow/dags/etl_dag.py
[2026-04-15T11:01:13.403+0000] {logging_mixin.py:188} INFO - [2026-04-15T11:01:13.402+0000] {dag.py:3089} INFO - Sync 1 DAGs
[2026-04-15T11:01:13.431+0000] {logging_mixin.py:188} INFO - [2026-04-15T11:01:13.431+0000] {dag.py:3947} INFO - Setting next_dagrun for firepoint_etl to 2026-04-15 00:00:00+00:00, run_after=2026-04-16 00:00:00+00:00
[2026-04-15T11:01:13.485+0000] {processor.py:183} INFO - Processing /opt/airflow/dags/etl_dag.py took 0.864 seconds
[2026-04-15T11:01:44.016+0000] {processor.py:161} INFO - Started process (PID=469) to work on /opt/airflow/dags/etl_dag.py
[2026-04-15T11:01:44.017+0000] {processor.py:830} INFO - Processing file /opt/airflow/dags/etl_dag.py for tasks to queue
[2026-04-15T11:01:44.021+0000] {logging_mixin.py:188} INFO - [2026-04-15T11:01:44.020+0000] {dagbag.py:545} INFO - Filling up the DagBag from /opt/airflow/dags/etl_dag.py
[2026-04-15T11:01:44.630+0000] {processor.py:840} INFO - DAG(s) 'firepoint_etl' retrieved from /opt/airflow/dags/etl_dag.py
[2026-04-15T11:01:44.669+0000] {logging_mixin.py:188} INFO - [2026-04-15T11:01:44.669+0000] {dag.py:3089} INFO - Sync 1 DAGs
[2026-04-15T11:01:44.701+0000] {logging_mixin.py:188} INFO - [2026-04-15T11:01:44.700+0000] {dag.py:3947} INFO - Setting next_dagrun for firepoint_etl to 2026-04-15 00:00:00+00:00, run_after=2026-04-16 00:00:00+00:00
[2026-04-15T11:01:44.728+0000] {processor.py:183} INFO - Processing /opt/airflow/dags/etl_dag.py took 0.720 seconds
[2026-04-15T11:02:14.844+0000] {processor.py:161} INFO - Started process (PID=487) to work on /opt/airflow/dags/etl_dag.py
[2026-04-15T11:02:14.846+0000] {processor.py:830} INFO - Processing file /opt/airflow/dags/etl_dag.py for tasks to queue
[2026-04-15T11:02:14.849+0000] {logging_mixin.py:188} INFO - [2026-04-15T11:02:14.849+0000] {dagbag.py:545} INFO - Filling up the DagBag from /opt/airflow/dags/etl_dag.py
[2026-04-15T11:02:15.386+0000] {processor.py:840} INFO - DAG(s) 'firepoint_etl' retrieved from /opt/airflow/dags/etl_dag.py
[2026-04-15T11:02:15.424+0000] {logging_mixin.py:188} INFO - [2026-04-15T11:02:15.423+0000] {dag.py:3089} INFO - Sync 1 DAGs
[2026-04-15T11:02:15.447+0000] {logging_mixin.py:188} INFO - [2026-04-15T11:02:15.447+0000] {dag.py:3947} INFO - Setting next_dagrun for firepoint_etl to 2026-04-15 00:00:00+00:00, run_after=2026-04-16 00:00:00+00:00
[2026-04-15T11:02:15.482+0000] {processor.py:183} INFO - Processing /opt/airflow/dags/etl_dag.py took 0.645 seconds
[2026-04-15T11:07:10.415+0000] {processor.py:161} INFO - Started process (PID=509) to work on /opt/airflow/dags/etl_dag.py
[2026-04-15T11:07:10.424+0000] {processor.py:830} INFO - Processing file /opt/airflow/dags/etl_dag.py for tasks to queue
[2026-04-15T11:07:10.428+0000] {logging_mixin.py:188} INFO - [2026-04-15T11:07:10.427+0000] {dagbag.py:545} INFO - Filling up the DagBag from /opt/airflow/dags/etl_dag.py
[2026-04-15T11:07:11.699+0000] {processor.py:840} INFO - DAG(s) 'firepoint_etl' retrieved from /opt/airflow/dags/etl_dag.py
[2026-04-15T11:07:11.785+0000] {logging_mixin.py:188} INFO - [2026-04-15T11:07:11.785+0000] {dag.py:3089} INFO - Sync 1 DAGs
[2026-04-15T11:07:11.832+0000] {logging_mixin.py:188} INFO - [2026-04-15T11:07:11.832+0000] {dag.py:3947} INFO - Setting next_dagrun for firepoint_etl to 2026-04-15 00:00:00+00:00, run_after=2026-04-16 00:00:00+00:00
[2026-04-15T11:07:11.921+0000] {processor.py:183} INFO - Processing /opt/airflow/dags/etl_dag.py took 1.523 seconds
[2026-04-15T11:07:42.317+0000] {processor.py:161} INFO - Started process (PID=561) to work on /opt/airflow/dags/etl_dag.py
[2026-04-15T11:07:42.319+0000] {processor.py:830} INFO - Processing file /opt/airflow/dags/etl_dag.py for tasks to queue
[2026-04-15T11:07:42.321+0000] {logging_mixin.py:188} INFO - [2026-04-15T11:07:42.321+0000] {dagbag.py:545} INFO - Filling up the DagBag from /opt/airflow/dags/etl_dag.py
[2026-04-15T11:07:42.938+0000] {processor.py:840} INFO - DAG(s) 'firepoint_etl' retrieved from /opt/airflow/dags/etl_dag.py
[2026-04-15T11:07:42.980+0000] {logging_mixin.py:188} INFO - [2026-04-15T11:07:42.980+0000] {dag.py:3089} INFO - Sync 1 DAGs
[2026-04-15T11:07:43.022+0000] {logging_mixin.py:188} INFO - [2026-04-15T11:07:43.022+0000] {dag.py:3947} INFO - Setting next_dagrun for firepoint_etl to 2026-04-15 00:00:00+00:00, run_after=2026-04-16 00:00:00+00:00
[2026-04-15T11:07:43.054+0000] {processor.py:183} INFO - Processing /opt/airflow/dags/etl_dag.py took 0.744 seconds
[2026-04-15T11:08:13.731+0000] {processor.py:161} INFO - Started process (PID=579) to work on /opt/airflow/dags/etl_dag.py
[2026-04-15T11:08:13.733+0000] {processor.py:830} INFO - Processing file /opt/airflow/dags/etl_dag.py for tasks to queue
[2026-04-15T11:08:13.735+0000] {logging_mixin.py:188} INFO - [2026-04-15T11:08:13.734+0000] {dagbag.py:545} INFO - Filling up the DagBag from /opt/airflow/dags/etl_dag.py
[2026-04-15T11:08:14.355+0000] {processor.py:840} INFO - DAG(s) 'firepoint_etl' retrieved from /opt/airflow/dags/etl_dag.py
[2026-04-15T11:08:14.410+0000] {logging_mixin.py:188} INFO - [2026-04-15T11:08:14.409+0000] {dag.py:3089} INFO - Sync 1 DAGs
[2026-04-15T11:08:14.459+0000] {logging_mixin.py:188} INFO - [2026-04-15T11:08:14.459+0000] {dag.py:3947} INFO - Setting next_dagrun for firepoint_etl to 2026-04-15 00:00:00+00:00, run_after=2026-04-16 00:00:00+00:00
[2026-04-15T11:08:14.499+0000] {processor.py:183} INFO - Processing /opt/airflow/dags/etl_dag.py took 0.777 seconds
[2026-04-15T11:08:45.182+0000] {processor.py:161} INFO - Started process (PID=597) to work on /opt/airflow/dags/etl_dag.py
[2026-04-15T11:08:45.184+0000] {processor.py:830} INFO - Processing file /opt/airflow/dags/etl_dag.py for tasks to queue
[2026-04-15T11:08:45.186+0000] {logging_mixin.py:188} INFO - [2026-04-15T11:08:45.186+0000] {dagbag.py:545} INFO - Filling up the DagBag from /opt/airflow/dags/etl_dag.py
[2026-04-15T11:08:45.732+0000] {processor.py:840} INFO - DAG(s) 'firepoint_etl' retrieved from /opt/airflow/dags/etl_dag.py
[2026-04-15T11:08:45.784+0000] {logging_mixin.py:188} INFO - [2026-04-15T11:08:45.784+0000] {dag.py:3089} INFO - Sync 1 DAGs
[2026-04-15T11:08:45.811+0000] {logging_mixin.py:188} INFO - [2026-04-15T11:08:45.811+0000] {dag.py:3947} INFO - Setting next_dagrun for firepoint_etl to 2026-04-15 00:00:00+00:00, run_after=2026-04-16 00:00:00+00:00
[2026-04-15T11:08:45.842+0000] {processor.py:183} INFO - Processing /opt/airflow/dags/etl_dag.py took 0.672 seconds
[2026-04-15T11:09:16.670+0000] {processor.py:161} INFO - Started process (PID=615) to work on /opt/airflow/dags/etl_dag.py
[2026-04-15T11:09:16.672+0000] {processor.py:830} INFO - Processing file /opt/airflow/dags/etl_dag.py for tasks to queue
[2026-04-15T11:09:16.675+0000] {logging_mixin.py:188} INFO - [2026-04-15T11:09:16.674+0000] {dagbag.py:545} INFO - Filling up the DagBag from /opt/airflow/dags/etl_dag.py
[2026-04-15T11:09:17.423+0000] {processor.py:840} INFO - DAG(s) 'firepoint_etl' retrieved from /opt/airflow/dags/etl_dag.py
[2026-04-15T11:09:17.465+0000] {logging_mixin.py:188} INFO - [2026-04-15T11:09:17.465+0000] {dag.py:3089} INFO - Sync 1 DAGs
[2026-04-15T11:09:17.518+0000] {logging_mixin.py:188} INFO - [2026-04-15T11:09:17.517+0000] {dag.py:3947} INFO - Setting next_dagrun for firepoint_etl to 2026-04-15 00:00:00+00:00, run_after=2026-04-16 00:00:00+00:00
[2026-04-15T11:09:17.569+0000] {processor.py:183} INFO - Processing /opt/airflow/dags/etl_dag.py took 0.910 seconds
[2026-04-15T11:09:48.204+0000] {processor.py:161} INFO - Started process (PID=633) to work on /opt/airflow/dags/etl_dag.py
[2026-04-15T11:09:48.207+0000] {processor.py:830} INFO - Processing file /opt/airflow/dags/etl_dag.py for tasks to queue
[2026-04-15T11:09:48.210+0000] {logging_mixin.py:188} INFO - [2026-04-15T11:09:48.210+0000] {dagbag.py:545} INFO - Filling up the DagBag from /opt/airflow/dags/etl_dag.py
[2026-04-15T11:09:48.675+0000] {processor.py:840} INFO - DAG(s) 'firepoint_etl' retrieved from /opt/airflow/dags/etl_dag.py
[2026-04-15T11:09:48.706+0000] {logging_mixin.py:188} INFO - [2026-04-15T11:09:48.706+0000] {dag.py:3089} INFO - Sync 1 DAGs
[2026-04-15T11:09:48.732+0000] {logging_mixin.py:188} INFO - [2026-04-15T11:09:48.732+0000] {dag.py:3947} INFO - Setting next_dagrun for firepoint_etl to 2026-04-15 00:00:00+00:00, run_after=2026-04-16 00:00:00+00:00
[2026-04-15T11:09:48.764+0000] {processor.py:183} INFO - Processing /opt/airflow/dags/etl_dag.py took 0.566 seconds
[2026-04-15T11:10:18.928+0000] {processor.py:161} INFO - Started process (PID=651) to work on /opt/airflow/dags/etl_dag.py
[2026-04-15T11:10:18.936+0000] {processor.py:830} INFO - Processing file /opt/airflow/dags/etl_dag.py for tasks to queue
[2026-04-15T11:10:18.939+0000] {logging_mixin.py:188} INFO - [2026-04-15T11:10:18.938+0000] {dagbag.py:545} INFO - Filling up the DagBag from /opt/airflow/dags/etl_dag.py
[2026-04-15T11:10:19.443+0000] {processor.py:840} INFO - DAG(s) 'firepoint_etl' retrieved from /opt/airflow/dags/etl_dag.py
[2026-04-15T11:10:19.489+0000] {logging_mixin.py:188} INFO - [2026-04-15T11:10:19.488+0000] {dag.py:3089} INFO - Sync 1 DAGs
[2026-04-15T11:10:19.524+0000] {logging_mixin.py:188} INFO - [2026-04-15T11:10:19.524+0000] {dag.py:3947} INFO - Setting next_dagrun for firepoint_etl to 2026-04-15 00:00:00+00:00, run_after=2026-04-16 00:00:00+00:00
[2026-04-15T11:10:19.546+0000] {processor.py:183} INFO - Processing /opt/airflow/dags/etl_dag.py took 0.628 seconds
[2026-04-15T11:10:49.916+0000] {processor.py:161} INFO - Started process (PID=669) to work on /opt/airflow/dags/etl_dag.py
[2026-04-15T11:10:49.917+0000] {processor.py:830} INFO - Processing file /opt/airflow/dags/etl_dag.py for tasks to queue
[2026-04-15T11:10:49.920+0000] {logging_mixin.py:188} INFO - [2026-04-15T11:10:49.919+0000] {dagbag.py:545} INFO - Filling up the DagBag from /opt/airflow/dags/etl_dag.py
[2026-04-15T11:10:50.391+0000] {processor.py:840} INFO - DAG(s) 'firepoint_etl' retrieved from /opt/airflow/dags/etl_dag.py
[2026-04-15T11:10:50.424+0000] {logging_mixin.py:188} INFO - [2026-04-15T11:10:50.423+0000] {dag.py:3089} INFO - Sync 1 DAGs
[2026-04-15T11:10:50.451+0000] {logging_mixin.py:188} INFO - [2026-04-15T11:10:50.451+0000] {dag.py:3947} INFO - Setting next_dagrun for firepoint_etl to 2026-04-15 00:00:00+00:00, run_after=2026-04-16 00:00:00+00:00
[2026-04-15T11:10:50.499+0000] {processor.py:183} INFO - Processing /opt/airflow/dags/etl_dag.py took 0.589 seconds
[2026-04-15T11:11:20.762+0000] {processor.py:161} INFO - Started process (PID=687) to work on /opt/airflow/dags/etl_dag.py
[2026-04-15T11:11:20.764+0000] {processor.py:830} INFO - Processing file /opt/airflow/dags/etl_dag.py for tasks to queue
[2026-04-15T11:11:20.766+0000] {logging_mixin.py:188} INFO - [2026-04-15T11:11:20.766+0000] {dagbag.py:545} INFO - Filling up the DagBag from /opt/airflow/dags/etl_dag.py
[2026-04-15T11:11:21.239+0000] {processor.py:840} INFO - DAG(s) 'firepoint_etl' retrieved from /opt/airflow/dags/etl_dag.py
[2026-04-15T11:11:21.271+0000] {logging_mixin.py:188} INFO - [2026-04-15T11:11:21.270+0000] {dag.py:3089} INFO - Sync 1 DAGs
[2026-04-15T11:11:21.299+0000] {logging_mixin.py:188} INFO - [2026-04-15T11:11:21.298+0000] {dag.py:3947} INFO - Setting next_dagrun for firepoint_etl to 2026-04-15 00:00:00+00:00, run_after=2026-04-16 00:00:00+00:00
[2026-04-15T11:11:21.328+0000] {processor.py:183} INFO - Processing /opt/airflow/dags/etl_dag.py took 0.573 seconds
[2026-04-15T11:11:51.824+0000] {processor.py:161} INFO - Started process (PID=705) to work on /opt/airflow/dags/etl_dag.py
[2026-04-15T11:11:51.826+0000] {processor.py:830} INFO - Processing file /opt/airflow/dags/etl_dag.py for tasks to queue
[2026-04-15T11:11:51.831+0000] {logging_mixin.py:188} INFO - [2026-04-15T11:11:51.831+0000] {dagbag.py:545} INFO - Filling up the DagBag from /opt/airflow/dags/etl_dag.py
[2026-04-15T11:11:52.586+0000] {processor.py:840} INFO - DAG(s) 'firepoint_etl' retrieved from /opt/airflow/dags/etl_dag.py
[2026-04-15T11:11:52.636+0000] {logging_mixin.py:188} INFO - [2026-04-15T11:11:52.635+0000] {dag.py:3089} INFO - Sync 1 DAGs
[2026-04-15T11:11:52.674+0000] {logging_mixin.py:188} INFO - [2026-04-15T11:11:52.674+0000] {dag.py:3947} INFO - Setting next_dagrun for firepoint_etl to 2026-04-15 00:00:00+00:00, run_after=2026-04-16 00:00:00+00:00
[2026-04-15T11:11:52.755+0000] {processor.py:183} INFO - Processing /opt/airflow/dags/etl_dag.py took 0.944 seconds
[2026-04-15T11:12:23.204+0000] {processor.py:161} INFO - Started process (PID=723) to work on /opt/airflow/dags/etl_dag.py
[2026-04-15T11:12:23.216+0000] {processor.py:830} INFO - Processing file /opt/airflow/dags/etl_dag.py for tasks to queue
[2026-04-15T11:12:23.219+0000] {logging_mixin.py:188} INFO - [2026-04-15T11:12:23.218+0000] {dagbag.py:545} INFO - Filling up the DagBag from /opt/airflow/dags/etl_dag.py
[2026-04-15T11:12:24.293+0000] {processor.py:840} INFO - DAG(s) 'firepoint_etl' retrieved from /opt/airflow/dags/etl_dag.py
[2026-04-15T11:12:24.350+0000] {logging_mixin.py:188} INFO - [2026-04-15T11:12:24.349+0000] {dag.py:3089} INFO - Sync 1 DAGs
[2026-04-15T11:12:24.394+0000] {logging_mixin.py:188} INFO - [2026-04-15T11:12:24.393+0000] {dag.py:3947} INFO - Setting next_dagrun for firepoint_etl to 2026-04-15 00:00:00+00:00, run_after=2026-04-16 00:00:00+00:00
[2026-04-15T11:12:24.481+0000] {processor.py:183} INFO - Processing /opt/airflow/dags/etl_dag.py took 1.288 seconds
[2026-04-15T11:12:54.871+0000] {processor.py:161} INFO - Started process (PID=741) to work on /opt/airflow/dags/etl_dag.py
[2026-04-15T11:12:54.873+0000] {processor.py:830} INFO - Processing file /opt/airflow/dags/etl_dag.py for tasks to queue
[2026-04-15T11:12:54.876+0000] {logging_mixin.py:188} INFO - [2026-04-15T11:12:54.875+0000] {dagbag.py:545} INFO - Filling up the DagBag from /opt/airflow/dags/etl_dag.py
[2026-04-15T11:12:55.689+0000] {processor.py:840} INFO - DAG(s) 'firepoint_etl' retrieved from /opt/airflow/dags/etl_dag.py
[2026-04-15T11:12:55.741+0000] {logging_mixin.py:188} INFO - [2026-04-15T11:12:55.740+0000] {dag.py:3089} INFO - Sync 1 DAGs
[2026-04-15T11:12:55.788+0000] {logging_mixin.py:188} INFO - [2026-04-15T11:12:55.787+0000] {dag.py:3947} INFO - Setting next_dagrun for firepoint_etl to 2026-04-15 00:00:00+00:00, run_after=2026-04-16 00:00:00+00:00
[2026-04-15T11:12:55.822+0000] {processor.py:183} INFO - Processing /opt/airflow/dags/etl_dag.py took 0.963 seconds
[2026-04-15T11:13:26.380+0000] {processor.py:161} INFO - Started process (PID=759) to work on /opt/airflow/dags/etl_dag.py
[2026-04-15T11:13:26.382+0000] {processor.py:830} INFO - Processing file /opt/airflow/dags/etl_dag.py for tasks to queue
[2026-04-15T11:13:26.385+0000] {logging_mixin.py:188} INFO - [2026-04-15T11:13:26.385+0000] {dagbag.py:545} INFO - Filling up the DagBag from /opt/airflow/dags/etl_dag.py
[2026-04-15T11:13:27.235+0000] {processor.py:840} INFO - DAG(s) 'firepoint_etl' retrieved from /opt/airflow/dags/etl_dag.py
[2026-04-15T11:13:27.310+0000] {logging_mixin.py:188} INFO - [2026-04-15T11:13:27.309+0000] {dag.py:3089} INFO - Sync 1 DAGs
[2026-04-15T11:13:27.346+0000] {logging_mixin.py:188} INFO - [2026-04-15T11:13:27.346+0000] {dag.py:3947} INFO - Setting next_dagrun for firepoint_etl to 2026-04-15 00:00:00+00:00, run_after=2026-04-16 00:00:00+00:00
[2026-04-15T11:13:27.413+0000] {processor.py:183} INFO - Processing /opt/airflow/dags/etl_dag.py took 1.041 seconds
[2026-04-15T11:13:57.879+0000] {processor.py:161} INFO - Started process (PID=777) to work on /opt/airflow/dags/etl_dag.py
[2026-04-15T11:13:57.882+0000] {processor.py:830} INFO - Processing file /opt/airflow/dags/etl_dag.py for tasks to queue
[2026-04-15T11:13:57.885+0000] {logging_mixin.py:188} INFO - [2026-04-15T11:13:57.885+0000] {dagbag.py:545} INFO - Filling up the DagBag from /opt/airflow/dags/etl_dag.py
[2026-04-15T11:13:58.609+0000] {processor.py:840} INFO - DAG(s) 'firepoint_etl' retrieved from /opt/airflow/dags/etl_dag.py
[2026-04-15T11:13:58.656+0000] {logging_mixin.py:188} INFO - [2026-04-15T11:13:58.655+0000] {dag.py:3089} INFO - Sync 1 DAGs
[2026-04-15T11:13:58.691+0000] {logging_mixin.py:188} INFO - [2026-04-15T11:13:58.691+0000] {dag.py:3947} INFO - Setting next_dagrun for firepoint_etl to 2026-04-15 00:00:00+00:00, run_after=2026-04-16 00:00:00+00:00
[2026-04-15T11:13:58.755+0000] {processor.py:183} INFO - Processing /opt/airflow/dags/etl_dag.py took 0.884 seconds
[2026-04-15T11:14:29.517+0000] {processor.py:161} INFO - Started process (PID=795) to work on /opt/airflow/dags/etl_dag.py
[2026-04-15T11:14:29.519+0000] {processor.py:830} INFO - Processing file /opt/airflow/dags/etl_dag.py for tasks to queue
[2026-04-15T11:14:29.522+0000] {logging_mixin.py:188} INFO - [2026-04-15T11:14:29.522+0000] {dagbag.py:545} INFO - Filling up the DagBag from /opt/airflow/dags/etl_dag.py
[2026-04-15T11:14:30.308+0000] {processor.py:840} INFO - DAG(s) 'firepoint_etl' retrieved from /opt/airflow/dags/etl_dag.py
[2026-04-15T11:14:30.352+0000] {logging_mixin.py:188} INFO - [2026-04-15T11:14:30.352+0000] {dag.py:3089} INFO - Sync 1 DAGs
[2026-04-15T11:14:30.388+0000] {logging_mixin.py:188} INFO - [2026-04-15T11:14:30.388+0000] {dag.py:3947} INFO - Setting next_dagrun for firepoint_etl to 2026-04-15 00:00:00+00:00, run_after=2026-04-16 00:00:00+00:00
[2026-04-15T11:14:30.424+0000] {processor.py:183} INFO - Processing /opt/airflow/dags/etl_dag.py took 0.915 seconds
[2026-04-15T11:15:00.998+0000] {processor.py:161} INFO - Started process (PID=813) to work on /opt/airflow/dags/etl_dag.py
[2026-04-15T11:15:01.003+0000] {processor.py:830} INFO - Processing file /opt/airflow/dags/etl_dag.py for tasks to queue
[2026-04-15T11:15:01.006+0000] {logging_mixin.py:188} INFO - [2026-04-15T11:15:01.005+0000] {dagbag.py:545} INFO - Filling up the DagBag from /opt/airflow/dags/etl_dag.py
[2026-04-15T11:15:01.699+0000] {processor.py:840} INFO - DAG(s) 'firepoint_etl' retrieved from /opt/airflow/dags/etl_dag.py
[2026-04-15T11:15:01.759+0000] {logging_mixin.py:188} INFO - [2026-04-15T11:15:01.758+0000] {dag.py:3089} INFO - Sync 1 DAGs
[2026-04-15T11:15:01.800+0000] {logging_mixin.py:188} INFO - [2026-04-15T11:15:01.799+0000] {dag.py:3947} INFO - Setting next_dagrun for firepoint_etl to 2026-04-15 00:00:00+00:00, run_after=2026-04-16 00:00:00+00:00
[2026-04-15T11:15:01.825+0000] {processor.py:183} INFO - Processing /opt/airflow/dags/etl_dag.py took 0.836 seconds
[2026-04-15T11:15:32.581+0000] {processor.py:161} INFO - Started process (PID=831) to work on /opt/airflow/dags/etl_dag.py
[2026-04-15T11:15:32.583+0000] {processor.py:830} INFO - Processing file /opt/airflow/dags/etl_dag.py for tasks to queue
[2026-04-15T11:15:32.589+0000] {logging_mixin.py:188} INFO - [2026-04-15T11:15:32.588+0000] {dagbag.py:545} INFO - Filling up the DagBag from /opt/airflow/dags/etl_dag.py
[2026-04-15T11:15:33.275+0000] {processor.py:840} INFO - DAG(s) 'firepoint_etl' retrieved from /opt/airflow/dags/etl_dag.py
[2026-04-15T11:15:33.319+0000] {logging_mixin.py:188} INFO - [2026-04-15T11:15:33.318+0000] {dag.py:3089} INFO - Sync 1 DAGs
[2026-04-15T11:15:33.353+0000] {logging_mixin.py:188} INFO - [2026-04-15T11:15:33.352+0000] {dag.py:3947} INFO - Setting next_dagrun for firepoint_etl to 2026-04-15 00:00:00+00:00, run_after=2026-04-16 00:00:00+00:00
[2026-04-15T11:15:33.396+0000] {processor.py:183} INFO - Processing /opt/airflow/dags/etl_dag.py took 0.823 seconds
[2026-04-15T11:16:04.020+0000] {processor.py:161} INFO - Started process (PID=849) to work on /opt/airflow/dags/etl_dag.py
[2026-04-15T11:16:04.023+0000] {processor.py:830} INFO - Processing file /opt/airflow/dags/etl_dag.py for tasks to queue
[2026-04-15T11:16:04.025+0000] {logging_mixin.py:188} INFO - [2026-04-15T11:16:04.025+0000] {dagbag.py:545} INFO - Filling up the DagBag from /opt/airflow/dags/etl_dag.py
[2026-04-15T11:16:04.775+0000] {processor.py:840} INFO - DAG(s) 'firepoint_etl' retrieved from /opt/airflow/dags/etl_dag.py
[2026-04-15T11:16:04.815+0000] {logging_mixin.py:188} INFO - [2026-04-15T11:16:04.815+0000] {dag.py:3089} INFO - Sync 1 DAGs
[2026-04-15T11:16:04.846+0000] {logging_mixin.py:188} INFO - [2026-04-15T11:16:04.846+0000] {dag.py:3947} INFO - Setting next_dagrun for firepoint_etl to 2026-04-15 00:00:00+00:00, run_after=2026-04-16 00:00:00+00:00
[2026-04-15T11:16:04.928+0000] {processor.py:183} INFO - Processing /opt/airflow/dags/etl_dag.py took 0.917 seconds
[2026-04-15T11:16:35.421+0000] {processor.py:161} INFO - Started process (PID=867) to work on /opt/airflow/dags/etl_dag.py
[2026-04-15T11:16:35.423+0000] {processor.py:830} INFO - Processing file /opt/airflow/dags/etl_dag.py for tasks to queue
[2026-04-15T11:16:35.426+0000] {logging_mixin.py:188} INFO - [2026-04-15T11:16:35.426+0000] {dagbag.py:545} INFO - Filling up the DagBag from /opt/airflow/dags/etl_dag.py
[2026-04-15T11:16:36.200+0000] {processor.py:840} INFO - DAG(s) 'firepoint_etl' retrieved from /opt/airflow/dags/etl_dag.py
[2026-04-15T11:16:36.253+0000] {logging_mixin.py:188} INFO - [2026-04-15T11:16:36.253+0000] {dag.py:3089} INFO - Sync 1 DAGs
[2026-04-15T11:16:36.287+0000] {logging_mixin.py:188} INFO - [2026-04-15T11:16:36.287+0000] {dag.py:3947} INFO - Setting next_dagrun for firepoint_etl to 2026-04-15 00:00:00+00:00, run_after=2026-04-16 00:00:00+00:00
[2026-04-15T11:16:36.314+0000] {processor.py:183} INFO - Processing /opt/airflow/dags/etl_dag.py took 0.903 seconds
[2026-04-15T11:17:06.998+0000] {processor.py:161} INFO - Started process (PID=885) to work on /opt/airflow/dags/etl_dag.py
[2026-04-15T11:17:07.000+0000] {processor.py:830} INFO - Processing file /opt/airflow/dags/etl_dag.py for tasks to queue
[2026-04-15T11:17:07.004+0000] {logging_mixin.py:188} INFO - [2026-04-15T11:17:07.003+0000] {dagbag.py:545} INFO - Filling up the DagBag from /opt/airflow/dags/etl_dag.py
[2026-04-15T11:17:08.233+0000] {processor.py:840} INFO - DAG(s) 'firepoint_etl' retrieved from /opt/airflow/dags/etl_dag.py
[2026-04-15T11:17:08.289+0000] {logging_mixin.py:188} INFO - [2026-04-15T11:17:08.288+0000] {dag.py:3089} INFO - Sync 1 DAGs
[2026-04-15T11:17:08.337+0000] {logging_mixin.py:188} INFO - [2026-04-15T11:17:08.336+0000] {dag.py:3947} INFO - Setting next_dagrun for firepoint_etl to 2026-04-15 00:00:00+00:00, run_after=2026-04-16 00:00:00+00:00
[2026-04-15T11:17:08.417+0000] {processor.py:183} INFO - Processing /opt/airflow/dags/etl_dag.py took 1.433 seconds
[2026-04-15T11:17:38.699+0000] {processor.py:161} INFO - Started process (PID=903) to work on /opt/airflow/dags/etl_dag.py
[2026-04-15T11:17:38.701+0000] {processor.py:830} INFO - Processing file /opt/airflow/dags/etl_dag.py for tasks to queue
[2026-04-15T11:17:38.703+0000] {logging_mixin.py:188} INFO - [2026-04-15T11:17:38.703+0000] {dagbag.py:545} INFO - Filling up the DagBag from /opt/airflow/dags/etl_dag.py
[2026-04-15T11:17:39.441+0000] {processor.py:840} INFO - DAG(s) 'firepoint_etl' retrieved from /opt/airflow/dags/etl_dag.py
[2026-04-15T11:17:39.486+0000] {logging_mixin.py:188} INFO - [2026-04-15T11:17:39.485+0000] {dag.py:3089} INFO - Sync 1 DAGs
[2026-04-15T11:17:39.519+0000] {logging_mixin.py:188} INFO - [2026-04-15T11:17:39.519+0000] {dag.py:3947} INFO - Setting next_dagrun for firepoint_etl to 2026-04-15 00:00:00+00:00, run_after=2026-04-16 00:00:00+00:00
[2026-04-15T11:17:39.551+0000] {processor.py:183} INFO - Processing /opt/airflow/dags/etl_dag.py took 0.865 seconds
[2026-04-15T11:18:10.026+0000] {processor.py:161} INFO - Started process (PID=921) to work on /opt/airflow/dags/etl_dag.py
[2026-04-15T11:18:10.031+0000] {processor.py:830} INFO - Processing file /opt/airflow/dags/etl_dag.py for tasks to queue
[2026-04-15T11:18:10.034+0000] {logging_mixin.py:188} INFO - [2026-04-15T11:18:10.034+0000] {dagbag.py:545} INFO - Filling up the DagBag from /opt/airflow/dags/etl_dag.py
[2026-04-15T11:18:10.803+0000] {processor.py:840} INFO - DAG(s) 'firepoint_etl' retrieved from /opt/airflow/dags/etl_dag.py
[2026-04-15T11:18:10.857+0000] {logging_mixin.py:188} INFO - [2026-04-15T11:18:10.856+0000] {dag.py:3089} INFO - Sync 1 DAGs
[2026-04-15T11:18:10.909+0000] {logging_mixin.py:188} INFO - [2026-04-15T11:18:10.909+0000] {dag.py:3947} INFO - Setting next_dagrun for firepoint_etl to 2026-04-15 00:00:00+00:00, run_after=2026-04-16 00:00:00+00:00
[2026-04-15T11:18:11.001+0000] {processor.py:183} INFO - Processing /opt/airflow/dags/etl_dag.py took 0.993 seconds
[2026-04-15T11:18:41.491+0000] {processor.py:161} INFO - Started process (PID=939) to work on /opt/airflow/dags/etl_dag.py
[2026-04-15T11:18:41.493+0000] {processor.py:830} INFO - Processing file /opt/airflow/dags/etl_dag.py for tasks to queue
[2026-04-15T11:18:41.497+0000] {logging_mixin.py:188} INFO - [2026-04-15T11:18:41.496+0000] {dagbag.py:545} INFO - Filling up the DagBag from /opt/airflow/dags/etl_dag.py
[2026-04-15T11:18:42.169+0000] {processor.py:840} INFO - DAG(s) 'firepoint_etl' retrieved from /opt/airflow/dags/etl_dag.py
[2026-04-15T11:18:42.211+0000] {logging_mixin.py:188} INFO - [2026-04-15T11:18:42.210+0000] {dag.py:3089} INFO - Sync 1 DAGs
[2026-04-15T11:18:42.251+0000] {logging_mixin.py:188} INFO - [2026-04-15T11:18:42.250+0000] {dag.py:3947} INFO - Setting next_dagrun for firepoint_etl to 2026-04-15 00:00:00+00:00, run_after=2026-04-16 00:00:00+00:00
[2026-04-15T11:18:42.339+0000] {processor.py:183} INFO - Processing /opt/airflow/dags/etl_dag.py took 0.862 seconds
[2026-04-15T11:19:13.024+0000] {processor.py:161} INFO - Started process (PID=957) to work on /opt/airflow/dags/etl_dag.py
[2026-04-15T11:19:13.026+0000] {processor.py:830} INFO - Processing file /opt/airflow/dags/etl_dag.py for tasks to queue
[2026-04-15T11:19:13.029+0000] {logging_mixin.py:188} INFO - [2026-04-15T11:19:13.028+0000] {dagbag.py:545} INFO - Filling up the DagBag from /opt/airflow/dags/etl_dag.py
[2026-04-15T11:19:13.722+0000] {processor.py:840} INFO - DAG(s) 'firepoint_etl' retrieved from /opt/airflow/dags/etl_dag.py
[2026-04-15T11:19:13.768+0000] {logging_mixin.py:188} INFO - [2026-04-15T11:19:13.767+0000] {dag.py:3089} INFO - Sync 1 DAGs
[2026-04-15T11:19:13.798+0000] {logging_mixin.py:188} INFO - [2026-04-15T11:19:13.798+0000] {dag.py:3947} INFO - Setting next_dagrun for firepoint_etl to 2026-04-15 00:00:00+00:00, run_after=2026-04-16 00:00:00+00:00
[2026-04-15T11:19:13.827+0000] {processor.py:183} INFO - Processing /opt/airflow/dags/etl_dag.py took 0.811 seconds
[2026-04-15T11:19:44.411+0000] {processor.py:161} INFO - Started process (PID=975) to work on /opt/airflow/dags/etl_dag.py
[2026-04-15T11:19:44.413+0000] {processor.py:830} INFO - Processing file /opt/airflow/dags/etl_dag.py for tasks to queue
[2026-04-15T11:19:44.417+0000] {logging_mixin.py:188} INFO - [2026-04-15T11:19:44.417+0000] {dagbag.py:545} INFO - Filling up the DagBag from /opt/airflow/dags/etl_dag.py
[2026-04-15T11:19:45.199+0000] {processor.py:840} INFO - DAG(s) 'firepoint_etl' retrieved from /opt/airflow/dags/etl_dag.py
[2026-04-15T11:19:45.249+0000] {logging_mixin.py:188} INFO - [2026-04-15T11:19:45.248+0000] {dag.py:3089} INFO - Sync 1 DAGs
[2026-04-15T11:19:45.320+0000] {logging_mixin.py:188} INFO - [2026-04-15T11:19:45.320+0000] {dag.py:3947} INFO - Setting next_dagrun for firepoint_etl to 2026-04-15 00:00:00+00:00, run_after=2026-04-16 00:00:00+00:00
[2026-04-15T11:19:45.356+0000] {processor.py:183} INFO - Processing /opt/airflow/dags/etl_dag.py took 0.956 seconds
