[2026-04-15T10:50:29.406+0000] {local_task_job_runner.py:120} INFO - ::group::Pre task execution logs
[2026-04-15T10:50:29.448+0000] {taskinstance.py:2076} INFO - Dependencies all met for dep_context=non-requeueable deps ti=<TaskInstance: firepoint_dbt_daily.dbt_seed scheduled__2026-04-14T00:00:00+00:00 [queued]>
[2026-04-15T10:50:29.460+0000] {taskinstance.py:2076} INFO - Dependencies all met for dep_context=requeueable deps ti=<TaskInstance: firepoint_dbt_daily.dbt_seed scheduled__2026-04-14T00:00:00+00:00 [queued]>
[2026-04-15T10:50:29.461+0000] {taskinstance.py:2306} INFO - Starting attempt 2 of 2
[2026-04-15T10:50:29.479+0000] {taskinstance.py:2330} INFO - Executing <Task(_PythonDecoratedOperator): dbt_seed> on 2026-04-14 00:00:00+00:00
[2026-04-15T10:50:29.489+0000] {standard_task_runner.py:64} INFO - Started process 385 to run task
[2026-04-15T10:50:29.493+0000] {standard_task_runner.py:90} INFO - Running: ['***', 'tasks', 'run', 'firepoint_dbt_daily', 'dbt_seed', 'scheduled__2026-04-14T00:00:00+00:00', '--job-id', '76', '--raw', '--subdir', 'DAGS_FOLDER/dbt_dag.py', '--cfg-path', '/tmp/tmpg_bwdekx']
[2026-04-15T10:50:29.498+0000] {standard_task_runner.py:91} INFO - Job 76: Subtask dbt_seed
[2026-04-15T10:50:29.602+0000] {task_command.py:426} INFO - Running <TaskInstance: firepoint_dbt_daily.dbt_seed scheduled__2026-04-14T00:00:00+00:00 [running]> on host 9c22045bc147
[2026-04-15T10:50:29.703+0000] {taskinstance.py:2648} INFO - Exporting env vars: AIRFLOW_CTX_DAG_OWNER='firepoint' AIRFLOW_CTX_DAG_ID='firepoint_dbt_daily' AIRFLOW_CTX_TASK_ID='dbt_seed' AIRFLOW_CTX_EXECUTION_DATE='2026-04-14T00:00:00+00:00' AIRFLOW_CTX_TRY_NUMBER='2' AIRFLOW_CTX_DAG_RUN_ID='scheduled__2026-04-14T00:00:00+00:00'
[2026-04-15T10:50:29.704+0000] {taskinstance.py:430} INFO - ::endgroup::
[2026-04-15T10:50:29.705+0000] {logging_mixin.py:188} INFO - running: cd /opt/***/dbt_project && dbt seed --profiles-dir /opt/***/dbt_project
[2026-04-15T10:50:32.665+0000] {taskinstance.py:441} INFO - ::group::Post task execution logs
[2026-04-15T10:50:32.666+0000] {taskinstance.py:2905} ERROR - Task failed with exception
Traceback (most recent call last):
  File "/home/airflow/.local/lib/python3.11/site-packages/airflow/models/taskinstance.py", line 465, in _execute_task
    result = _execute_callable(context=context, **execute_callable_kwargs)
             ^^^^^^^^^^^^^^^^^^^^^^^^^^^^^^^^^^^^^^^^^^^^^^^^^^^^^^^^^^^^^
  File "/home/airflow/.local/lib/python3.11/site-packages/airflow/models/taskinstance.py", line 432, in _execute_callable
    return execute_callable(context=context, **execute_callable_kwargs)
           ^^^^^^^^^^^^^^^^^^^^^^^^^^^^^^^^^^^^^^^^^^^^^^^^^^^^^^^^^^^^
  File "/home/airflow/.local/lib/python3.11/site-packages/airflow/models/baseoperator.py", line 401, in wrapper
    return func(self, *args, **kwargs)
           ^^^^^^^^^^^^^^^^^^^^^^^^^^^
  File "/home/airflow/.local/lib/python3.11/site-packages/airflow/decorators/base.py", line 265, in execute
    return_value = super().execute(context)
                   ^^^^^^^^^^^^^^^^^^^^^^^^
  File "/home/airflow/.local/lib/python3.11/site-packages/airflow/models/baseoperator.py", line 401, in wrapper
    return func(self, *args, **kwargs)
           ^^^^^^^^^^^^^^^^^^^^^^^^^^^
  File "/home/airflow/.local/lib/python3.11/site-packages/airflow/operators/python.py", line 235, in execute
    return_value = self.execute_callable()
                   ^^^^^^^^^^^^^^^^^^^^^^^
  File "/home/airflow/.local/lib/python3.11/site-packages/airflow/operators/python.py", line 252, in execute_callable
    return self.python_callable(*self.op_args, **self.op_kwargs)
           ^^^^^^^^^^^^^^^^^^^^^^^^^^^^^^^^^^^^^^^^^^^^^^^^^^^^^
  File "/opt/airflow/dags/dbt_dag.py", line 42, in dbt_seed
    return run_dbt_command("seed")
           ^^^^^^^^^^^^^^^^^^^^^^^
  File "/opt/airflow/dags/dbt_dag.py", line 26, in run_dbt_command
    raise Exception(f"dbt command failed: {command}")
Exception: dbt command failed: seed
[2026-04-15T10:50:32.686+0000] {taskinstance.py:1206} INFO - Marking task as FAILED. dag_id=firepoint_dbt_daily, task_id=dbt_seed, run_id=scheduled__2026-04-14T00:00:00+00:00, execution_date=20260414T000000, start_date=20260415T105029, end_date=20260415T105032
[2026-04-15T10:50:32.703+0000] {standard_task_runner.py:110} ERROR - Failed to execute job 76 for task dbt_seed (dbt command failed: seed; 385)
[2026-04-15T10:50:32.723+0000] {local_task_job_runner.py:243} INFO - Task exited with return code 1
[2026-04-15T10:50:32.756+0000] {taskinstance.py:3503} INFO - 0 downstream tasks scheduled from follow-on schedule check
[2026-04-15T10:50:32.760+0000] {local_task_job_runner.py:222} INFO - ::endgroup::
