[2026-04-15T11:00:26.144+0000] {local_task_job_runner.py:120} INFO - ::group::Pre task execution logs
[2026-04-15T11:00:26.180+0000] {taskinstance.py:2076} INFO - Dependencies all met for dep_context=non-requeueable deps ti=<TaskInstance: firepoint_dbt_daily.dbt_seed manual__2026-04-15T11:00:24.841266+00:00 [queued]>
[2026-04-15T11:00:26.188+0000] {taskinstance.py:2076} INFO - Dependencies all met for dep_context=requeueable deps ti=<TaskInstance: firepoint_dbt_daily.dbt_seed manual__2026-04-15T11:00:24.841266+00:00 [queued]>
[2026-04-15T11:00:26.190+0000] {taskinstance.py:2306} INFO - Starting attempt 1 of 2
[2026-04-15T11:00:26.201+0000] {taskinstance.py:2330} INFO - Executing <Task(_PythonDecoratedOperator): dbt_seed> on 2026-04-15 11:00:24.841266+00:00
[2026-04-15T11:00:26.206+0000] {standard_task_runner.py:64} INFO - Started process 365 to run task
[2026-04-15T11:00:26.211+0000] {standard_task_runner.py:90} INFO - Running: ['***', 'tasks', 'run', 'firepoint_dbt_daily', 'dbt_seed', 'manual__2026-04-15T11:00:24.841266+00:00', '--job-id', '90', '--raw', '--subdir', 'DAGS_FOLDER/dbt_dag.py', '--cfg-path', '/tmp/tmpn7437hrj']
[2026-04-15T11:00:26.215+0000] {standard_task_runner.py:91} INFO - Job 90: Subtask dbt_seed
[2026-04-15T11:00:26.302+0000] {task_command.py:426} INFO - Running <TaskInstance: firepoint_dbt_daily.dbt_seed manual__2026-04-15T11:00:24.841266+00:00 [running]> on host 0cf1a09c2af8
[2026-04-15T11:00:26.585+0000] {taskinstance.py:2648} INFO - Exporting env vars: AIRFLOW_CTX_DAG_OWNER='firepoint' AIRFLOW_CTX_DAG_ID='firepoint_dbt_daily' AIRFLOW_CTX_TASK_ID='dbt_seed' AIRFLOW_CTX_EXECUTION_DATE='2026-04-15T11:00:24.841266+00:00' AIRFLOW_CTX_TRY_NUMBER='1' AIRFLOW_CTX_DAG_RUN_ID='manual__2026-04-15T11:00:24.841266+00:00'
[2026-04-15T11:00:26.586+0000] {taskinstance.py:430} INFO - ::endgroup::
[2026-04-15T11:00:26.587+0000] {logging_mixin.py:188} INFO - running: cd /opt/***/dbt && dbt seed --profiles-dir /opt/***/dbt
[2026-04-15T11:00:32.548+0000] {logging_mixin.py:188} INFO - 11:00:29  Running with dbt=1.11.8
11:00:29  Registered adapter: duckdb=1.10.1
11:00:30  Found 24 models, 2 seeds, 29 data tests, 19 sources, 475 macros
11:00:30  
11:00:30  Concurrency: 4 threads (target='dev')
11:00:30  
11:00:30  1 of 2 START seed file main_seeds.seed_component_categories .................... [RUN]
11:00:30  2 of 2 START seed file main_seeds.seed_product_catalog ......................... [RUN]
11:00:31  1 of 2 OK loaded seed file main_seeds.seed_component_categories ................ [INSERT 6 in 0.20s]
11:00:31  2 of 2 OK loaded seed file main_seeds.seed_product_catalog ..................... [INSERT 5 in 0.21s]
11:00:31  
11:00:31  Finished running 2 seeds in 0 hours 0 minutes and 0.64 seconds (0.64s).
11:00:31  
11:00:31  Completed successfully
11:00:31  
11:00:31  Done. PASS=2 WARN=0 ERROR=0 SKIP=0 NO-OP=0 TOTAL=2
[2026-04-15T11:00:32.549+0000] {python.py:237} INFO - Done. Returned value was: [0m11:00:29  Running with dbt=1.11.8
[0m11:00:29  Registered adapter: duckdb=1.10.1
[0m11:00:30  Found 24 models, 2 seeds, 29 data tests, 19 sources, 475 macros
[0m11:00:30  
[0m11:00:30  Concurrency: 4 threads (target='dev')
[0m11:00:30  
[0m11:00:30  1 of 2 START seed file main_seeds.seed_component_categories .................... [RUN]
[0m11:00:30  2 of 2 START seed file main_seeds.seed_product_catalog ......................... [RUN]
[0m11:00:31  1 of 2 OK loaded seed file main_seeds.seed_component_categories ................ [[32mINSERT 6[0m in 0.20s]
[0m11:00:31  2 of 2 OK loaded seed file main_seeds.seed_product_catalog ..................... [[32mINSERT 5[0m in 0.21s]
[0m11:00:31  
[0m11:00:31  Finished running 2 seeds in 0 hours 0 minutes and 0.64 seconds (0.64s).
[0m11:00:31  
[0m11:00:31  [32mCompleted successfully[0m
[0m11:00:31  
[0m11:00:31  Done. PASS=2 WARN=0 ERROR=0 SKIP=0 NO-OP=0 TOTAL=2

[2026-04-15T11:00:32.550+0000] {taskinstance.py:441} INFO - ::group::Post task execution logs
[2026-04-15T11:00:32.585+0000] {taskinstance.py:1206} INFO - Marking task as SUCCESS. dag_id=firepoint_dbt_daily, task_id=dbt_seed, run_id=manual__2026-04-15T11:00:24.841266+00:00, execution_date=20260415T110024, start_date=20260415T110026, end_date=20260415T110032
[2026-04-15T11:00:32.606+0000] {local_task_job_runner.py:243} INFO - Task exited with return code 0
[2026-04-15T11:00:32.627+0000] {taskinstance.py:3503} INFO - 1 downstream tasks scheduled from follow-on schedule check
[2026-04-15T11:00:32.630+0000] {local_task_job_runner.py:222} INFO - ::endgroup::
