[2026-04-15T11:07:10.734+0000] {local_task_job_runner.py:120} INFO - ::group::Pre task execution logs
[2026-04-15T11:07:10.866+0000] {taskinstance.py:2076} INFO - Dependencies all met for dep_context=non-requeueable deps ti=<TaskInstance: firepoint_dbt_hourly.dbt_build_hourly scheduled__2026-04-15T10:00:00+00:00 [queued]>
[2026-04-15T11:07:10.885+0000] {taskinstance.py:2076} INFO - Dependencies all met for dep_context=requeueable deps ti=<TaskInstance: firepoint_dbt_hourly.dbt_build_hourly scheduled__2026-04-15T10:00:00+00:00 [queued]>
[2026-04-15T11:07:10.886+0000] {taskinstance.py:2306} INFO - Starting attempt 2 of 2
[2026-04-15T11:07:10.921+0000] {taskinstance.py:2330} INFO - Executing <Task(_PythonDecoratedOperator): dbt_build_hourly> on 2026-04-15 10:00:00+00:00
[2026-04-15T11:07:10.933+0000] {standard_task_runner.py:64} INFO - Started process 522 to run task
[2026-04-15T11:07:10.937+0000] {standard_task_runner.py:90} INFO - Running: ['***', 'tasks', 'run', 'firepoint_dbt_hourly', 'dbt_build_hourly', 'scheduled__2026-04-15T10:00:00+00:00', '--job-id', '92', '--raw', '--subdir', 'DAGS_FOLDER/dbt_dag.py', '--cfg-path', '/tmp/tmpro7378yr']
[2026-04-15T11:07:10.940+0000] {standard_task_runner.py:91} INFO - Job 92: Subtask dbt_build_hourly
[2026-04-15T11:07:11.096+0000] {task_command.py:426} INFO - Running <TaskInstance: firepoint_dbt_hourly.dbt_build_hourly scheduled__2026-04-15T10:00:00+00:00 [running]> on host 0cf1a09c2af8
[2026-04-15T11:07:11.915+0000] {taskinstance.py:2648} INFO - Exporting env vars: AIRFLOW_CTX_DAG_OWNER='firepoint' AIRFLOW_CTX_DAG_ID='firepoint_dbt_hourly' AIRFLOW_CTX_TASK_ID='dbt_build_hourly' AIRFLOW_CTX_EXECUTION_DATE='2026-04-15T10:00:00+00:00' AIRFLOW_CTX_TRY_NUMBER='2' AIRFLOW_CTX_DAG_RUN_ID='scheduled__2026-04-15T10:00:00+00:00'
[2026-04-15T11:07:11.918+0000] {taskinstance.py:430} INFO - ::endgroup::
[2026-04-15T11:07:11.919+0000] {logging_mixin.py:188} INFO - running: cd /opt/***/dbt && dbt build --select tag:hourly --profiles-dir /opt/***/dbt
[2026-04-15T11:07:24.940+0000] {logging_mixin.py:188} INFO - 11:07:17  Running with dbt=1.11.8
11:07:18  Registered adapter: duckdb=1.10.1
11:07:19  Found 24 models, 2 seeds, 29 data tests, 19 sources, 475 macros
11:07:19  
11:07:19  Concurrency: 4 threads (target='dev')
11:07:19  
11:07:19  1 of 45 START sql view model main_raw_dbt.raw_employees ........................ [RUN]
11:07:19  2 of 45 START sql view model main_raw_dbt.raw_invoices ......................... [RUN]
11:07:19  3 of 45 START sql view model main_raw_dbt.raw_negotiations ..................... [RUN]
11:07:19  4 of 45 START sql view model main_raw_dbt.raw_production_orders ................ [RUN]
11:07:20  2 of 45 OK created sql view model main_raw_dbt.raw_invoices .................... [OK in 0.89s]
11:07:20  1 of 45 OK created sql view model main_raw_dbt.raw_employees ................... [OK in 0.90s]
11:07:20  4 of 45 OK created sql view model main_raw_dbt.raw_production_orders ........... [OK in 0.90s]
11:07:20  3 of 45 OK created sql view model main_raw_dbt.raw_negotiations ................ [OK in 0.90s]
11:07:20  5 of 45 START sql view model main_raw_dbt.raw_products ......................... [RUN]
11:07:20  6 of 45 START sql view model main_raw_dbt.raw_purchase_orders .................. [RUN]
11:07:20  7 of 45 START sql view model main_raw_dbt.raw_sales_orders ..................... [RUN]
11:07:20  8 of 45 START sql view model main_raw_dbt.raw_suppliers ........................ [RUN]
11:07:20  5 of 45 OK created sql view model main_raw_dbt.raw_products .................... [OK in 0.25s]
11:07:20  6 of 45 OK created sql view model main_raw_dbt.raw_purchase_orders ............. [OK in 0.24s]
11:07:20  7 of 45 OK created sql view model main_raw_dbt.raw_sales_orders ................ [OK in 0.25s]
11:07:20  8 of 45 OK created sql view model main_raw_dbt.raw_suppliers ................... [OK in 0.25s]
11:07:20  9 of 45 START sql view model main_staging.stg_invoices ......................... [RUN]
11:07:20  10 of 45 START sql view model main_staging.stg_employees ....................... [RUN]
11:07:20  11 of 45 START sql view model main_staging.stg_production_orders ............... [RUN]
11:07:20  12 of 45 START sql view model main_staging.stg_negotiations .................... [RUN]
11:07:21  9 of 45 OK created sql view model main_staging.stg_invoices .................... [OK in 0.26s]
11:07:21  10 of 45 OK created sql view model main_staging.stg_employees .................. [OK in 0.27s]
11:07:21  11 of 45 OK created sql view model main_staging.stg_production_orders .......... [OK in 0.28s]
11:07:21  12 of 45 OK created sql view model main_staging.stg_negotiations ............... [OK in 0.28s]
11:07:21  13 of 45 START sql view model main_staging.stg_products ........................ [RUN]
11:07:21  14 of 45 START sql view model main_staging.stg_purchase_orders ................. [RUN]
11:07:21  15 of 45 START sql view model main_staging.stg_sales_orders .................... [RUN]
11:07:21  16 of 45 START sql view model main_staging.stg_suppliers ....................... [RUN]
11:07:21  13 of 45 OK created sql view model main_staging.stg_products ................... [OK in 0.38s]
11:07:21  15 of 45 OK created sql view model main_staging.stg_sales_orders ............... [OK in 0.35s]
11:07:21  16 of 45 OK created sql view model main_staging.stg_suppliers .................. [OK in 0.36s]
11:07:21  14 of 45 OK created sql view model main_staging.stg_purchase_orders ............ [OK in 0.38s]
11:07:21  17 of 45 START test accepted_values_stg_invoices_source_type__sales_order__purchase_order  [RUN]
11:07:21  18 of 45 START test accepted_values_stg_invoices_status__issued__paid__overdue__cancelled  [RUN]
11:07:21  19 of 45 START test not_null_stg_invoices_invoice_id ........................... [RUN]
11:07:21  20 of 45 START test unique_stg_invoices_invoice_id ............................. [RUN]
11:07:21  19 of 45 PASS not_null_stg_invoices_invoice_id ................................. [PASS in 0.30s]
11:07:21  17 of 45 PASS accepted_values_stg_invoices_source_type__sales_order__purchase_order  [PASS in 0.33s]
11:07:21  18 of 45 PASS accepted_values_stg_invoices_status__issued__paid__overdue__cancelled  [PASS in 0.31s]
11:07:21  20 of 45 PASS unique_stg_invoices_invoice_id ................................... [PASS in 0.27s]
11:07:22  21 of 45 START test not_null_stg_employees_department_id ....................... [RUN]
11:07:22  22 of 45 START test not_null_stg_employees_employee_id ......................... [RUN]
11:07:22  23 of 45 START test relationships_stg_employees_department_id__department_id__source_firepoint_departments_  [RUN]
11:07:22  24 of 45 START test unique_stg_employees_employee_id ........................... [RUN]
11:07:22  22 of 45 PASS not_null_stg_employees_employee_id ............................... [PASS in 0.22s]
11:07:22  21 of 45 PASS not_null_stg_employees_department_id ............................. [PASS in 0.23s]
11:07:22  23 of 45 PASS relationships_stg_employees_department_id__department_id__source_firepoint_departments_  [PASS in 0.23s]
11:07:22  24 of 45 PASS unique_stg_employees_employee_id ................................. [PASS in 0.22s]
11:07:22  25 of 45 START test accepted_values_stg_production_orders_status__planned__in_progress__completed__cancelled  [RUN]
11:07:22  26 of 45 START test not_null_stg_production_orders_prod_order_id ............... [RUN]
11:07:22  27 of 45 START test unique_stg_production_orders_prod_order_id ................. [RUN]
11:07:22  28 of 45 START test accepted_values_stg_negotiations_final_outcome__contract_signed__deal_lost__still_negotiating  [RUN]
11:07:22  25 of 45 PASS accepted_values_stg_production_orders_status__planned__in_progress__completed__cancelled  [PASS in 0.17s]
11:07:22  29 of 45 START test not_null_stg_negotiations_negotiation_id ................... [RUN]
11:07:22  26 of 45 PASS not_null_stg_production_orders_prod_order_id ..................... [PASS in 0.20s]
11:07:22  28 of 45 PASS accepted_values_stg_negotiations_final_outcome__contract_signed__deal_lost__still_negotiating  [PASS in 0.20s]
11:07:22  27 of 45 PASS unique_stg_production_orders_prod_order_id ....................... [PASS in 0.20s]
11:07:22  30 of 45 START test unique_stg_negotiations_negotiation_id ..................... [RUN]
11:07:22  31 of 45 START test not_null_stg_products_product_code ......................... [RUN]
11:07:22  32 of 45 START test not_null_stg_products_product_id ........................... [RUN]
11:07:22  29 of 45 PASS not_null_stg_negotiations_negotiation_id ......................... [PASS in 0.16s]
11:07:22  33 of 45 START test unique_stg_products_product_code ........................... [RUN]
11:07:22  31 of 45 PASS not_null_stg_products_product_code ............................... [PASS in 0.15s]
11:07:22  30 of 45 PASS unique_stg_negotiations_negotiation_id ........................... [PASS in 0.16s]
11:07:22  32 of 45 PASS not_null_stg_products_product_id ................................. [PASS in 0.16s]
11:07:22  34 of 45 START test unique_stg_products_product_id ............................. [RUN]
11:07:22  35 of 45 START test accepted_values_stg_sales_orders_currency__USD__EUR ........ [RUN]
11:07:22  36 of 45 START test accepted_values_stg_sales_orders_status__draft__active__fulfilled__terminated  [RUN]
11:07:22  33 of 45 PASS unique_stg_products_product_code ................................. [PASS in 0.20s]
11:07:22  34 of 45 PASS unique_stg_products_product_id ................................... [PASS in 0.17s]
11:07:22  36 of 45 PASS accepted_values_stg_sales_orders_status__draft__active__fulfilled__terminated  [PASS in 0.18s]
11:07:22  35 of 45 PASS accepted_values_stg_sales_orders_currency__USD__EUR .............. [PASS in 0.18s]
11:07:22  37 of 45 START test not_null_stg_sales_orders_order_id ......................... [RUN]
11:07:22  38 of 45 START test not_null_stg_sales_orders_product_id ....................... [RUN]
11:07:22  39 of 45 START test relationships_stg_sales_orders_product_id__product_id__ref_stg_products_  [RUN]
11:07:22  40 of 45 START test unique_stg_sales_orders_order_id ........................... [RUN]
11:07:23  37 of 45 PASS not_null_stg_sales_orders_order_id ............................... [PASS in 0.18s]
11:07:23  38 of 45 PASS not_null_stg_sales_orders_product_id ............................. [PASS in 0.18s]
11:07:23  39 of 45 PASS relationships_stg_sales_orders_product_id__product_id__ref_stg_products_  [PASS in 0.17s]
11:07:23  41 of 45 START test not_null_stg_suppliers_supplier_id ......................... [RUN]
11:07:23  42 of 45 START test unique_stg_suppliers_supplier_id ........................... [RUN]
11:07:23  43 of 45 START test accepted_values_stg_purchase_orders_status__ordered__shipped__delivered__partially_delivered__cancelled  [RUN]
11:07:23  40 of 45 PASS unique_stg_sales_orders_order_id ................................. [PASS in 0.21s]
11:07:23  44 of 45 START test not_null_stg_purchase_orders_order_id ...................... [RUN]
11:07:23  41 of 45 PASS not_null_stg_suppliers_supplier_id ............................... [PASS in 0.13s]
11:07:23  43 of 45 PASS accepted_values_stg_purchase_orders_status__ordered__shipped__delivered__partially_delivered__cancelled  [PASS in 0.13s]
11:07:23  42 of 45 PASS unique_stg_suppliers_supplier_id ................................. [PASS in 0.14s]
11:07:23  45 of 45 START test unique_stg_purchase_orders_order_id ........................ [RUN]
11:07:23  44 of 45 PASS not_null_stg_purchase_orders_order_id ............................ [PASS in 0.12s]
11:07:23  45 of 45 PASS unique_stg_purchase_orders_order_id .............................. [PASS in 0.08s]
11:07:23  
11:07:23  Finished running 29 data tests, 16 view models in 0 hours 0 minutes and 4.08 seconds (4.08s).
11:07:23  
11:07:23  Completed successfully
11:07:23  
11:07:23  Done. PASS=45 WARN=0 ERROR=0 SKIP=0 NO-OP=0 TOTAL=45
[2026-04-15T11:07:24.942+0000] {python.py:237} INFO - Done. Returned value was: [0m11:07:17  Running with dbt=1.11.8
[0m11:07:18  Registered adapter: duckdb=1.10.1
[0m11:07:19  Found 24 models, 2 seeds, 29 data tests, 19 sources, 475 macros
[0m11:07:19  
[0m11:07:19  Concurrency: 4 threads (target='dev')
[0m11:07:19  
[0m11:07:19  1 of 45 START sql view model main_raw_dbt.raw_employees ........................ [RUN]
[0m11:07:19  2 of 45 START sql view model main_raw_dbt.raw_invoices ......................... [RUN]
[0m11:07:19  3 of 45 START sql view model main_raw_dbt.raw_negotiations ..................... [RUN]
[0m11:07:19  4 of 45 START sql view model main_raw_dbt.raw_production_orders ................ [RUN]
[0m11:07:20  2 of 45 OK created sql view model main_raw_dbt.raw_invoices .................... [[32mOK[0m in 0.89s]
[0m11:07:20  1 of 45 OK created sql view model main_raw_dbt.raw_employees ................... [[32mOK[0m in 0.90s]
[0m11:07:20  4 of 45 OK created sql view model main_raw_dbt.raw_production_orders ........... [[32mOK[0m in 0.90s]
[0m11:07:20  3 of 45 OK created sql view model main_raw_dbt.raw_negotiations ................ [[32mOK[0m in 0.90s]
[0m11:07:20  5 of 45 START sql view model main_raw_dbt.raw_products ......................... [RUN]
[0m11:07:20  6 of 45 START sql view model main_raw_dbt.raw_purchase_orders .................. [RUN]
[0m11:07:20  7 of 45 START sql view model main_raw_dbt.raw_sales_orders ..................... [RUN]
[0m11:07:20  8 of 45 START sql view model main_raw_dbt.raw_suppliers ........................ [RUN]
[0m11:07:20  5 of 45 OK created sql view model main_raw_dbt.raw_products .................... [[32mOK[0m in 0.25s]
[0m11:07:20  6 of 45 OK created sql view model main_raw_dbt.raw_purchase_orders ............. [[32mOK[0m in 0.24s]
[0m11:07:20  7 of 45 OK created sql view model main_raw_dbt.raw_sales_orders ................ [[32mOK[0m in 0.25s]
[0m11:07:20  8 of 45 OK created sql view model main_raw_dbt.raw_suppliers ................... [[32mOK[0m in 0.25s]
[0m11:07:20  9 of 45 START sql view model main_staging.stg_invoices ......................... [RUN]
[0m11:07:20  10 of 45 START sql view model main_staging.stg_employees ....................... [RUN]
[0m11:07:20  11 of 45 START sql view model main_staging.stg_production_orders ............... [RUN]
[0m11:07:20  12 of 45 START sql view model main_staging.stg_negotiations .................... [RUN]
[0m11:07:21  9 of 45 OK created sql view model main_staging.stg_invoices .................... [[32mOK[0m in 0.26s]
[0m11:07:21  10 of 45 OK created sql view model main_staging.stg_employees .................. [[32mOK[0m in 0.27s]
[0m11:07:21  11 of 45 OK created sql view model main_staging.stg_production_orders .......... [[32mOK[0m in 0.28s]
[0m11:07:21  12 of 45 OK created sql view model main_staging.stg_negotiations ............... [[32mOK[0m in 0.28s]
[0m11:07:21  13 of 45 START sql view model main_staging.stg_products ........................ [RUN]
[0m11:07:21  14 of 45 START sql view model main_staging.stg_purchase_orders ................. [RUN]
[0m11:07:21  15 of 45 START sql view model main_staging.stg_sales_orders .................... [RUN]
[0m11:07:21  16 of 45 START sql view model main_staging.stg_suppliers ....................... [RUN]
[0m11:07:21  13 of 45 OK created sql view model main_staging.stg_products ................... [[32mOK[0m in 0.38s]
[0m11:07:21  15 of 45 OK created sql view model main_staging.stg_sales_orders ............... [[32mOK[0m in 0.35s]
[0m11:07:21  16 of 45 OK created sql view model main_staging.stg_suppliers .................. [[32mOK[0m in 0.36s]
[0m11:07:21  14 of 45 OK created sql view model main_staging.stg_purchase_orders ............ [[32mOK[0m in 0.38s]
[0m11:07:21  17 of 45 START test accepted_values_stg_invoices_source_type__sales_order__purchase_order  [RUN]
[0m11:07:21  18 of 45 START test accepted_values_stg_invoices_status__issued__paid__overdue__cancelled  [RUN]
[0m11:07:21  19 of 45 START test not_null_stg_invoices_invoice_id ........................... [RUN]
[0m11:07:21  20 of 45 START test unique_stg_invoices_invoice_id ............................. [RUN]
[0m11:07:21  19 of 45 PASS not_null_stg_invoices_invoice_id ................................. [[32mPASS[0m in 0.30s]
[0m11:07:21  17 of 45 PASS accepted_values_stg_invoices_source_type__sales_order__purchase_order  [[32mPASS[0m in 0.33s]
[0m11:07:21  18 of 45 PASS accepted_values_stg_invoices_status__issued__paid__overdue__cancelled  [[32mPASS[0m in 0.31s]
[0m11:07:21  20 of 45 PASS unique_stg_invoices_invoice_id ................................... [[32mPASS[0m in 0.27s]
[0m11:07:22  21 of 45 START test not_null_stg_employees_department_id ....................... [RUN]
[0m11:07:22  22 of 45 START test not_null_stg_employees_employee_id ......................... [RUN]
[0m11:07:22  23 of 45 START test relationships_stg_employees_department_id__department_id__source_firepoint_departments_  [RUN]
[0m11:07:22  24 of 45 START test unique_stg_employees_employee_id ........................... [RUN]
[0m11:07:22  22 of 45 PASS not_null_stg_employees_employee_id ............................... [[32mPASS[0m in 0.22s]
[0m11:07:22  21 of 45 PASS not_null_stg_employees_department_id ............................. [[32mPASS[0m in 0.23s]
[0m11:07:22  23 of 45 PASS relationships_stg_employees_department_id__department_id__source_firepoint_departments_  [[32mPASS[0m in 0.23s]
[0m11:07:22  24 of 45 PASS unique_stg_employees_employee_id ................................. [[32mPASS[0m in 0.22s]
[0m11:07:22  25 of 45 START test accepted_values_stg_production_orders_status__planned__in_progress__completed__cancelled  [RUN]
[0m11:07:22  26 of 45 START test not_null_stg_production_orders_prod_order_id ............... [RUN]
[0m11:07:22  27 of 45 START test unique_stg_production_orders_prod_order_id ................. [RUN]
[0m11:07:22  28 of 45 START test accepted_values_stg_negotiations_final_outcome__contract_signed__deal_lost__still_negotiating  [RUN]
[0m11:07:22  25 of 45 PASS accepted_values_stg_production_orders_status__planned__in_progress__completed__cancelled  [[32mPASS[0m in 0.17s]
[0m11:07:22  29 of 45 START test not_null_stg_negotiations_negotiation_id ................... [RUN]
[0m11:07:22  26 of 45 PASS not_null_stg_production_orders_prod_order_id ..................... [[32mPASS[0m in 0.20s]
[0m11:07:22  28 of 45 PASS accepted_values_stg_negotiations_final_outcome__contract_signed__deal_lost__still_negotiating  [[32mPASS[0m in 0.20s]
[0m11:07:22  27 of 45 PASS unique_stg_production_orders_prod_order_id ....................... [[32mPASS[0m in 0.20s]
[0m11:07:22  30 of 45 START test unique_stg_negotiations_negotiation_id ..................... [RUN]
[0m11:07:22  31 of 45 START test not_null_stg_products_product_code ......................... [RUN]
[0m11:07:22  32 of 45 START test not_null_stg_products_product_id ........................... [RUN]
[0m11:07:22  29 of 45 PASS not_null_stg_negotiations_negotiation_id ......................... [[32mPASS[0m in 0.16s]
[0m11:07:22  33 of 45 START test unique_stg_products_product_code ........................... [RUN]
[0m11:07:22  31 of 45 PASS not_null_stg_products_product_code ............................... [[32mPASS[0m in 0.15s]
[0m11:07:22  30 of 45 PASS unique_stg_negotiations_negotiation_id ........................... [[32mPASS[0m in 0.16s]
[0m11:07:22  32 of 45 PASS not_null_stg_products_product_id ................................. [[32mPASS[0m in 0.16s]
[0m11:07:22  34 of 45 START test unique_stg_products_product_id ............................. [RUN]
[0m11:07:22  35 of 45 START test accepted_values_stg_sales_orders_currency__USD__EUR ........ [RUN]
[0m11:07:22  36 of 45 START test accepted_values_stg_sales_orders_status__draft__active__fulfilled__terminated  [RUN]
[0m11:07:22  33 of 45 PASS unique_stg_products_product_code ................................. [[32mPASS[0m in 0.20s]
[0m11:07:22  34 of 45 PASS unique_stg_products_product_id ................................... [[32mPASS[0m in 0.17s]
[0m11:07:22  36 of 45 PASS accepted_values_stg_sales_orders_status__draft__active__fulfilled__terminated  [[32mPASS[0m in 0.18s]
[0m11:07:22  35 of 45 PASS accepted_values_stg_sales_orders_currency__USD__EUR .............. [[32mPASS[0m in 0.18s]
[0m11:07:22  37 of 45 START test not_null_stg_sales_orders_order_id ......................... [RUN]
[0m11:07:22  38 of 45 START test not_null_stg_sales_orders_product_id ....................... [RUN]
[0m11:07:22  39 of 45 START test relationships_stg_sales_orders_product_id__product_id__ref_stg_products_  [RUN]
[0m11:07:22  40 of 45 START test unique_stg_sales_orders_order_id ........................... [RUN]
[0m11:07:23  37 of 45 PASS not_null_stg_sales_orders_order_id ............................... [[32mPASS[0m in 0.18s]
[0m11:07:23  38 of 45 PASS not_null_stg_sales_orders_product_id ............................. [[32mPASS[0m in 0.18s]
[0m11:07:23  39 of 45 PASS relationships_stg_sales_orders_product_id__product_id__ref_stg_products_  [[32mPASS[0m in 0.17s]
[0m11:07:23  41 of 45 START test not_null_stg_suppliers_supplier_id ......................... [RUN]
[0m11:07:23  42 of 45 START test unique_stg_suppliers_supplier_id ........................... [RUN]
[0m11:07:23  43 of 45 START test accepted_values_stg_purchase_orders_status__ordered__shipped__delivered__partially_delivered__cancelled  [RUN]
[0m11:07:23  40 of 45 PASS unique_stg_sales_orders_order_id ................................. [[32mPASS[0m in 0.21s]
[0m11:07:23  44 of 45 START test not_null_stg_purchase_orders_order_id ...................... [RUN]
[0m11:07:23  41 of 45 PASS not_null_stg_suppliers_supplier_id ............................... [[32mPASS[0m in 0.13s]
[0m11:07:23  43 of 45 PASS accepted_values_stg_purchase_orders_status__ordered__shipped__delivered__partially_delivered__cancelled  [[32mPASS[0m in 0.13s]
[0m11:07:23  42 of 45 PASS unique_stg_suppliers_supplier_id ................................. [[32mPASS[0m in 0.14s]
[0m11:07:23  45 of 45 START test unique_stg_purchase_orders_order_id ........................ [RUN]
[0m11:07:23  44 of 45 PASS not_null_stg_purchase_orders_order_id ............................ [[32mPASS[0m in 0.12s]
[0m11:07:23  45 of 45 PASS unique_stg_purchase_orders_order_id .............................. [[32mPASS[0m in 0.08s]
[0m11:07:23  
[0m11:07:23  Finished running 29 data tests, 16 view models in 0 hours 0 minutes and 4.08 seconds (4.08s).
[0m11:07:23  
[0m11:07:23  [32mCompleted successfully[0m
[0m11:07:23  
[0m11:07:23  Done. PASS=45 WARN=0 ERROR=0 SKIP=0 NO-OP=0 TOTAL=45

[2026-04-15T11:07:24.943+0000] {taskinstance.py:441} INFO - ::group::Post task execution logs
[2026-04-15T11:07:24.994+0000] {taskinstance.py:1206} INFO - Marking task as SUCCESS. dag_id=firepoint_dbt_hourly, task_id=dbt_build_hourly, run_id=scheduled__2026-04-15T10:00:00+00:00, execution_date=20260415T100000, start_date=20260415T110710, end_date=20260415T110724
[2026-04-15T11:07:25.052+0000] {local_task_job_runner.py:243} INFO - Task exited with return code 0
[2026-04-15T11:07:25.076+0000] {taskinstance.py:3503} INFO - 0 downstream tasks scheduled from follow-on schedule check
[2026-04-15T11:07:25.080+0000] {local_task_job_runner.py:222} INFO - ::endgroup::
