[2026-04-14T17:09:23.836+0000] {local_task_job_runner.py:120} INFO - ::group::Pre task execution logs
[2026-04-14T17:09:23.880+0000] {taskinstance.py:2076} INFO - Dependencies all met for dep_context=non-requeueable deps ti=<TaskInstance: firepoint_etl.extract_minio manual__2026-04-14T17:05:13.913667+00:00 [queued]>
[2026-04-14T17:09:23.894+0000] {taskinstance.py:2076} INFO - Dependencies all met for dep_context=requeueable deps ti=<TaskInstance: firepoint_etl.extract_minio manual__2026-04-14T17:05:13.913667+00:00 [queued]>
[2026-04-14T17:09:23.895+0000] {taskinstance.py:2306} INFO - Starting attempt 3 of 3
[2026-04-14T17:09:23.914+0000] {taskinstance.py:2330} INFO - Executing <Task(_PythonDecoratedOperator): extract_minio> on 2026-04-14 17:05:13.913667+00:00
[2026-04-14T17:09:23.929+0000] {standard_task_runner.py:64} INFO - Started process 1565 to run task
[2026-04-14T17:09:23.935+0000] {standard_task_runner.py:90} INFO - Running: ['***', 'tasks', 'run', 'firepoint_etl', 'extract_minio', 'manual__2026-04-14T17:05:13.913667+00:00', '--job-id', '19', '--raw', '--subdir', 'DAGS_FOLDER/etl_dag.py', '--cfg-path', '/tmp/tmp3nkzo3fk']
[2026-04-14T17:09:23.940+0000] {standard_task_runner.py:91} INFO - Job 19: Subtask extract_minio
[2026-04-14T17:09:24.045+0000] {task_command.py:426} INFO - Running <TaskInstance: firepoint_etl.extract_minio manual__2026-04-14T17:05:13.913667+00:00 [running]> on host 9c22045bc147
[2026-04-14T17:09:24.183+0000] {taskinstance.py:2648} INFO - Exporting env vars: AIRFLOW_CTX_DAG_OWNER='firepoint' AIRFLOW_CTX_DAG_ID='firepoint_etl' AIRFLOW_CTX_TASK_ID='extract_minio' AIRFLOW_CTX_EXECUTION_DATE='2026-04-14T17:05:13.913667+00:00' AIRFLOW_CTX_TRY_NUMBER='3' AIRFLOW_CTX_DAG_RUN_ID='manual__2026-04-14T17:05:13.913667+00:00'
[2026-04-14T17:09:24.185+0000] {taskinstance.py:430} INFO - ::endgroup::
[2026-04-14T17:09:24.282+0000] {taskinstance.py:441} INFO - ::group::Post task execution logs
[2026-04-14T17:09:24.284+0000] {taskinstance.py:2905} ERROR - Task failed with exception
Traceback (most recent call last):
  File "/home/airflow/.local/lib/python3.11/site-packages/airflow/models/taskinstance.py", line 465, in _execute_task
    result = _execute_callable(context=context, **execute_callable_kwargs)
             ^^^^^^^^^^^^^^^^^^^^^^^^^^^^^^^^^^^^^^^^^^^^^^^^^^^^^^^^^^^^^
  File "/home/airflow/.local/lib/python3.11/site-packages/airflow/models/taskinstance.py", line 432, in _execute_callable
    return execute_callable(context=context, **execute_callable_kwargs)
           ^^^^^^^^^^^^^^^^^^^^^^^^^^^^^^^^^^^^^^^^^^^^^^^^^^^^^^^^^^^^
  File "/home/airflow/.local/lib/python3.11/site-packages/airflow/models/baseoperator.py", line 401, in wrapper
    return func(self, *args, **kwargs)
           ^^^^^^^^^^^^^^^^^^^^^^^^^^^
  File "/home/airflow/.local/lib/python3.11/site-packages/airflow/decorators/base.py", line 265, in execute
    return_value = super().execute(context)
                   ^^^^^^^^^^^^^^^^^^^^^^^^
  File "/home/airflow/.local/lib/python3.11/site-packages/airflow/models/baseoperator.py", line 401, in wrapper
    return func(self, *args, **kwargs)
           ^^^^^^^^^^^^^^^^^^^^^^^^^^^
  File "/home/airflow/.local/lib/python3.11/site-packages/airflow/operators/python.py", line 235, in execute
    return_value = self.execute_callable()
                   ^^^^^^^^^^^^^^^^^^^^^^^
  File "/home/airflow/.local/lib/python3.11/site-packages/airflow/operators/python.py", line 252, in execute_callable
    return self.python_callable(*self.op_args, **self.op_kwargs)
           ^^^^^^^^^^^^^^^^^^^^^^^^^^^^^^^^^^^^^^^^^^^^^^^^^^^^^
  File "/opt/airflow/dags/etl_dag.py", line 137, in extract_minio
    conn_duck = duckdb.connect(DUCKDB_PATH)
                ^^^^^^^^^^^^^^^^^^^^^^^^^^^
_duckdb.IOException: IO Error: Could not set lock on file "/opt/***/duckdb/firepoint.duckdb": Conflicting lock is held in /usr/local/bin/python3.11 (PID 1564). See also https://duckdb.org/docs/stable/connect/concurrency
[2026-04-14T17:09:24.307+0000] {taskinstance.py:1206} INFO - Marking task as FAILED. dag_id=firepoint_etl, task_id=extract_minio, run_id=manual__2026-04-14T17:05:13.913667+00:00, execution_date=20260414T170513, start_date=20260414T170923, end_date=20260414T170924
[2026-04-14T17:09:24.334+0000] {standard_task_runner.py:110} ERROR - Failed to execute job 19 for task extract_minio (IO Error: Could not set lock on file "/opt/***/duckdb/firepoint.duckdb": Conflicting lock is held in /usr/local/bin/python3.11 (PID 1564). See also https://duckdb.org/docs/stable/connect/concurrency; 1565)
[2026-04-14T17:09:24.390+0000] {local_task_job_runner.py:243} INFO - Task exited with return code 1
[2026-04-14T17:09:24.434+0000] {taskinstance.py:3503} INFO - 0 downstream tasks scheduled from follow-on schedule check
[2026-04-14T17:09:24.443+0000] {local_task_job_runner.py:222} INFO - ::endgroup::
