[2026-04-15T11:00:00.973+0000] {local_task_job_runner.py:120} INFO - ::group::Pre task execution logs
[2026-04-15T11:00:01.013+0000] {taskinstance.py:2076} INFO - Dependencies all met for dep_context=non-requeueable deps ti=<TaskInstance: firepoint_dbt_hourly.dbt_build_hourly manual__2026-04-15T10:56:58.352688+00:00 [queued]>
[2026-04-15T11:00:01.022+0000] {taskinstance.py:2076} INFO - Dependencies all met for dep_context=requeueable deps ti=<TaskInstance: firepoint_dbt_hourly.dbt_build_hourly manual__2026-04-15T10:56:58.352688+00:00 [queued]>
[2026-04-15T11:00:01.024+0000] {taskinstance.py:2306} INFO - Starting attempt 2 of 2
[2026-04-15T11:00:01.044+0000] {taskinstance.py:2330} INFO - Executing <Task(_PythonDecoratedOperator): dbt_build_hourly> on 2026-04-15 10:56:58.352688+00:00
[2026-04-15T11:00:01.049+0000] {standard_task_runner.py:64} INFO - Started process 300 to run task
[2026-04-15T11:00:01.054+0000] {standard_task_runner.py:90} INFO - Running: ['***', 'tasks', 'run', 'firepoint_dbt_hourly', 'dbt_build_hourly', 'manual__2026-04-15T10:56:58.352688+00:00', '--job-id', '88', '--raw', '--subdir', 'DAGS_FOLDER/dbt_dag.py', '--cfg-path', '/tmp/tmpqk8sewe_']
[2026-04-15T11:00:01.059+0000] {standard_task_runner.py:91} INFO - Job 88: Subtask dbt_build_hourly
[2026-04-15T11:00:01.141+0000] {task_command.py:426} INFO - Running <TaskInstance: firepoint_dbt_hourly.dbt_build_hourly manual__2026-04-15T10:56:58.352688+00:00 [running]> on host 0cf1a09c2af8
[2026-04-15T11:00:01.449+0000] {taskinstance.py:2648} INFO - Exporting env vars: AIRFLOW_CTX_DAG_OWNER='firepoint' AIRFLOW_CTX_DAG_ID='firepoint_dbt_hourly' AIRFLOW_CTX_TASK_ID='dbt_build_hourly' AIRFLOW_CTX_EXECUTION_DATE='2026-04-15T10:56:58.352688+00:00' AIRFLOW_CTX_TRY_NUMBER='2' AIRFLOW_CTX_DAG_RUN_ID='manual__2026-04-15T10:56:58.352688+00:00'
[2026-04-15T11:00:01.450+0000] {taskinstance.py:430} INFO - ::endgroup::
[2026-04-15T11:00:01.451+0000] {logging_mixin.py:188} INFO - running: cd /opt/***/dbt && dbt build --select tag:hourly --profiles-dir /opt/***/dbt
[2026-04-15T11:00:11.896+0000] {logging_mixin.py:188} INFO - 11:00:04  Running with dbt=1.11.8
11:00:04  Registered adapter: duckdb=1.10.1
11:00:05  Found 24 models, 2 seeds, 29 data tests, 19 sources, 475 macros
11:00:05  
11:00:05  Concurrency: 4 threads (target='dev')
11:00:05  
11:00:06  1 of 45 START sql view model main_raw_dbt.raw_employees ........................ [RUN]
11:00:06  2 of 45 START sql view model main_raw_dbt.raw_invoices ......................... [RUN]
11:00:06  3 of 45 START sql view model main_raw_dbt.raw_negotiations ..................... [RUN]
11:00:06  4 of 45 START sql view model main_raw_dbt.raw_production_orders ................ [RUN]
11:00:06  3 of 45 OK created sql view model main_raw_dbt.raw_negotiations ................ [OK in 0.43s]
11:00:06  1 of 45 OK created sql view model main_raw_dbt.raw_employees ................... [OK in 0.45s]
11:00:06  4 of 45 OK created sql view model main_raw_dbt.raw_production_orders ........... [OK in 0.45s]
11:00:06  2 of 45 OK created sql view model main_raw_dbt.raw_invoices .................... [OK in 0.46s]
11:00:06  5 of 45 START sql view model main_raw_dbt.raw_products ......................... [RUN]
11:00:06  6 of 45 START sql view model main_raw_dbt.raw_purchase_orders .................. [RUN]
11:00:06  7 of 45 START sql view model main_raw_dbt.raw_sales_orders ..................... [RUN]
11:00:06  8 of 45 START sql view model main_raw_dbt.raw_suppliers ........................ [RUN]
11:00:07  5 of 45 OK created sql view model main_raw_dbt.raw_products .................... [OK in 0.50s]
11:00:07  6 of 45 OK created sql view model main_raw_dbt.raw_purchase_orders ............. [OK in 0.49s]
11:00:07  9 of 45 START sql view model main_staging.stg_negotiations ..................... [RUN]
11:00:07  7 of 45 OK created sql view model main_raw_dbt.raw_sales_orders ................ [OK in 0.52s]
11:00:07  10 of 45 START sql view model main_staging.stg_employees ....................... [RUN]
11:00:07  11 of 45 START sql view model main_staging.stg_production_orders ............... [RUN]
11:00:07  8 of 45 OK created sql view model main_raw_dbt.raw_suppliers ................... [OK in 0.59s]
11:00:07  12 of 45 START sql view model main_staging.stg_invoices ........................ [RUN]
11:00:07  9 of 45 OK created sql view model main_staging.stg_negotiations ................ [OK in 0.47s]
11:00:07  10 of 45 OK created sql view model main_staging.stg_employees .................. [OK in 0.45s]
11:00:07  13 of 45 START sql view model main_staging.stg_products ........................ [RUN]
11:00:07  11 of 45 OK created sql view model main_staging.stg_production_orders .......... [OK in 0.32s]
11:00:07  14 of 45 START sql view model main_staging.stg_purchase_orders ................. [RUN]
11:00:07  15 of 45 START sql view model main_staging.stg_sales_orders .................... [RUN]
11:00:07  12 of 45 OK created sql view model main_staging.stg_invoices ................... [OK in 0.32s]
11:00:07  16 of 45 START sql view model main_staging.stg_suppliers ....................... [RUN]
11:00:08  13 of 45 OK created sql view model main_staging.stg_products ................... [OK in 0.51s]
11:00:08  14 of 45 OK created sql view model main_staging.stg_purchase_orders ............ [OK in 0.50s]
11:00:08  17 of 45 START test accepted_values_stg_negotiations_final_outcome__contract_signed__deal_lost__still_negotiating  [RUN]
11:00:08  18 of 45 START test not_null_stg_negotiations_negotiation_id ................... [RUN]
11:00:08  15 of 45 OK created sql view model main_staging.stg_sales_orders ............... [OK in 0.54s]
11:00:08  16 of 45 OK created sql view model main_staging.stg_suppliers .................. [OK in 0.56s]
11:00:08  19 of 45 START test unique_stg_negotiations_negotiation_id ..................... [RUN]
11:00:08  20 of 45 START test not_null_stg_employees_department_id ....................... [RUN]
11:00:08  18 of 45 PASS not_null_stg_negotiations_negotiation_id ......................... [PASS in 0.30s]
11:00:08  17 of 45 PASS accepted_values_stg_negotiations_final_outcome__contract_signed__deal_lost__still_negotiating  [PASS in 0.32s]
11:00:08  21 of 45 START test not_null_stg_employees_employee_id ......................... [RUN]
11:00:08  22 of 45 START test relationships_stg_employees_department_id__department_id__source_firepoint_departments_  [RUN]
11:00:08  19 of 45 PASS unique_stg_negotiations_negotiation_id ........................... [PASS in 0.27s]
11:00:08  20 of 45 PASS not_null_stg_employees_department_id ............................. [PASS in 0.21s]
11:00:08  23 of 45 START test unique_stg_employees_employee_id ........................... [RUN]
11:00:08  24 of 45 START test accepted_values_stg_production_orders_status__planned__in_progress__completed__cancelled  [RUN]
11:00:09  21 of 45 PASS not_null_stg_employees_employee_id ............................... [PASS in 0.28s]
11:00:09  25 of 45 START test not_null_stg_production_orders_prod_order_id ............... [RUN]
11:00:09  22 of 45 PASS relationships_stg_employees_department_id__department_id__source_firepoint_departments_  [PASS in 0.32s]
11:00:09  23 of 45 PASS unique_stg_employees_employee_id ................................. [PASS in 0.31s]
11:00:09  26 of 45 START test unique_stg_production_orders_prod_order_id ................. [RUN]
11:00:09  24 of 45 PASS accepted_values_stg_production_orders_status__planned__in_progress__completed__cancelled  [PASS in 0.32s]
11:00:09  27 of 45 START test accepted_values_stg_invoices_source_type__sales_order__purchase_order  [RUN]
11:00:09  28 of 45 START test accepted_values_stg_invoices_status__issued__paid__overdue__cancelled  [RUN]
11:00:09  25 of 45 PASS not_null_stg_production_orders_prod_order_id ..................... [PASS in 0.28s]
11:00:09  29 of 45 START test not_null_stg_invoices_invoice_id ........................... [RUN]
11:00:09  26 of 45 PASS unique_stg_production_orders_prod_order_id ....................... [PASS in 0.22s]
11:00:09  27 of 45 PASS accepted_values_stg_invoices_source_type__sales_order__purchase_order  [PASS in 0.20s]
11:00:09  30 of 45 START test unique_stg_invoices_invoice_id ............................. [RUN]
11:00:09  28 of 45 PASS accepted_values_stg_invoices_status__issued__paid__overdue__cancelled  [PASS in 0.20s]
11:00:09  31 of 45 START test not_null_stg_products_product_code ......................... [RUN]
11:00:09  32 of 45 START test not_null_stg_products_product_id ........................... [RUN]
11:00:09  29 of 45 PASS not_null_stg_invoices_invoice_id ................................. [PASS in 0.15s]
11:00:09  33 of 45 START test unique_stg_products_product_code ........................... [RUN]
11:00:09  30 of 45 PASS unique_stg_invoices_invoice_id ................................... [PASS in 0.13s]
11:00:09  32 of 45 PASS not_null_stg_products_product_id ................................. [PASS in 0.13s]
11:00:09  34 of 45 START test unique_stg_products_product_id ............................. [RUN]
11:00:09  31 of 45 PASS not_null_stg_products_product_code ............................... [PASS in 0.14s]
11:00:09  35 of 45 START test accepted_values_stg_purchase_orders_status__ordered__shipped__delivered__partially_delivered__cancelled  [RUN]
11:00:09  36 of 45 START test not_null_stg_purchase_orders_order_id ...................... [RUN]
11:00:09  33 of 45 PASS unique_stg_products_product_code ................................. [PASS in 0.14s]
11:00:09  37 of 45 START test unique_stg_purchase_orders_order_id ........................ [RUN]
11:00:09  34 of 45 PASS unique_stg_products_product_id ................................... [PASS in 0.14s]
11:00:09  38 of 45 START test accepted_values_stg_sales_orders_currency__USD__EUR ........ [RUN]
11:00:09  36 of 45 PASS not_null_stg_purchase_orders_order_id ............................ [PASS in 0.14s]
11:00:09  35 of 45 PASS accepted_values_stg_purchase_orders_status__ordered__shipped__delivered__partially_delivered__cancelled  [PASS in 0.15s]
11:00:09  39 of 45 START test accepted_values_stg_sales_orders_status__draft__active__fulfilled__terminated  [RUN]
11:00:09  40 of 45 START test not_null_stg_sales_orders_order_id ......................... [RUN]
11:00:09  37 of 45 PASS unique_stg_purchase_orders_order_id .............................. [PASS in 0.16s]
11:00:09  41 of 45 START test not_null_stg_sales_orders_product_id ....................... [RUN]
11:00:09  38 of 45 PASS accepted_values_stg_sales_orders_currency__USD__EUR .............. [PASS in 0.15s]
11:00:09  40 of 45 PASS not_null_stg_sales_orders_order_id ............................... [PASS in 0.13s]
11:00:09  39 of 45 PASS accepted_values_stg_sales_orders_status__draft__active__fulfilled__terminated  [PASS in 0.14s]
11:00:09  42 of 45 START test relationships_stg_sales_orders_product_id__product_id__ref_stg_products_  [RUN]
11:00:09  43 of 45 START test unique_stg_sales_orders_order_id ........................... [RUN]
11:00:10  44 of 45 START test not_null_stg_suppliers_supplier_id ......................... [RUN]
11:00:10  41 of 45 PASS not_null_stg_sales_orders_product_id ............................. [PASS in 0.15s]
11:00:10  45 of 45 START test unique_stg_suppliers_supplier_id ........................... [RUN]
11:00:10  42 of 45 PASS relationships_stg_sales_orders_product_id__product_id__ref_stg_products_  [PASS in 0.16s]
11:00:10  43 of 45 PASS unique_stg_sales_orders_order_id ................................. [PASS in 0.14s]
11:00:10  44 of 45 PASS not_null_stg_suppliers_supplier_id ............................... [PASS in 0.16s]
11:00:10  45 of 45 PASS unique_stg_suppliers_supplier_id ................................. [PASS in 0.16s]
11:00:10  
11:00:10  Finished running 29 data tests, 16 view models in 0 hours 0 minutes and 4.41 seconds (4.41s).
11:00:10  
11:00:10  Completed successfully
11:00:10  
11:00:10  Done. PASS=45 WARN=0 ERROR=0 SKIP=0 NO-OP=0 TOTAL=45
[2026-04-15T11:00:11.898+0000] {python.py:237} INFO - Done. Returned value was: [0m11:00:04  Running with dbt=1.11.8
[0m11:00:04  Registered adapter: duckdb=1.10.1
[0m11:00:05  Found 24 models, 2 seeds, 29 data tests, 19 sources, 475 macros
[0m11:00:05  
[0m11:00:05  Concurrency: 4 threads (target='dev')
[0m11:00:05  
[0m11:00:06  1 of 45 START sql view model main_raw_dbt.raw_employees ........................ [RUN]
[0m11:00:06  2 of 45 START sql view model main_raw_dbt.raw_invoices ......................... [RUN]
[0m11:00:06  3 of 45 START sql view model main_raw_dbt.raw_negotiations ..................... [RUN]
[0m11:00:06  4 of 45 START sql view model main_raw_dbt.raw_production_orders ................ [RUN]
[0m11:00:06  3 of 45 OK created sql view model main_raw_dbt.raw_negotiations ................ [[32mOK[0m in 0.43s]
[0m11:00:06  1 of 45 OK created sql view model main_raw_dbt.raw_employees ................... [[32mOK[0m in 0.45s]
[0m11:00:06  4 of 45 OK created sql view model main_raw_dbt.raw_production_orders ........... [[32mOK[0m in 0.45s]
[0m11:00:06  2 of 45 OK created sql view model main_raw_dbt.raw_invoices .................... [[32mOK[0m in 0.46s]
[0m11:00:06  5 of 45 START sql view model main_raw_dbt.raw_products ......................... [RUN]
[0m11:00:06  6 of 45 START sql view model main_raw_dbt.raw_purchase_orders .................. [RUN]
[0m11:00:06  7 of 45 START sql view model main_raw_dbt.raw_sales_orders ..................... [RUN]
[0m11:00:06  8 of 45 START sql view model main_raw_dbt.raw_suppliers ........................ [RUN]
[0m11:00:07  5 of 45 OK created sql view model main_raw_dbt.raw_products .................... [[32mOK[0m in 0.50s]
[0m11:00:07  6 of 45 OK created sql view model main_raw_dbt.raw_purchase_orders ............. [[32mOK[0m in 0.49s]
[0m11:00:07  9 of 45 START sql view model main_staging.stg_negotiations ..................... [RUN]
[0m11:00:07  7 of 45 OK created sql view model main_raw_dbt.raw_sales_orders ................ [[32mOK[0m in 0.52s]
[0m11:00:07  10 of 45 START sql view model main_staging.stg_employees ....................... [RUN]
[0m11:00:07  11 of 45 START sql view model main_staging.stg_production_orders ............... [RUN]
[0m11:00:07  8 of 45 OK created sql view model main_raw_dbt.raw_suppliers ................... [[32mOK[0m in 0.59s]
[0m11:00:07  12 of 45 START sql view model main_staging.stg_invoices ........................ [RUN]
[0m11:00:07  9 of 45 OK created sql view model main_staging.stg_negotiations ................ [[32mOK[0m in 0.47s]
[0m11:00:07  10 of 45 OK created sql view model main_staging.stg_employees .................. [[32mOK[0m in 0.45s]
[0m11:00:07  13 of 45 START sql view model main_staging.stg_products ........................ [RUN]
[0m11:00:07  11 of 45 OK created sql view model main_staging.stg_production_orders .......... [[32mOK[0m in 0.32s]
[0m11:00:07  14 of 45 START sql view model main_staging.stg_purchase_orders ................. [RUN]
[0m11:00:07  15 of 45 START sql view model main_staging.stg_sales_orders .................... [RUN]
[0m11:00:07  12 of 45 OK created sql view model main_staging.stg_invoices ................... [[32mOK[0m in 0.32s]
[0m11:00:07  16 of 45 START sql view model main_staging.stg_suppliers ....................... [RUN]
[0m11:00:08  13 of 45 OK created sql view model main_staging.stg_products ................... [[32mOK[0m in 0.51s]
[0m11:00:08  14 of 45 OK created sql view model main_staging.stg_purchase_orders ............ [[32mOK[0m in 0.50s]
[0m11:00:08  17 of 45 START test accepted_values_stg_negotiations_final_outcome__contract_signed__deal_lost__still_negotiating  [RUN]
[0m11:00:08  18 of 45 START test not_null_stg_negotiations_negotiation_id ................... [RUN]
[0m11:00:08  15 of 45 OK created sql view model main_staging.stg_sales_orders ............... [[32mOK[0m in 0.54s]
[0m11:00:08  16 of 45 OK created sql view model main_staging.stg_suppliers .................. [[32mOK[0m in 0.56s]
[0m11:00:08  19 of 45 START test unique_stg_negotiations_negotiation_id ..................... [RUN]
[0m11:00:08  20 of 45 START test not_null_stg_employees_department_id ....................... [RUN]
[0m11:00:08  18 of 45 PASS not_null_stg_negotiations_negotiation_id ......................... [[32mPASS[0m in 0.30s]
[0m11:00:08  17 of 45 PASS accepted_values_stg_negotiations_final_outcome__contract_signed__deal_lost__still_negotiating  [[32mPASS[0m in 0.32s]
[0m11:00:08  21 of 45 START test not_null_stg_employees_employee_id ......................... [RUN]
[0m11:00:08  22 of 45 START test relationships_stg_employees_department_id__department_id__source_firepoint_departments_  [RUN]
[0m11:00:08  19 of 45 PASS unique_stg_negotiations_negotiation_id ........................... [[32mPASS[0m in 0.27s]
[0m11:00:08  20 of 45 PASS not_null_stg_employees_department_id ............................. [[32mPASS[0m in 0.21s]
[0m11:00:08  23 of 45 START test unique_stg_employees_employee_id ........................... [RUN]
[0m11:00:08  24 of 45 START test accepted_values_stg_production_orders_status__planned__in_progress__completed__cancelled  [RUN]
[0m11:00:09  21 of 45 PASS not_null_stg_employees_employee_id ............................... [[32mPASS[0m in 0.28s]
[0m11:00:09  25 of 45 START test not_null_stg_production_orders_prod_order_id ............... [RUN]
[0m11:00:09  22 of 45 PASS relationships_stg_employees_department_id__department_id__source_firepoint_departments_  [[32mPASS[0m in 0.32s]
[0m11:00:09  23 of 45 PASS unique_stg_employees_employee_id ................................. [[32mPASS[0m in 0.31s]
[0m11:00:09  26 of 45 START test unique_stg_production_orders_prod_order_id ................. [RUN]
[0m11:00:09  24 of 45 PASS accepted_values_stg_production_orders_status__planned__in_progress__completed__cancelled  [[32mPASS[0m in 0.32s]
[0m11:00:09  27 of 45 START test accepted_values_stg_invoices_source_type__sales_order__purchase_order  [RUN]
[0m11:00:09  28 of 45 START test accepted_values_stg_invoices_status__issued__paid__overdue__cancelled  [RUN]
[0m11:00:09  25 of 45 PASS not_null_stg_production_orders_prod_order_id ..................... [[32mPASS[0m in 0.28s]
[0m11:00:09  29 of 45 START test not_null_stg_invoices_invoice_id ........................... [RUN]
[0m11:00:09  26 of 45 PASS unique_stg_production_orders_prod_order_id ....................... [[32mPASS[0m in 0.22s]
[0m11:00:09  27 of 45 PASS accepted_values_stg_invoices_source_type__sales_order__purchase_order  [[32mPASS[0m in 0.20s]
[0m11:00:09  30 of 45 START test unique_stg_invoices_invoice_id ............................. [RUN]
[0m11:00:09  28 of 45 PASS accepted_values_stg_invoices_status__issued__paid__overdue__cancelled  [[32mPASS[0m in 0.20s]
[0m11:00:09  31 of 45 START test not_null_stg_products_product_code ......................... [RUN]
[0m11:00:09  32 of 45 START test not_null_stg_products_product_id ........................... [RUN]
[0m11:00:09  29 of 45 PASS not_null_stg_invoices_invoice_id ................................. [[32mPASS[0m in 0.15s]
[0m11:00:09  33 of 45 START test unique_stg_products_product_code ........................... [RUN]
[0m11:00:09  30 of 45 PASS unique_stg_invoices_invoice_id ................................... [[32mPASS[0m in 0.13s]
[0m11:00:09  32 of 45 PASS not_null_stg_products_product_id ................................. [[32mPASS[0m in 0.13s]
[0m11:00:09  34 of 45 START test unique_stg_products_product_id ............................. [RUN]
[0m11:00:09  31 of 45 PASS not_null_stg_products_product_code ............................... [[32mPASS[0m in 0.14s]
[0m11:00:09  35 of 45 START test accepted_values_stg_purchase_orders_status__ordered__shipped__delivered__partially_delivered__cancelled  [RUN]
[0m11:00:09  36 of 45 START test not_null_stg_purchase_orders_order_id ...................... [RUN]
[0m11:00:09  33 of 45 PASS unique_stg_products_product_code ................................. [[32mPASS[0m in 0.14s]
[0m11:00:09  37 of 45 START test unique_stg_purchase_orders_order_id ........................ [RUN]
[0m11:00:09  34 of 45 PASS unique_stg_products_product_id ................................... [[32mPASS[0m in 0.14s]
[0m11:00:09  38 of 45 START test accepted_values_stg_sales_orders_currency__USD__EUR ........ [RUN]
[0m11:00:09  36 of 45 PASS not_null_stg_purchase_orders_order_id ............................ [[32mPASS[0m in 0.14s]
[0m11:00:09  35 of 45 PASS accepted_values_stg_purchase_orders_status__ordered__shipped__delivered__partially_delivered__cancelled  [[32mPASS[0m in 0.15s]
[0m11:00:09  39 of 45 START test accepted_values_stg_sales_orders_status__draft__active__fulfilled__terminated  [RUN]
[0m11:00:09  40 of 45 START test not_null_stg_sales_orders_order_id ......................... [RUN]
[0m11:00:09  37 of 45 PASS unique_stg_purchase_orders_order_id .............................. [[32mPASS[0m in 0.16s]
[0m11:00:09  41 of 45 START test not_null_stg_sales_orders_product_id ....................... [RUN]
[0m11:00:09  38 of 45 PASS accepted_values_stg_sales_orders_currency__USD__EUR .............. [[32mPASS[0m in 0.15s]
[0m11:00:09  40 of 45 PASS not_null_stg_sales_orders_order_id ............................... [[32mPASS[0m in 0.13s]
[0m11:00:09  39 of 45 PASS accepted_values_stg_sales_orders_status__draft__active__fulfilled__terminated  [[32mPASS[0m in 0.14s]
[0m11:00:09  42 of 45 START test relationships_stg_sales_orders_product_id__product_id__ref_stg_products_  [RUN]
[0m11:00:09  43 of 45 START test unique_stg_sales_orders_order_id ........................... [RUN]
[0m11:00:10  44 of 45 START test not_null_stg_suppliers_supplier_id ......................... [RUN]
[0m11:00:10  41 of 45 PASS not_null_stg_sales_orders_product_id ............................. [[32mPASS[0m in 0.15s]
[0m11:00:10  45 of 45 START test unique_stg_suppliers_supplier_id ........................... [RUN]
[0m11:00:10  42 of 45 PASS relationships_stg_sales_orders_product_id__product_id__ref_stg_products_  [[32mPASS[0m in 0.16s]
[0m11:00:10  43 of 45 PASS unique_stg_sales_orders_order_id ................................. [[32mPASS[0m in 0.14s]
[0m11:00:10  44 of 45 PASS not_null_stg_suppliers_supplier_id ............................... [[32mPASS[0m in 0.16s]
[0m11:00:10  45 of 45 PASS unique_stg_suppliers_supplier_id ................................. [[32mPASS[0m in 0.16s]
[0m11:00:10  
[0m11:00:10  Finished running 29 data tests, 16 view models in 0 hours 0 minutes and 4.41 seconds (4.41s).
[0m11:00:10  
[0m11:00:10  [32mCompleted successfully[0m
[0m11:00:10  
[0m11:00:10  Done. PASS=45 WARN=0 ERROR=0 SKIP=0 NO-OP=0 TOTAL=45

[2026-04-15T11:00:11.900+0000] {taskinstance.py:441} INFO - ::group::Post task execution logs
[2026-04-15T11:00:11.955+0000] {taskinstance.py:1206} INFO - Marking task as SUCCESS. dag_id=firepoint_dbt_hourly, task_id=dbt_build_hourly, run_id=manual__2026-04-15T10:56:58.352688+00:00, execution_date=20260415T105658, start_date=20260415T110001, end_date=20260415T110011
[2026-04-15T11:00:12.002+0000] {local_task_job_runner.py:243} INFO - Task exited with return code 0
[2026-04-15T11:00:12.025+0000] {taskinstance.py:3503} INFO - 0 downstream tasks scheduled from follow-on schedule check
[2026-04-15T11:00:12.028+0000] {local_task_job_runner.py:222} INFO - ::endgroup::
