[2026-04-15T10:47:13.754+0000] {local_task_job_runner.py:120} INFO - ::group::Pre task execution logs
[2026-04-15T10:47:13.811+0000] {taskinstance.py:2076} INFO - Dependencies all met for dep_context=non-requeueable deps ti=<TaskInstance: firepoint_dbt_daily.dbt_seed manual__2026-04-14T18:23:20.474345+00:00 [queued]>
[2026-04-15T10:47:13.828+0000] {taskinstance.py:2076} INFO - Dependencies all met for dep_context=requeueable deps ti=<TaskInstance: firepoint_dbt_daily.dbt_seed manual__2026-04-14T18:23:20.474345+00:00 [queued]>
[2026-04-15T10:47:13.829+0000] {taskinstance.py:2306} INFO - Starting attempt 2 of 2
[2026-04-15T10:47:13.848+0000] {taskinstance.py:2330} INFO - Executing <Task(_PythonDecoratedOperator): dbt_seed> on 2026-04-14 18:23:20.474345+00:00
[2026-04-15T10:47:13.861+0000] {standard_task_runner.py:64} INFO - Started process 205 to run task
[2026-04-15T10:47:13.872+0000] {standard_task_runner.py:90} INFO - Running: ['***', 'tasks', 'run', 'firepoint_dbt_daily', 'dbt_seed', 'manual__2026-04-14T18:23:20.474345+00:00', '--job-id', '68', '--raw', '--subdir', 'DAGS_FOLDER/dbt_dag.py', '--cfg-path', '/tmp/tmpvz7nx9fl']
[2026-04-15T10:47:13.880+0000] {standard_task_runner.py:91} INFO - Job 68: Subtask dbt_seed
[2026-04-15T10:47:14.009+0000] {task_command.py:426} INFO - Running <TaskInstance: firepoint_dbt_daily.dbt_seed manual__2026-04-14T18:23:20.474345+00:00 [running]> on host 9c22045bc147
[2026-04-15T10:47:14.175+0000] {taskinstance.py:2648} INFO - Exporting env vars: AIRFLOW_CTX_DAG_OWNER='firepoint' AIRFLOW_CTX_DAG_ID='firepoint_dbt_daily' AIRFLOW_CTX_TASK_ID='dbt_seed' AIRFLOW_CTX_EXECUTION_DATE='2026-04-14T18:23:20.474345+00:00' AIRFLOW_CTX_TRY_NUMBER='2' AIRFLOW_CTX_DAG_RUN_ID='manual__2026-04-14T18:23:20.474345+00:00'
[2026-04-15T10:47:14.177+0000] {taskinstance.py:430} INFO - ::endgroup::
[2026-04-15T10:47:14.180+0000] {logging_mixin.py:188} INFO - running: cd /opt/***/dbt_project && dbt seed --profiles-dir /opt/***/dbt_project
[2026-04-15T10:47:28.328+0000] {taskinstance.py:441} INFO - ::group::Post task execution logs
[2026-04-15T10:47:28.333+0000] {taskinstance.py:2905} ERROR - Task failed with exception
Traceback (most recent call last):
  File "/home/airflow/.local/lib/python3.11/site-packages/airflow/models/taskinstance.py", line 465, in _execute_task
    result = _execute_callable(context=context, **execute_callable_kwargs)
             ^^^^^^^^^^^^^^^^^^^^^^^^^^^^^^^^^^^^^^^^^^^^^^^^^^^^^^^^^^^^^
  File "/home/airflow/.local/lib/python3.11/site-packages/airflow/models/taskinstance.py", line 432, in _execute_callable
    return execute_callable(context=context, **execute_callable_kwargs)
           ^^^^^^^^^^^^^^^^^^^^^^^^^^^^^^^^^^^^^^^^^^^^^^^^^^^^^^^^^^^^
  File "/home/airflow/.local/lib/python3.11/site-packages/airflow/models/baseoperator.py", line 401, in wrapper
    return func(self, *args, **kwargs)
           ^^^^^^^^^^^^^^^^^^^^^^^^^^^
  File "/home/airflow/.local/lib/python3.11/site-packages/airflow/decorators/base.py", line 265, in execute
    return_value = super().execute(context)
                   ^^^^^^^^^^^^^^^^^^^^^^^^
  File "/home/airflow/.local/lib/python3.11/site-packages/airflow/models/baseoperator.py", line 401, in wrapper
    return func(self, *args, **kwargs)
           ^^^^^^^^^^^^^^^^^^^^^^^^^^^
  File "/home/airflow/.local/lib/python3.11/site-packages/airflow/operators/python.py", line 235, in execute
    return_value = self.execute_callable()
                   ^^^^^^^^^^^^^^^^^^^^^^^
  File "/home/airflow/.local/lib/python3.11/site-packages/airflow/operators/python.py", line 252, in execute_callable
    return self.python_callable(*self.op_args, **self.op_kwargs)
           ^^^^^^^^^^^^^^^^^^^^^^^^^^^^^^^^^^^^^^^^^^^^^^^^^^^^^
  File "/opt/airflow/dags/dbt_dag.py", line 42, in dbt_seed
    return run_dbt_command("seed")
           ^^^^^^^^^^^^^^^^^^^^^^^
  File "/opt/airflow/dags/dbt_dag.py", line 26, in run_dbt_command
    raise Exception(f"dbt command failed: {command}")
Exception: dbt command failed: seed
[2026-04-15T10:47:28.418+0000] {taskinstance.py:1206} INFO - Marking task as FAILED. dag_id=firepoint_dbt_daily, task_id=dbt_seed, run_id=manual__2026-04-14T18:23:20.474345+00:00, execution_date=20260414T182320, start_date=20260415T104713, end_date=20260415T104728
[2026-04-15T10:47:28.577+0000] {standard_task_runner.py:110} ERROR - Failed to execute job 68 for task dbt_seed (dbt command failed: seed; 205)
[2026-04-15T10:47:28.700+0000] {local_task_job_runner.py:243} INFO - Task exited with return code 1
[2026-04-15T10:47:28.778+0000] {taskinstance.py:3503} INFO - 0 downstream tasks scheduled from follow-on schedule check
[2026-04-15T10:47:28.788+0000] {local_task_job_runner.py:222} INFO - ::endgroup::
