[2026-04-15T11:00:33.264+0000] {local_task_job_runner.py:120} INFO - ::group::Pre task execution logs
[2026-04-15T11:00:33.304+0000] {taskinstance.py:2076} INFO - Dependencies all met for dep_context=non-requeueable deps ti=<TaskInstance: firepoint_dbt_daily.dbt_build_daily manual__2026-04-15T11:00:24.841266+00:00 [queued]>
[2026-04-15T11:00:33.314+0000] {taskinstance.py:2076} INFO - Dependencies all met for dep_context=requeueable deps ti=<TaskInstance: firepoint_dbt_daily.dbt_build_daily manual__2026-04-15T11:00:24.841266+00:00 [queued]>
[2026-04-15T11:00:33.315+0000] {taskinstance.py:2306} INFO - Starting attempt 1 of 2
[2026-04-15T11:00:33.332+0000] {taskinstance.py:2330} INFO - Executing <Task(_PythonDecoratedOperator): dbt_build_daily> on 2026-04-15 11:00:24.841266+00:00
[2026-04-15T11:00:33.338+0000] {standard_task_runner.py:64} INFO - Started process 397 to run task
[2026-04-15T11:00:33.343+0000] {standard_task_runner.py:90} INFO - Running: ['***', 'tasks', 'run', 'firepoint_dbt_daily', 'dbt_build_daily', 'manual__2026-04-15T11:00:24.841266+00:00', '--job-id', '91', '--raw', '--subdir', 'DAGS_FOLDER/dbt_dag.py', '--cfg-path', '/tmp/tmpkwnnz7b6']
[2026-04-15T11:00:33.347+0000] {standard_task_runner.py:91} INFO - Job 91: Subtask dbt_build_daily
[2026-04-15T11:00:33.461+0000] {task_command.py:426} INFO - Running <TaskInstance: firepoint_dbt_daily.dbt_build_daily manual__2026-04-15T11:00:24.841266+00:00 [running]> on host 0cf1a09c2af8
[2026-04-15T11:00:33.864+0000] {taskinstance.py:2648} INFO - Exporting env vars: AIRFLOW_CTX_DAG_OWNER='firepoint' AIRFLOW_CTX_DAG_ID='firepoint_dbt_daily' AIRFLOW_CTX_TASK_ID='dbt_build_daily' AIRFLOW_CTX_EXECUTION_DATE='2026-04-15T11:00:24.841266+00:00' AIRFLOW_CTX_TRY_NUMBER='1' AIRFLOW_CTX_DAG_RUN_ID='manual__2026-04-15T11:00:24.841266+00:00'
[2026-04-15T11:00:33.865+0000] {taskinstance.py:430} INFO - ::endgroup::
[2026-04-15T11:00:33.866+0000] {logging_mixin.py:188} INFO - running: cd /opt/***/dbt && dbt build --select tag:daily --profiles-dir /opt/***/dbt
[2026-04-15T11:00:41.507+0000] {logging_mixin.py:188} INFO - 11:00:35  Running with dbt=1.11.8
11:00:36  Registered adapter: duckdb=1.10.1
11:00:37  Found 24 models, 2 seeds, 29 data tests, 19 sources, 475 macros
11:00:37  
11:00:37  Concurrency: 4 threads (target='dev')
11:00:37  
11:00:38  1 of 8 START sql table model main_marts.mart_budget_utilization ................ [RUN]
11:00:38  2 of 8 START sql table model main_marts.mart_employee_attendance ............... [RUN]
11:00:38  3 of 8 START sql table model main_marts.mart_negotiation_analytics ............. [RUN]
11:00:38  4 of 8 START sql table model main_marts.mart_pipeline_overview ................. [RUN]
11:00:39  4 of 8 OK created sql table model main_marts.mart_pipeline_overview ............ [OK in 0.99s]
11:00:39  3 of 8 OK created sql table model main_marts.mart_negotiation_analytics ........ [OK in 1.01s]
11:00:39  1 of 8 OK created sql table model main_marts.mart_budget_utilization ........... [OK in 1.02s]
11:00:39  2 of 8 OK created sql table model main_marts.mart_employee_attendance .......... [OK in 1.02s]
11:00:39  5 of 8 START sql table model main_marts.mart_production_performance ............ [RUN]
11:00:39  6 of 8 START sql table model main_marts.mart_revenue_by_contractor ............. [RUN]
11:00:39  7 of 8 START sql table model main_marts.mart_sales_summary ..................... [RUN]
11:00:39  8 of 8 START sql table model main_marts.mart_supplier_scorecard ................ [RUN]
11:00:39  6 of 8 OK created sql table model main_marts.mart_revenue_by_contractor ........ [OK in 0.69s]
11:00:39  7 of 8 OK created sql table model main_marts.mart_sales_summary ................ [OK in 0.69s]
11:00:39  8 of 8 OK created sql table model main_marts.mart_supplier_scorecard ........... [OK in 0.70s]
11:00:39  5 of 8 OK created sql table model main_marts.mart_production_performance ....... [OK in 0.72s]
11:00:39  
11:00:39  Finished running 8 table models in 0 hours 0 minutes and 2.29 seconds (2.29s).
11:00:40  
11:00:40  Completed successfully
11:00:40  
11:00:40  Done. PASS=8 WARN=0 ERROR=0 SKIP=0 NO-OP=0 TOTAL=8
[2026-04-15T11:00:41.509+0000] {python.py:237} INFO - Done. Returned value was: [0m11:00:35  Running with dbt=1.11.8
[0m11:00:36  Registered adapter: duckdb=1.10.1
[0m11:00:37  Found 24 models, 2 seeds, 29 data tests, 19 sources, 475 macros
[0m11:00:37  
[0m11:00:37  Concurrency: 4 threads (target='dev')
[0m11:00:37  
[0m11:00:38  1 of 8 START sql table model main_marts.mart_budget_utilization ................ [RUN]
[0m11:00:38  2 of 8 START sql table model main_marts.mart_employee_attendance ............... [RUN]
[0m11:00:38  3 of 8 START sql table model main_marts.mart_negotiation_analytics ............. [RUN]
[0m11:00:38  4 of 8 START sql table model main_marts.mart_pipeline_overview ................. [RUN]
[0m11:00:39  4 of 8 OK created sql table model main_marts.mart_pipeline_overview ............ [[32mOK[0m in 0.99s]
[0m11:00:39  3 of 8 OK created sql table model main_marts.mart_negotiation_analytics ........ [[32mOK[0m in 1.01s]
[0m11:00:39  1 of 8 OK created sql table model main_marts.mart_budget_utilization ........... [[32mOK[0m in 1.02s]
[0m11:00:39  2 of 8 OK created sql table model main_marts.mart_employee_attendance .......... [[32mOK[0m in 1.02s]
[0m11:00:39  5 of 8 START sql table model main_marts.mart_production_performance ............ [RUN]
[0m11:00:39  6 of 8 START sql table model main_marts.mart_revenue_by_contractor ............. [RUN]
[0m11:00:39  7 of 8 START sql table model main_marts.mart_sales_summary ..................... [RUN]
[0m11:00:39  8 of 8 START sql table model main_marts.mart_supplier_scorecard ................ [RUN]
[0m11:00:39  6 of 8 OK created sql table model main_marts.mart_revenue_by_contractor ........ [[32mOK[0m in 0.69s]
[0m11:00:39  7 of 8 OK created sql table model main_marts.mart_sales_summary ................ [[32mOK[0m in 0.69s]
[0m11:00:39  8 of 8 OK created sql table model main_marts.mart_supplier_scorecard ........... [[32mOK[0m in 0.70s]
[0m11:00:39  5 of 8 OK created sql table model main_marts.mart_production_performance ....... [[32mOK[0m in 0.72s]
[0m11:00:39  
[0m11:00:39  Finished running 8 table models in 0 hours 0 minutes and 2.29 seconds (2.29s).
[0m11:00:40  
[0m11:00:40  [32mCompleted successfully[0m
[0m11:00:40  
[0m11:00:40  Done. PASS=8 WARN=0 ERROR=0 SKIP=0 NO-OP=0 TOTAL=8

[2026-04-15T11:00:41.509+0000] {taskinstance.py:441} INFO - ::group::Post task execution logs
[2026-04-15T11:00:41.562+0000] {taskinstance.py:1206} INFO - Marking task as SUCCESS. dag_id=firepoint_dbt_daily, task_id=dbt_build_daily, run_id=manual__2026-04-15T11:00:24.841266+00:00, execution_date=20260415T110024, start_date=20260415T110033, end_date=20260415T110041
[2026-04-15T11:00:41.626+0000] {local_task_job_runner.py:243} INFO - Task exited with return code 0
[2026-04-15T11:00:41.668+0000] {taskinstance.py:3503} INFO - 0 downstream tasks scheduled from follow-on schedule check
[2026-04-15T11:00:41.676+0000] {local_task_job_runner.py:222} INFO - ::endgroup::
