[2026-04-14T17:04:15.644+0000] {local_task_job_runner.py:120} INFO - ::group::Pre task execution logs
[2026-04-14T17:04:15.692+0000] {taskinstance.py:2076} INFO - Dependencies all met for dep_context=non-requeueable deps ti=<TaskInstance: firepoint_etl.extract_mysql scheduled__2026-04-13T00:00:00+00:00 [queued]>
[2026-04-14T17:04:15.706+0000] {taskinstance.py:2076} INFO - Dependencies all met for dep_context=requeueable deps ti=<TaskInstance: firepoint_etl.extract_mysql scheduled__2026-04-13T00:00:00+00:00 [queued]>
[2026-04-14T17:04:15.708+0000] {taskinstance.py:2306} INFO - Starting attempt 2 of 2
[2026-04-14T17:04:15.735+0000] {taskinstance.py:2330} INFO - Executing <Task(_PythonDecoratedOperator): extract_mysql> on 2026-04-13 00:00:00+00:00
[2026-04-14T17:04:15.746+0000] {standard_task_runner.py:64} INFO - Started process 1290 to run task
[2026-04-14T17:04:15.751+0000] {standard_task_runner.py:90} INFO - Running: ['***', 'tasks', 'run', 'firepoint_etl', 'extract_mysql', 'scheduled__2026-04-13T00:00:00+00:00', '--job-id', '11', '--raw', '--subdir', 'DAGS_FOLDER/etl_dag.py', '--cfg-path', '/tmp/tmplyo7evgs']
[2026-04-14T17:04:15.755+0000] {standard_task_runner.py:91} INFO - Job 11: Subtask extract_mysql
[2026-04-14T17:04:15.907+0000] {task_command.py:426} INFO - Running <TaskInstance: firepoint_etl.extract_mysql scheduled__2026-04-13T00:00:00+00:00 [running]> on host 9c22045bc147
[2026-04-14T17:04:16.024+0000] {taskinstance.py:2648} INFO - Exporting env vars: AIRFLOW_CTX_DAG_OWNER='firepoint' AIRFLOW_CTX_DAG_ID='firepoint_etl' AIRFLOW_CTX_TASK_ID='extract_mysql' AIRFLOW_CTX_EXECUTION_DATE='2026-04-13T00:00:00+00:00' AIRFLOW_CTX_TRY_NUMBER='2' AIRFLOW_CTX_DAG_RUN_ID='scheduled__2026-04-13T00:00:00+00:00'
[2026-04-14T17:04:16.026+0000] {taskinstance.py:430} INFO - ::endgroup::
[2026-04-14T17:04:16.049+0000] {taskinstance.py:441} INFO - ::group::Post task execution logs
[2026-04-14T17:04:16.051+0000] {taskinstance.py:2905} ERROR - Task failed with exception
Traceback (most recent call last):
  File "/home/airflow/.local/lib/python3.11/site-packages/airflow/models/taskinstance.py", line 465, in _execute_task
    result = _execute_callable(context=context, **execute_callable_kwargs)
             ^^^^^^^^^^^^^^^^^^^^^^^^^^^^^^^^^^^^^^^^^^^^^^^^^^^^^^^^^^^^^
  File "/home/airflow/.local/lib/python3.11/site-packages/airflow/models/taskinstance.py", line 432, in _execute_callable
    return execute_callable(context=context, **execute_callable_kwargs)
           ^^^^^^^^^^^^^^^^^^^^^^^^^^^^^^^^^^^^^^^^^^^^^^^^^^^^^^^^^^^^
  File "/home/airflow/.local/lib/python3.11/site-packages/airflow/models/baseoperator.py", line 401, in wrapper
    return func(self, *args, **kwargs)
           ^^^^^^^^^^^^^^^^^^^^^^^^^^^
  File "/home/airflow/.local/lib/python3.11/site-packages/airflow/decorators/base.py", line 265, in execute
    return_value = super().execute(context)
                   ^^^^^^^^^^^^^^^^^^^^^^^^
  File "/home/airflow/.local/lib/python3.11/site-packages/airflow/models/baseoperator.py", line 401, in wrapper
    return func(self, *args, **kwargs)
           ^^^^^^^^^^^^^^^^^^^^^^^^^^^
  File "/home/airflow/.local/lib/python3.11/site-packages/airflow/operators/python.py", line 235, in execute
    return_value = self.execute_callable()
                   ^^^^^^^^^^^^^^^^^^^^^^^
  File "/home/airflow/.local/lib/python3.11/site-packages/airflow/operators/python.py", line 252, in execute_callable
    return self.python_callable(*self.op_args, **self.op_kwargs)
           ^^^^^^^^^^^^^^^^^^^^^^^^^^^^^^^^^^^^^^^^^^^^^^^^^^^^^
  File "/opt/airflow/dags/etl_dag.py", line 48, in extract_mysql
    conn_duck = duckdb.connect(DUCKDB_PATH)
                ^^^^^^^^^^^^^^^^^^^^^^^^^^^
_duckdb.IOException: IO Error: Could not set lock on file "/opt/***/duckdb/firepoint.duckdb": Conflicting lock is held in /usr/local/bin/python3.11 (PID 1289). See also https://duckdb.org/docs/stable/connect/concurrency
[2026-04-14T17:04:16.076+0000] {taskinstance.py:1206} INFO - Marking task as FAILED. dag_id=firepoint_etl, task_id=extract_mysql, run_id=scheduled__2026-04-13T00:00:00+00:00, execution_date=20260413T000000, start_date=20260414T170415, end_date=20260414T170416
[2026-04-14T17:04:16.093+0000] {standard_task_runner.py:110} ERROR - Failed to execute job 11 for task extract_mysql (IO Error: Could not set lock on file "/opt/***/duckdb/firepoint.duckdb": Conflicting lock is held in /usr/local/bin/python3.11 (PID 1289). See also https://duckdb.org/docs/stable/connect/concurrency; 1290)
[2026-04-14T17:04:16.138+0000] {local_task_job_runner.py:243} INFO - Task exited with return code 1
[2026-04-14T17:04:16.158+0000] {taskinstance.py:3503} INFO - 0 downstream tasks scheduled from follow-on schedule check
[2026-04-14T17:04:16.160+0000] {local_task_job_runner.py:222} INFO - ::endgroup::
