[2026-04-14T17:01:58.416+0000] {local_task_job_runner.py:120} INFO - ::group::Pre task execution logs
[2026-04-14T17:01:58.767+0000] {taskinstance.py:2076} INFO - Dependencies all met for dep_context=non-requeueable deps ti=<TaskInstance: firepoint_etl.extract_mysql scheduled__2026-04-13T00:00:00+00:00 [queued]>
[2026-04-14T17:01:58.786+0000] {taskinstance.py:2076} INFO - Dependencies all met for dep_context=requeueable deps ti=<TaskInstance: firepoint_etl.extract_mysql scheduled__2026-04-13T00:00:00+00:00 [queued]>
[2026-04-14T17:01:58.787+0000] {taskinstance.py:2306} INFO - Starting attempt 1 of 2
[2026-04-14T17:01:58.827+0000] {taskinstance.py:2330} INFO - Executing <Task(PythonOperator): extract_mysql> on 2026-04-13 00:00:00+00:00
[2026-04-14T17:01:58.837+0000] {standard_task_runner.py:64} INFO - Started process 1113 to run task
[2026-04-14T17:01:58.841+0000] {standard_task_runner.py:90} INFO - Running: ['***', 'tasks', 'run', 'firepoint_etl', 'extract_mysql', 'scheduled__2026-04-13T00:00:00+00:00', '--job-id', '5', '--raw', '--subdir', 'DAGS_FOLDER/etl_dag.py', '--cfg-path', '/tmp/tmp93hb8hnw']
[2026-04-14T17:01:58.847+0000] {standard_task_runner.py:91} INFO - Job 5: Subtask extract_mysql
[2026-04-14T17:01:59.039+0000] {task_command.py:426} INFO - Running <TaskInstance: firepoint_etl.extract_mysql scheduled__2026-04-13T00:00:00+00:00 [running]> on host 9c22045bc147
[2026-04-14T17:02:02.954+0000] {taskinstance.py:2648} INFO - Exporting env vars: AIRFLOW_CTX_DAG_OWNER='firepoint' AIRFLOW_CTX_DAG_ID='firepoint_etl' AIRFLOW_CTX_TASK_ID='extract_mysql' AIRFLOW_CTX_EXECUTION_DATE='2026-04-13T00:00:00+00:00' AIRFLOW_CTX_TRY_NUMBER='1' AIRFLOW_CTX_DAG_RUN_ID='scheduled__2026-04-13T00:00:00+00:00'
[2026-04-14T17:02:02.956+0000] {taskinstance.py:430} INFO - ::endgroup::
[2026-04-14T17:02:13.193+0000] {logging_mixin.py:188} WARNING - /opt/***/dags/etl_dag.py:65 UserWarning: pandas only supports SQLAlchemy connectable (engine/connection) or database string URI or sqlite3 DBAPI2 connection. Other DBAPI2 objects are not tested. Please consider using SQLAlchemy.
[2026-04-14T17:02:13.253+0000] {logging_mixin.py:188} INFO -   raw.departments: 6 rows
[2026-04-14T17:02:13.255+0000] {logging_mixin.py:188} WARNING - /opt/***/dags/etl_dag.py:65 UserWarning: pandas only supports SQLAlchemy connectable (engine/connection) or database string URI or sqlite3 DBAPI2 connection. Other DBAPI2 objects are not tested. Please consider using SQLAlchemy.
[2026-04-14T17:02:13.283+0000] {logging_mixin.py:188} INFO -   raw.employees: 190 rows
[2026-04-14T17:02:13.286+0000] {logging_mixin.py:188} WARNING - /opt/***/dags/etl_dag.py:65 UserWarning: pandas only supports SQLAlchemy connectable (engine/connection) or database string URI or sqlite3 DBAPI2 connection. Other DBAPI2 objects are not tested. Please consider using SQLAlchemy.
[2026-04-14T17:02:13.303+0000] {logging_mixin.py:188} INFO -   raw.suppliers: 70 rows
[2026-04-14T17:02:13.304+0000] {logging_mixin.py:188} WARNING - /opt/***/dags/etl_dag.py:65 UserWarning: pandas only supports SQLAlchemy connectable (engine/connection) or database string URI or sqlite3 DBAPI2 connection. Other DBAPI2 objects are not tested. Please consider using SQLAlchemy.
[2026-04-14T17:02:13.320+0000] {logging_mixin.py:188} INFO -   raw.components: 37 rows
[2026-04-14T17:02:13.322+0000] {logging_mixin.py:188} WARNING - /opt/***/dags/etl_dag.py:65 UserWarning: pandas only supports SQLAlchemy connectable (engine/connection) or database string URI or sqlite3 DBAPI2 connection. Other DBAPI2 objects are not tested. Please consider using SQLAlchemy.
[2026-04-14T17:02:13.570+0000] {logging_mixin.py:188} INFO -   raw.purchase_orders: 5000 rows
[2026-04-14T17:02:13.573+0000] {logging_mixin.py:188} WARNING - /opt/***/dags/etl_dag.py:65 UserWarning: pandas only supports SQLAlchemy connectable (engine/connection) or database string URI or sqlite3 DBAPI2 connection. Other DBAPI2 objects are not tested. Please consider using SQLAlchemy.
[2026-04-14T17:02:13.599+0000] {logging_mixin.py:188} INFO -   raw.contractors: 25 rows
[2026-04-14T17:02:13.603+0000] {logging_mixin.py:188} WARNING - /opt/***/dags/etl_dag.py:65 UserWarning: pandas only supports SQLAlchemy connectable (engine/connection) or database string URI or sqlite3 DBAPI2 connection. Other DBAPI2 objects are not tested. Please consider using SQLAlchemy.
[2026-04-14T17:02:13.688+0000] {logging_mixin.py:188} INFO -   raw.sales_orders: 3000 rows
[2026-04-14T17:02:13.690+0000] {logging_mixin.py:188} WARNING - /opt/***/dags/etl_dag.py:65 UserWarning: pandas only supports SQLAlchemy connectable (engine/connection) or database string URI or sqlite3 DBAPI2 connection. Other DBAPI2 objects are not tested. Please consider using SQLAlchemy.
[2026-04-14T17:02:13.705+0000] {logging_mixin.py:188} INFO -   raw.production_lines: 8 rows
[2026-04-14T17:02:13.706+0000] {logging_mixin.py:188} WARNING - /opt/***/dags/etl_dag.py:65 UserWarning: pandas only supports SQLAlchemy connectable (engine/connection) or database string URI or sqlite3 DBAPI2 connection. Other DBAPI2 objects are not tested. Please consider using SQLAlchemy.
[2026-04-14T17:02:13.721+0000] {logging_mixin.py:188} INFO -   raw.products: 5 rows
[2026-04-14T17:02:13.723+0000] {logging_mixin.py:188} WARNING - /opt/***/dags/etl_dag.py:65 UserWarning: pandas only supports SQLAlchemy connectable (engine/connection) or database string URI or sqlite3 DBAPI2 connection. Other DBAPI2 objects are not tested. Please consider using SQLAlchemy.
[2026-04-14T17:02:13.746+0000] {logging_mixin.py:188} INFO -   raw.production_orders: 300 rows
[2026-04-14T17:02:13.747+0000] {logging_mixin.py:188} WARNING - /opt/***/dags/etl_dag.py:65 UserWarning: pandas only supports SQLAlchemy connectable (engine/connection) or database string URI or sqlite3 DBAPI2 connection. Other DBAPI2 objects are not tested. Please consider using SQLAlchemy.
[2026-04-14T17:02:13.798+0000] {logging_mixin.py:188} INFO -   raw.production_stages: 1932 rows
[2026-04-14T17:02:13.801+0000] {logging_mixin.py:188} WARNING - /opt/***/dags/etl_dag.py:65 UserWarning: pandas only supports SQLAlchemy connectable (engine/connection) or database string URI or sqlite3 DBAPI2 connection. Other DBAPI2 objects are not tested. Please consider using SQLAlchemy.
[2026-04-14T17:02:13.839+0000] {taskinstance.py:441} INFO - ::group::Post task execution logs
[2026-04-14T17:02:13.840+0000] {taskinstance.py:2905} ERROR - Task failed with exception
Traceback (most recent call last):
  File "/home/airflow/.local/lib/python3.11/site-packages/mysql/connector/connection_cext.py", line 705, in cmd_query
    self._cmysql.query(
_mysql_connector.MySQLInterfaceError: Table 'firepoint_db.contract_deliverables' doesn't exist

The above exception was the direct cause of the following exception:

Traceback (most recent call last):
  File "/home/airflow/.local/lib/python3.11/site-packages/pandas/io/sql.py", line 2262, in execute
    cur.execute(sql, *args)
  File "/home/airflow/.local/lib/python3.11/site-packages/mysql/connector/cursor_cext.py", line 357, in execute
    result = self._connection.cmd_query(
             ^^^^^^^^^^^^^^^^^^^^^^^^^^^
  File "/home/airflow/.local/lib/python3.11/site-packages/mysql/connector/opentelemetry/context_propagation.py", line 106, in wrapper
    result = method(cnx, *args, **kwargs)
             ^^^^^^^^^^^^^^^^^^^^^^^^^^^^
  File "/home/airflow/.local/lib/python3.11/site-packages/mysql/connector/connection_cext.py", line 713, in cmd_query
    raise get_mysql_exception(
mysql.connector.errors.ProgrammingError: 1146 (42S02): Table 'firepoint_db.contract_deliverables' doesn't exist

The above exception was the direct cause of the following exception:

Traceback (most recent call last):
  File "/home/airflow/.local/lib/python3.11/site-packages/airflow/models/taskinstance.py", line 465, in _execute_task
    result = _execute_callable(context=context, **execute_callable_kwargs)
             ^^^^^^^^^^^^^^^^^^^^^^^^^^^^^^^^^^^^^^^^^^^^^^^^^^^^^^^^^^^^^
  File "/home/airflow/.local/lib/python3.11/site-packages/airflow/models/taskinstance.py", line 432, in _execute_callable
    return execute_callable(context=context, **execute_callable_kwargs)
           ^^^^^^^^^^^^^^^^^^^^^^^^^^^^^^^^^^^^^^^^^^^^^^^^^^^^^^^^^^^^
  File "/home/airflow/.local/lib/python3.11/site-packages/airflow/models/baseoperator.py", line 401, in wrapper
    return func(self, *args, **kwargs)
           ^^^^^^^^^^^^^^^^^^^^^^^^^^^
  File "/home/airflow/.local/lib/python3.11/site-packages/airflow/operators/python.py", line 235, in execute
    return_value = self.execute_callable()
                   ^^^^^^^^^^^^^^^^^^^^^^^
  File "/home/airflow/.local/lib/python3.11/site-packages/airflow/operators/python.py", line 252, in execute_callable
    return self.python_callable(*self.op_args, **self.op_kwargs)
           ^^^^^^^^^^^^^^^^^^^^^^^^^^^^^^^^^^^^^^^^^^^^^^^^^^^^^
  File "/opt/airflow/dags/etl_dag.py", line 65, in extract_mysql_to_duckdb
    df = pd.read_sql(f"select * from {table}", conn_mysql)
         ^^^^^^^^^^^^^^^^^^^^^^^^^^^^^^^^^^^^^^^^^^^^^^^^^
  File "/home/airflow/.local/lib/python3.11/site-packages/pandas/io/sql.py", line 654, in read_sql
    return pandas_sql.read_query(
           ^^^^^^^^^^^^^^^^^^^^^^
  File "/home/airflow/.local/lib/python3.11/site-packages/pandas/io/sql.py", line 2326, in read_query
    cursor = self.execute(sql, params)
             ^^^^^^^^^^^^^^^^^^^^^^^^^
  File "/home/airflow/.local/lib/python3.11/site-packages/pandas/io/sql.py", line 2274, in execute
    raise ex from exc
pandas.errors.DatabaseError: Execution failed on sql 'select * from contract_deliverables': 1146 (42S02): Table 'firepoint_db.contract_deliverables' doesn't exist
[2026-04-14T17:02:13.879+0000] {taskinstance.py:1206} INFO - Marking task as UP_FOR_RETRY. dag_id=firepoint_etl, task_id=extract_mysql, run_id=scheduled__2026-04-13T00:00:00+00:00, execution_date=20260413T000000, start_date=20260414T170158, end_date=20260414T170213
[2026-04-14T17:02:13.969+0000] {standard_task_runner.py:110} ERROR - Failed to execute job 5 for task extract_mysql (Execution failed on sql 'select * from contract_deliverables': 1146 (42S02): Table 'firepoint_db.contract_deliverables' doesn't exist; 1113)
[2026-04-14T17:02:14.034+0000] {local_task_job_runner.py:243} INFO - Task exited with return code 1
[2026-04-14T17:02:14.059+0000] {taskinstance.py:3503} INFO - 0 downstream tasks scheduled from follow-on schedule check
[2026-04-14T17:02:14.063+0000] {local_task_job_runner.py:222} INFO - ::endgroup::
