[2026-04-14T17:07:20.767+0000] {local_task_job_runner.py:120} INFO - ::group::Pre task execution logs
[2026-04-14T17:07:20.842+0000] {taskinstance.py:2076} INFO - Dependencies all met for dep_context=non-requeueable deps ti=<TaskInstance: firepoint_etl.extract_mysql manual__2026-04-14T17:05:13.913667+00:00 [queued]>
[2026-04-14T17:07:20.868+0000] {taskinstance.py:2076} INFO - Dependencies all met for dep_context=requeueable deps ti=<TaskInstance: firepoint_etl.extract_mysql manual__2026-04-14T17:05:13.913667+00:00 [queued]>
[2026-04-14T17:07:20.885+0000] {taskinstance.py:2306} INFO - Starting attempt 2 of 3
[2026-04-14T17:07:20.948+0000] {taskinstance.py:2330} INFO - Executing <Task(_PythonDecoratedOperator): extract_mysql> on 2026-04-14 17:05:13.913667+00:00
[2026-04-14T17:07:20.974+0000] {standard_task_runner.py:64} INFO - Started process 1471 to run task
[2026-04-14T17:07:20.978+0000] {standard_task_runner.py:90} INFO - Running: ['***', 'tasks', 'run', 'firepoint_etl', 'extract_mysql', 'manual__2026-04-14T17:05:13.913667+00:00', '--job-id', '16', '--raw', '--subdir', 'DAGS_FOLDER/etl_dag.py', '--cfg-path', '/tmp/tmpw_v0yk5s']
[2026-04-14T17:07:20.982+0000] {standard_task_runner.py:91} INFO - Job 16: Subtask extract_mysql
[2026-04-14T17:07:21.155+0000] {task_command.py:426} INFO - Running <TaskInstance: firepoint_etl.extract_mysql manual__2026-04-14T17:05:13.913667+00:00 [running]> on host 9c22045bc147
[2026-04-14T17:07:21.424+0000] {taskinstance.py:2648} INFO - Exporting env vars: AIRFLOW_CTX_DAG_OWNER='firepoint' AIRFLOW_CTX_DAG_ID='firepoint_etl' AIRFLOW_CTX_TASK_ID='extract_mysql' AIRFLOW_CTX_EXECUTION_DATE='2026-04-14T17:05:13.913667+00:00' AIRFLOW_CTX_TRY_NUMBER='2' AIRFLOW_CTX_DAG_RUN_ID='manual__2026-04-14T17:05:13.913667+00:00'
[2026-04-14T17:07:21.427+0000] {taskinstance.py:430} INFO - ::endgroup::
[2026-04-14T17:07:21.605+0000] {base.py:84} INFO - Using connection ID 'mysql_firepoint' for task execution.
[2026-04-14T17:07:21.636+0000] {taskinstance.py:441} INFO - ::group::Post task execution logs
[2026-04-14T17:07:21.645+0000] {taskinstance.py:2905} ERROR - Task failed with exception
Traceback (most recent call last):
  File "/home/airflow/.local/lib/python3.11/site-packages/airflow/models/taskinstance.py", line 465, in _execute_task
    result = _execute_callable(context=context, **execute_callable_kwargs)
             ^^^^^^^^^^^^^^^^^^^^^^^^^^^^^^^^^^^^^^^^^^^^^^^^^^^^^^^^^^^^^
  File "/home/airflow/.local/lib/python3.11/site-packages/airflow/models/taskinstance.py", line 432, in _execute_callable
    return execute_callable(context=context, **execute_callable_kwargs)
           ^^^^^^^^^^^^^^^^^^^^^^^^^^^^^^^^^^^^^^^^^^^^^^^^^^^^^^^^^^^^
  File "/home/airflow/.local/lib/python3.11/site-packages/airflow/models/baseoperator.py", line 401, in wrapper
    return func(self, *args, **kwargs)
           ^^^^^^^^^^^^^^^^^^^^^^^^^^^
  File "/home/airflow/.local/lib/python3.11/site-packages/airflow/decorators/base.py", line 265, in execute
    return_value = super().execute(context)
                   ^^^^^^^^^^^^^^^^^^^^^^^^
  File "/home/airflow/.local/lib/python3.11/site-packages/airflow/models/baseoperator.py", line 401, in wrapper
    return func(self, *args, **kwargs)
           ^^^^^^^^^^^^^^^^^^^^^^^^^^^
  File "/home/airflow/.local/lib/python3.11/site-packages/airflow/operators/python.py", line 235, in execute
    return_value = self.execute_callable()
                   ^^^^^^^^^^^^^^^^^^^^^^^
  File "/home/airflow/.local/lib/python3.11/site-packages/airflow/operators/python.py", line 252, in execute_callable
    return self.python_callable(*self.op_args, **self.op_kwargs)
           ^^^^^^^^^^^^^^^^^^^^^^^^^^^^^^^^^^^^^^^^^^^^^^^^^^^^^
  File "/opt/airflow/dags/etl_dag.py", line 53, in extract_mysql
    df = mysql_hook.get_pandas_df(f"select * from {table}")
         ^^^^^^^^^^^^^^^^^^^^^^^^^^^^^^^^^^^^^^^^^^^^^^^^^^
  File "/home/airflow/.local/lib/python3.11/site-packages/airflow/providers/common/sql/hooks/sql.py", line 268, in get_pandas_df
    with closing(self.get_conn()) as conn:
                 ^^^^^^^^^^^^^^^
  File "/home/airflow/.local/lib/python3.11/site-packages/airflow/providers/mysql/hooks/mysql.py", line 196, in get_conn
    return MySQLdb.connect(**conn_config)
           ^^^^^^^^^^^^^^^^^^^^^^^^^^^^^^
  File "/home/airflow/.local/lib/python3.11/site-packages/MySQLdb/__init__.py", line 121, in Connect
    return Connection(*args, **kwargs)
           ^^^^^^^^^^^^^^^^^^^^^^^^^^^
  File "/home/airflow/.local/lib/python3.11/site-packages/MySQLdb/connections.py", line 195, in __init__
    super().__init__(*args, **kwargs2)
MySQLdb.OperationalError: (2002, "Can't connect to local server through socket '/run/mysqld/mysqld.sock' (2)")
[2026-04-14T17:07:21.707+0000] {taskinstance.py:1206} INFO - Marking task as UP_FOR_RETRY. dag_id=firepoint_etl, task_id=extract_mysql, run_id=manual__2026-04-14T17:05:13.913667+00:00, execution_date=20260414T170513, start_date=20260414T170720, end_date=20260414T170721
[2026-04-14T17:07:21.764+0000] {standard_task_runner.py:110} ERROR - Failed to execute job 16 for task extract_mysql ((2002, "Can't connect to local server through socket '/run/mysqld/mysqld.sock' (2)"); 1471)
[2026-04-14T17:07:21.827+0000] {local_task_job_runner.py:243} INFO - Task exited with return code 1
[2026-04-14T17:07:21.872+0000] {taskinstance.py:3503} INFO - 0 downstream tasks scheduled from follow-on schedule check
[2026-04-14T17:07:21.883+0000] {local_task_job_runner.py:222} INFO - ::endgroup::
