[2026-04-15T10:51:37.543+0000] {local_task_job_runner.py:120} INFO - ::group::Pre task execution logs
[2026-04-15T10:51:37.620+0000] {taskinstance.py:2076} INFO - Dependencies all met for dep_context=non-requeueable deps ti=<TaskInstance: firepoint_dbt_hourly.dbt_build_hourly manual__2026-04-15T10:51:36.878837+00:00 [queued]>
[2026-04-15T10:51:37.632+0000] {taskinstance.py:2076} INFO - Dependencies all met for dep_context=requeueable deps ti=<TaskInstance: firepoint_dbt_hourly.dbt_build_hourly manual__2026-04-15T10:51:36.878837+00:00 [queued]>
[2026-04-15T10:51:37.633+0000] {taskinstance.py:2306} INFO - Starting attempt 1 of 2
[2026-04-15T10:51:37.650+0000] {taskinstance.py:2330} INFO - Executing <Task(_PythonDecoratedOperator): dbt_build_hourly> on 2026-04-15 10:51:36.878837+00:00
[2026-04-15T10:51:37.656+0000] {standard_task_runner.py:64} INFO - Started process 428 to run task
[2026-04-15T10:51:37.661+0000] {standard_task_runner.py:90} INFO - Running: ['***', 'tasks', 'run', 'firepoint_dbt_hourly', 'dbt_build_hourly', 'manual__2026-04-15T10:51:36.878837+00:00', '--job-id', '77', '--raw', '--subdir', 'DAGS_FOLDER/dbt_dag.py', '--cfg-path', '/tmp/tmpigd8yg_r']
[2026-04-15T10:51:37.664+0000] {standard_task_runner.py:91} INFO - Job 77: Subtask dbt_build_hourly
[2026-04-15T10:51:37.748+0000] {task_command.py:426} INFO - Running <TaskInstance: firepoint_dbt_hourly.dbt_build_hourly manual__2026-04-15T10:51:36.878837+00:00 [running]> on host 9c22045bc147
[2026-04-15T10:51:37.863+0000] {taskinstance.py:2648} INFO - Exporting env vars: AIRFLOW_CTX_DAG_OWNER='firepoint' AIRFLOW_CTX_DAG_ID='firepoint_dbt_hourly' AIRFLOW_CTX_TASK_ID='dbt_build_hourly' AIRFLOW_CTX_EXECUTION_DATE='2026-04-15T10:51:36.878837+00:00' AIRFLOW_CTX_TRY_NUMBER='1' AIRFLOW_CTX_DAG_RUN_ID='manual__2026-04-15T10:51:36.878837+00:00'
[2026-04-15T10:51:37.866+0000] {taskinstance.py:430} INFO - ::endgroup::
[2026-04-15T10:51:37.868+0000] {logging_mixin.py:188} INFO - running: cd /opt/***/dbt_project && dbt build --select tag:hourly --profiles-dir /opt/***/dbt_project
[2026-04-15T10:51:41.014+0000] {logging_mixin.py:188} INFO - Usage: dbt build [OPTIONS]
Try 'dbt build -h' for help.

Error: Invalid value for '--profiles-dir': Path '/opt/***/dbt_project' does not exist.
[2026-04-15T10:51:41.014+0000] {taskinstance.py:441} INFO - ::group::Post task execution logs
[2026-04-15T10:51:41.016+0000] {taskinstance.py:2905} ERROR - Task failed with exception
Traceback (most recent call last):
  File "/home/airflow/.local/lib/python3.11/site-packages/airflow/models/taskinstance.py", line 465, in _execute_task
    result = _execute_callable(context=context, **execute_callable_kwargs)
             ^^^^^^^^^^^^^^^^^^^^^^^^^^^^^^^^^^^^^^^^^^^^^^^^^^^^^^^^^^^^^
  File "/home/airflow/.local/lib/python3.11/site-packages/airflow/models/taskinstance.py", line 432, in _execute_callable
    return execute_callable(context=context, **execute_callable_kwargs)
           ^^^^^^^^^^^^^^^^^^^^^^^^^^^^^^^^^^^^^^^^^^^^^^^^^^^^^^^^^^^^
  File "/home/airflow/.local/lib/python3.11/site-packages/airflow/models/baseoperator.py", line 401, in wrapper
    return func(self, *args, **kwargs)
           ^^^^^^^^^^^^^^^^^^^^^^^^^^^
  File "/home/airflow/.local/lib/python3.11/site-packages/airflow/decorators/base.py", line 265, in execute
    return_value = super().execute(context)
                   ^^^^^^^^^^^^^^^^^^^^^^^^
  File "/home/airflow/.local/lib/python3.11/site-packages/airflow/models/baseoperator.py", line 401, in wrapper
    return func(self, *args, **kwargs)
           ^^^^^^^^^^^^^^^^^^^^^^^^^^^
  File "/home/airflow/.local/lib/python3.11/site-packages/airflow/operators/python.py", line 235, in execute
    return_value = self.execute_callable()
                   ^^^^^^^^^^^^^^^^^^^^^^^
  File "/home/airflow/.local/lib/python3.11/site-packages/airflow/operators/python.py", line 252, in execute_callable
    return self.python_callable(*self.op_args, **self.op_kwargs)
           ^^^^^^^^^^^^^^^^^^^^^^^^^^^^^^^^^^^^^^^^^^^^^^^^^^^^^
  File "/opt/airflow/dags/dbt_dag.py", line 62, in dbt_build_hourly
    return run_dbt_command("build --select tag:hourly")
           ^^^^^^^^^^^^^^^^^^^^^^^^^^^^^^^^^^^^^^^^^^^^
  File "/opt/airflow/dags/dbt_dag.py", line 26, in run_dbt_command
    raise Exception(f"dbt command failed: {command}")
Exception: dbt command failed: build --select tag:hourly
[2026-04-15T10:51:41.034+0000] {taskinstance.py:1206} INFO - Marking task as UP_FOR_RETRY. dag_id=firepoint_dbt_hourly, task_id=dbt_build_hourly, run_id=manual__2026-04-15T10:51:36.878837+00:00, execution_date=20260415T105136, start_date=20260415T105137, end_date=20260415T105141
[2026-04-15T10:51:41.049+0000] {standard_task_runner.py:110} ERROR - Failed to execute job 77 for task dbt_build_hourly (dbt command failed: build --select tag:hourly; 428)
[2026-04-15T10:51:41.091+0000] {local_task_job_runner.py:243} INFO - Task exited with return code 1
[2026-04-15T10:51:41.123+0000] {taskinstance.py:3503} INFO - 0 downstream tasks scheduled from follow-on schedule check
[2026-04-15T10:51:41.125+0000] {local_task_job_runner.py:222} INFO - ::endgroup::
