[2026-04-14T17:14:43.512+0000] {local_task_job_runner.py:120} INFO - ::group::Pre task execution logs
[2026-04-14T17:14:43.562+0000] {taskinstance.py:2076} INFO - Dependencies all met for dep_context=non-requeueable deps ti=<TaskInstance: firepoint_etl.extract_mysql manual__2026-04-14T17:10:36.005169+00:00 [queued]>
[2026-04-14T17:14:43.573+0000] {taskinstance.py:2076} INFO - Dependencies all met for dep_context=requeueable deps ti=<TaskInstance: firepoint_etl.extract_mysql manual__2026-04-14T17:10:36.005169+00:00 [queued]>
[2026-04-14T17:14:43.574+0000] {taskinstance.py:2306} INFO - Starting attempt 3 of 3
[2026-04-14T17:14:43.596+0000] {taskinstance.py:2330} INFO - Executing <Task(_PythonDecoratedOperator): extract_mysql> on 2026-04-14 17:10:36.005169+00:00
[2026-04-14T17:14:43.607+0000] {standard_task_runner.py:64} INFO - Started process 1866 to run task
[2026-04-14T17:14:43.614+0000] {standard_task_runner.py:90} INFO - Running: ['***', 'tasks', 'run', 'firepoint_etl', 'extract_mysql', 'manual__2026-04-14T17:10:36.005169+00:00', '--job-id', '26', '--raw', '--subdir', 'DAGS_FOLDER/etl_dag.py', '--cfg-path', '/tmp/tmpb71ovr3z']
[2026-04-14T17:14:43.618+0000] {standard_task_runner.py:91} INFO - Job 26: Subtask extract_mysql
[2026-04-14T17:14:43.732+0000] {task_command.py:426} INFO - Running <TaskInstance: firepoint_etl.extract_mysql manual__2026-04-14T17:10:36.005169+00:00 [running]> on host 9c22045bc147
[2026-04-14T17:14:43.871+0000] {taskinstance.py:2648} INFO - Exporting env vars: AIRFLOW_CTX_DAG_OWNER='firepoint' AIRFLOW_CTX_DAG_ID='firepoint_etl' AIRFLOW_CTX_TASK_ID='extract_mysql' AIRFLOW_CTX_EXECUTION_DATE='2026-04-14T17:10:36.005169+00:00' AIRFLOW_CTX_TRY_NUMBER='3' AIRFLOW_CTX_DAG_RUN_ID='manual__2026-04-14T17:10:36.005169+00:00'
[2026-04-14T17:14:43.875+0000] {taskinstance.py:430} INFO - ::endgroup::
[2026-04-14T17:14:43.975+0000] {base.py:84} INFO - Using connection ID 'mysql_firepoint' for task execution.
[2026-04-14T17:14:44.083+0000] {logging_mixin.py:188} WARNING - /home/***/.local/lib/python3.11/site-packages/***/providers/common/sql/hooks/sql.py:269 UserWarning: pandas only supports SQLAlchemy connectable (engine/connection) or database string URI or sqlite3 DBAPI2 connection. Other DBAPI2 objects are not tested. Please consider using SQLAlchemy.
[2026-04-14T17:14:44.160+0000] {logging_mixin.py:188} INFO -   raw.departments: 6 rows
[2026-04-14T17:14:44.172+0000] {base.py:84} INFO - Using connection ID 'mysql_firepoint' for task execution.
[2026-04-14T17:14:44.187+0000] {logging_mixin.py:188} WARNING - /home/***/.local/lib/python3.11/site-packages/***/providers/common/sql/hooks/sql.py:269 UserWarning: pandas only supports SQLAlchemy connectable (engine/connection) or database string URI or sqlite3 DBAPI2 connection. Other DBAPI2 objects are not tested. Please consider using SQLAlchemy.
[2026-04-14T17:14:44.226+0000] {logging_mixin.py:188} INFO -   raw.employees: 190 rows
[2026-04-14T17:14:44.239+0000] {base.py:84} INFO - Using connection ID 'mysql_firepoint' for task execution.
[2026-04-14T17:14:44.256+0000] {logging_mixin.py:188} WARNING - /home/***/.local/lib/python3.11/site-packages/***/providers/common/sql/hooks/sql.py:269 UserWarning: pandas only supports SQLAlchemy connectable (engine/connection) or database string URI or sqlite3 DBAPI2 connection. Other DBAPI2 objects are not tested. Please consider using SQLAlchemy.
[2026-04-14T17:14:44.281+0000] {logging_mixin.py:188} INFO -   raw.suppliers: 70 rows
[2026-04-14T17:14:44.294+0000] {base.py:84} INFO - Using connection ID 'mysql_firepoint' for task execution.
[2026-04-14T17:14:44.309+0000] {logging_mixin.py:188} WARNING - /home/***/.local/lib/python3.11/site-packages/***/providers/common/sql/hooks/sql.py:269 UserWarning: pandas only supports SQLAlchemy connectable (engine/connection) or database string URI or sqlite3 DBAPI2 connection. Other DBAPI2 objects are not tested. Please consider using SQLAlchemy.
[2026-04-14T17:14:44.331+0000] {logging_mixin.py:188} INFO -   raw.components: 37 rows
[2026-04-14T17:14:44.346+0000] {base.py:84} INFO - Using connection ID 'mysql_firepoint' for task execution.
[2026-04-14T17:14:44.365+0000] {logging_mixin.py:188} WARNING - /home/***/.local/lib/python3.11/site-packages/***/providers/common/sql/hooks/sql.py:269 UserWarning: pandas only supports SQLAlchemy connectable (engine/connection) or database string URI or sqlite3 DBAPI2 connection. Other DBAPI2 objects are not tested. Please consider using SQLAlchemy.
[2026-04-14T17:14:44.446+0000] {logging_mixin.py:188} INFO -   raw.purchase_orders: 5000 rows
[2026-04-14T17:14:44.461+0000] {base.py:84} INFO - Using connection ID 'mysql_firepoint' for task execution.
[2026-04-14T17:14:44.478+0000] {logging_mixin.py:188} WARNING - /home/***/.local/lib/python3.11/site-packages/***/providers/common/sql/hooks/sql.py:269 UserWarning: pandas only supports SQLAlchemy connectable (engine/connection) or database string URI or sqlite3 DBAPI2 connection. Other DBAPI2 objects are not tested. Please consider using SQLAlchemy.
[2026-04-14T17:14:44.497+0000] {logging_mixin.py:188} INFO -   raw.contractors: 25 rows
[2026-04-14T17:14:44.514+0000] {base.py:84} INFO - Using connection ID 'mysql_firepoint' for task execution.
[2026-04-14T17:14:44.525+0000] {logging_mixin.py:188} WARNING - /home/***/.local/lib/python3.11/site-packages/***/providers/common/sql/hooks/sql.py:269 UserWarning: pandas only supports SQLAlchemy connectable (engine/connection) or database string URI or sqlite3 DBAPI2 connection. Other DBAPI2 objects are not tested. Please consider using SQLAlchemy.
[2026-04-14T17:14:44.587+0000] {logging_mixin.py:188} INFO -   raw.sales_orders: 3000 rows
[2026-04-14T17:14:44.602+0000] {base.py:84} INFO - Using connection ID 'mysql_firepoint' for task execution.
[2026-04-14T17:14:44.616+0000] {logging_mixin.py:188} WARNING - /home/***/.local/lib/python3.11/site-packages/***/providers/common/sql/hooks/sql.py:269 UserWarning: pandas only supports SQLAlchemy connectable (engine/connection) or database string URI or sqlite3 DBAPI2 connection. Other DBAPI2 objects are not tested. Please consider using SQLAlchemy.
[2026-04-14T17:14:44.634+0000] {logging_mixin.py:188} INFO -   raw.production_lines: 8 rows
[2026-04-14T17:14:44.646+0000] {base.py:84} INFO - Using connection ID 'mysql_firepoint' for task execution.
[2026-04-14T17:14:44.659+0000] {logging_mixin.py:188} WARNING - /home/***/.local/lib/python3.11/site-packages/***/providers/common/sql/hooks/sql.py:269 UserWarning: pandas only supports SQLAlchemy connectable (engine/connection) or database string URI or sqlite3 DBAPI2 connection. Other DBAPI2 objects are not tested. Please consider using SQLAlchemy.
[2026-04-14T17:14:44.676+0000] {logging_mixin.py:188} INFO -   raw.products: 5 rows
[2026-04-14T17:14:44.692+0000] {base.py:84} INFO - Using connection ID 'mysql_firepoint' for task execution.
[2026-04-14T17:14:44.706+0000] {logging_mixin.py:188} WARNING - /home/***/.local/lib/python3.11/site-packages/***/providers/common/sql/hooks/sql.py:269 UserWarning: pandas only supports SQLAlchemy connectable (engine/connection) or database string URI or sqlite3 DBAPI2 connection. Other DBAPI2 objects are not tested. Please consider using SQLAlchemy.
[2026-04-14T17:14:44.731+0000] {logging_mixin.py:188} INFO -   raw.production_orders: 300 rows
[2026-04-14T17:14:44.744+0000] {base.py:84} INFO - Using connection ID 'mysql_firepoint' for task execution.
[2026-04-14T17:14:44.760+0000] {logging_mixin.py:188} WARNING - /home/***/.local/lib/python3.11/site-packages/***/providers/common/sql/hooks/sql.py:269 UserWarning: pandas only supports SQLAlchemy connectable (engine/connection) or database string URI or sqlite3 DBAPI2 connection. Other DBAPI2 objects are not tested. Please consider using SQLAlchemy.
[2026-04-14T17:14:44.854+0000] {logging_mixin.py:188} INFO -   raw.production_stages: 1932 rows
[2026-04-14T17:14:44.867+0000] {base.py:84} INFO - Using connection ID 'mysql_firepoint' for task execution.
[2026-04-14T17:14:44.886+0000] {logging_mixin.py:188} WARNING - /home/***/.local/lib/python3.11/site-packages/***/providers/common/sql/hooks/sql.py:269 UserWarning: pandas only supports SQLAlchemy connectable (engine/connection) or database string URI or sqlite3 DBAPI2 connection. Other DBAPI2 objects are not tested. Please consider using SQLAlchemy.
[2026-04-14T17:14:44.906+0000] {logging_mixin.py:188} INFO -   raw.budgets: 18 rows
[2026-04-14T17:14:44.920+0000] {base.py:84} INFO - Using connection ID 'mysql_firepoint' for task execution.
[2026-04-14T17:14:44.940+0000] {logging_mixin.py:188} WARNING - /home/***/.local/lib/python3.11/site-packages/***/providers/common/sql/hooks/sql.py:269 UserWarning: pandas only supports SQLAlchemy connectable (engine/connection) or database string URI or sqlite3 DBAPI2 connection. Other DBAPI2 objects are not tested. Please consider using SQLAlchemy.
[2026-04-14T17:14:45.074+0000] {logging_mixin.py:188} INFO -   raw.invoices: 6887 rows
[2026-04-14T17:14:45.089+0000] {base.py:84} INFO - Using connection ID 'mysql_firepoint' for task execution.
[2026-04-14T17:14:45.102+0000] {logging_mixin.py:188} WARNING - /home/***/.local/lib/python3.11/site-packages/***/providers/common/sql/hooks/sql.py:269 UserWarning: pandas only supports SQLAlchemy connectable (engine/connection) or database string URI or sqlite3 DBAPI2 connection. Other DBAPI2 objects are not tested. Please consider using SQLAlchemy.
[2026-04-14T17:14:45.158+0000] {logging_mixin.py:188} INFO -   raw.payments: 3694 rows
[2026-04-14T17:14:45.171+0000] {base.py:84} INFO - Using connection ID 'mysql_firepoint' for task execution.
[2026-04-14T17:14:45.184+0000] {logging_mixin.py:188} WARNING - /home/***/.local/lib/python3.11/site-packages/***/providers/common/sql/hooks/sql.py:269 UserWarning: pandas only supports SQLAlchemy connectable (engine/connection) or database string URI or sqlite3 DBAPI2 connection. Other DBAPI2 objects are not tested. Please consider using SQLAlchemy.
[2026-04-14T17:14:45.202+0000] {logging_mixin.py:188} INFO -   raw.research_projects: 8 rows
[2026-04-14T17:14:45.214+0000] {base.py:84} INFO - Using connection ID 'mysql_firepoint' for task execution.
[2026-04-14T17:14:45.229+0000] {logging_mixin.py:188} WARNING - /home/***/.local/lib/python3.11/site-packages/***/providers/common/sql/hooks/sql.py:269 UserWarning: pandas only supports SQLAlchemy connectable (engine/connection) or database string URI or sqlite3 DBAPI2 connection. Other DBAPI2 objects are not tested. Please consider using SQLAlchemy.
[2026-04-14T17:14:45.246+0000] {logging_mixin.py:188} INFO -   raw.milestones: 45 rows
[2026-04-14T17:14:45.476+0000] {logging_mixin.py:188} INFO - mysql extraction complete
[2026-04-14T17:14:45.477+0000] {python.py:237} INFO - Done. Returned value was: {'departments': 6, 'employees': 190, 'suppliers': 70, 'components': 37, 'purchase_orders': 5000, 'contractors': 25, 'sales_orders': 3000, 'production_lines': 8, 'products': 5, 'production_orders': 300, 'production_stages': 1932, 'budgets': 18, 'invoices': 6887, 'payments': 3694, 'research_projects': 8, 'milestones': 45}
[2026-04-14T17:14:45.479+0000] {taskinstance.py:441} INFO - ::group::Post task execution logs
[2026-04-14T17:14:45.532+0000] {taskinstance.py:1206} INFO - Marking task as SUCCESS. dag_id=firepoint_etl, task_id=extract_mysql, run_id=manual__2026-04-14T17:10:36.005169+00:00, execution_date=20260414T171036, start_date=20260414T171443, end_date=20260414T171445
[2026-04-14T17:14:45.596+0000] {local_task_job_runner.py:243} INFO - Task exited with return code 0
[2026-04-14T17:14:45.636+0000] {taskinstance.py:3503} INFO - 0 downstream tasks scheduled from follow-on schedule check
[2026-04-14T17:14:45.641+0000] {local_task_job_runner.py:222} INFO - ::endgroup::
