[2026-04-14T17:10:38.291+0000] {local_task_job_runner.py:120} INFO - ::group::Pre task execution logs
[2026-04-14T17:10:38.353+0000] {taskinstance.py:2076} INFO - Dependencies all met for dep_context=non-requeueable deps ti=<TaskInstance: firepoint_etl.extract_mysql manual__2026-04-14T17:10:36.005169+00:00 [queued]>
[2026-04-14T17:10:38.367+0000] {taskinstance.py:2076} INFO - Dependencies all met for dep_context=requeueable deps ti=<TaskInstance: firepoint_etl.extract_mysql manual__2026-04-14T17:10:36.005169+00:00 [queued]>
[2026-04-14T17:10:38.368+0000] {taskinstance.py:2306} INFO - Starting attempt 1 of 3
[2026-04-14T17:10:38.389+0000] {taskinstance.py:2330} INFO - Executing <Task(_PythonDecoratedOperator): extract_mysql> on 2026-04-14 17:10:36.005169+00:00
[2026-04-14T17:10:38.405+0000] {standard_task_runner.py:64} INFO - Started process 1651 to run task
[2026-04-14T17:10:38.409+0000] {standard_task_runner.py:90} INFO - Running: ['***', 'tasks', 'run', 'firepoint_etl', 'extract_mysql', 'manual__2026-04-14T17:10:36.005169+00:00', '--job-id', '22', '--raw', '--subdir', 'DAGS_FOLDER/etl_dag.py', '--cfg-path', '/tmp/tmpvib65itd']
[2026-04-14T17:10:38.416+0000] {standard_task_runner.py:91} INFO - Job 22: Subtask extract_mysql
[2026-04-14T17:10:38.546+0000] {task_command.py:426} INFO - Running <TaskInstance: firepoint_etl.extract_mysql manual__2026-04-14T17:10:36.005169+00:00 [running]> on host 9c22045bc147
[2026-04-14T17:10:38.701+0000] {taskinstance.py:2648} INFO - Exporting env vars: AIRFLOW_CTX_DAG_OWNER='firepoint' AIRFLOW_CTX_DAG_ID='firepoint_etl' AIRFLOW_CTX_TASK_ID='extract_mysql' AIRFLOW_CTX_EXECUTION_DATE='2026-04-14T17:10:36.005169+00:00' AIRFLOW_CTX_TRY_NUMBER='1' AIRFLOW_CTX_DAG_RUN_ID='manual__2026-04-14T17:10:36.005169+00:00'
[2026-04-14T17:10:38.703+0000] {taskinstance.py:430} INFO - ::endgroup::
[2026-04-14T17:10:38.790+0000] {base.py:84} INFO - Using connection ID 'mysql_firepoint' for task execution.
[2026-04-14T17:10:39.144+0000] {taskinstance.py:441} INFO - ::group::Post task execution logs
[2026-04-14T17:10:39.146+0000] {taskinstance.py:2905} ERROR - Task failed with exception
Traceback (most recent call last):
  File "/home/airflow/.local/lib/python3.11/site-packages/airflow/models/taskinstance.py", line 465, in _execute_task
    result = _execute_callable(context=context, **execute_callable_kwargs)
             ^^^^^^^^^^^^^^^^^^^^^^^^^^^^^^^^^^^^^^^^^^^^^^^^^^^^^^^^^^^^^
  File "/home/airflow/.local/lib/python3.11/site-packages/airflow/models/taskinstance.py", line 432, in _execute_callable
    return execute_callable(context=context, **execute_callable_kwargs)
           ^^^^^^^^^^^^^^^^^^^^^^^^^^^^^^^^^^^^^^^^^^^^^^^^^^^^^^^^^^^^
  File "/home/airflow/.local/lib/python3.11/site-packages/airflow/models/baseoperator.py", line 401, in wrapper
    return func(self, *args, **kwargs)
           ^^^^^^^^^^^^^^^^^^^^^^^^^^^
  File "/home/airflow/.local/lib/python3.11/site-packages/airflow/decorators/base.py", line 265, in execute
    return_value = super().execute(context)
                   ^^^^^^^^^^^^^^^^^^^^^^^^
  File "/home/airflow/.local/lib/python3.11/site-packages/airflow/models/baseoperator.py", line 401, in wrapper
    return func(self, *args, **kwargs)
           ^^^^^^^^^^^^^^^^^^^^^^^^^^^
  File "/home/airflow/.local/lib/python3.11/site-packages/airflow/operators/python.py", line 235, in execute
    return_value = self.execute_callable()
                   ^^^^^^^^^^^^^^^^^^^^^^^
  File "/home/airflow/.local/lib/python3.11/site-packages/airflow/operators/python.py", line 252, in execute_callable
    return self.python_callable(*self.op_args, **self.op_kwargs)
           ^^^^^^^^^^^^^^^^^^^^^^^^^^^^^^^^^^^^^^^^^^^^^^^^^^^^^
  File "/opt/airflow/dags/etl_dag.py", line 53, in extract_mysql
    df = mysql_hook.get_pandas_df(f"select * from {table}")
         ^^^^^^^^^^^^^^^^^^^^^^^^^^^^^^^^^^^^^^^^^^^^^^^^^^
  File "/home/airflow/.local/lib/python3.11/site-packages/airflow/providers/common/sql/hooks/sql.py", line 268, in get_pandas_df
    with closing(self.get_conn()) as conn:
                 ^^^^^^^^^^^^^^^
  File "/home/airflow/.local/lib/python3.11/site-packages/airflow/providers/mysql/hooks/mysql.py", line 196, in get_conn
    return MySQLdb.connect(**conn_config)
           ^^^^^^^^^^^^^^^^^^^^^^^^^^^^^^
  File "/home/airflow/.local/lib/python3.11/site-packages/MySQLdb/__init__.py", line 121, in Connect
    return Connection(*args, **kwargs)
           ^^^^^^^^^^^^^^^^^^^^^^^^^^^
  File "/home/airflow/.local/lib/python3.11/site-packages/MySQLdb/connections.py", line 195, in __init__
    super().__init__(*args, **kwargs2)
MySQLdb.OperationalError: (1045, "Access denied for user 'root'@'localhost' (using password: YES)")
[2026-04-14T17:10:39.173+0000] {taskinstance.py:1206} INFO - Marking task as UP_FOR_RETRY. dag_id=firepoint_etl, task_id=extract_mysql, run_id=manual__2026-04-14T17:10:36.005169+00:00, execution_date=20260414T171036, start_date=20260414T171038, end_date=20260414T171039
[2026-04-14T17:10:39.195+0000] {standard_task_runner.py:110} ERROR - Failed to execute job 22 for task extract_mysql ((1045, "Access denied for user 'root'@'localhost' (using password: YES)"); 1651)
[2026-04-14T17:10:39.233+0000] {local_task_job_runner.py:243} INFO - Task exited with return code 1
[2026-04-14T17:10:39.265+0000] {taskinstance.py:3503} INFO - 0 downstream tasks scheduled from follow-on schedule check
[2026-04-14T17:10:39.268+0000] {local_task_job_runner.py:222} INFO - ::endgroup::
