[2026-04-14T17:04:15.624+0000] {local_task_job_runner.py:120} INFO - ::group::Pre task execution logs
[2026-04-14T17:04:15.686+0000] {taskinstance.py:2076} INFO - Dependencies all met for dep_context=non-requeueable deps ti=<TaskInstance: firepoint_etl.extract_mysql manual__2026-04-14T17:01:53.633308+00:00 [queued]>
[2026-04-14T17:04:15.700+0000] {taskinstance.py:2076} INFO - Dependencies all met for dep_context=requeueable deps ti=<TaskInstance: firepoint_etl.extract_mysql manual__2026-04-14T17:01:53.633308+00:00 [queued]>
[2026-04-14T17:04:15.701+0000] {taskinstance.py:2306} INFO - Starting attempt 2 of 2
[2026-04-14T17:04:15.721+0000] {taskinstance.py:2330} INFO - Executing <Task(_PythonDecoratedOperator): extract_mysql> on 2026-04-14 17:01:53.633308+00:00
[2026-04-14T17:04:15.731+0000] {standard_task_runner.py:64} INFO - Started process 1289 to run task
[2026-04-14T17:04:15.736+0000] {standard_task_runner.py:90} INFO - Running: ['***', 'tasks', 'run', 'firepoint_etl', 'extract_mysql', 'manual__2026-04-14T17:01:53.633308+00:00', '--job-id', '10', '--raw', '--subdir', 'DAGS_FOLDER/etl_dag.py', '--cfg-path', '/tmp/tmp0_oz8bxk']
[2026-04-14T17:04:15.739+0000] {standard_task_runner.py:91} INFO - Job 10: Subtask extract_mysql
[2026-04-14T17:04:15.906+0000] {task_command.py:426} INFO - Running <TaskInstance: firepoint_etl.extract_mysql manual__2026-04-14T17:01:53.633308+00:00 [running]> on host 9c22045bc147
[2026-04-14T17:04:16.016+0000] {taskinstance.py:2648} INFO - Exporting env vars: AIRFLOW_CTX_DAG_OWNER='firepoint' AIRFLOW_CTX_DAG_ID='firepoint_etl' AIRFLOW_CTX_TASK_ID='extract_mysql' AIRFLOW_CTX_EXECUTION_DATE='2026-04-14T17:01:53.633308+00:00' AIRFLOW_CTX_TRY_NUMBER='2' AIRFLOW_CTX_DAG_RUN_ID='manual__2026-04-14T17:01:53.633308+00:00'
[2026-04-14T17:04:16.018+0000] {taskinstance.py:430} INFO - ::endgroup::
[2026-04-14T17:04:16.090+0000] {taskinstance.py:441} INFO - ::group::Post task execution logs
[2026-04-14T17:04:16.105+0000] {taskinstance.py:2905} ERROR - Task failed with exception
Traceback (most recent call last):
  File "/home/airflow/.local/lib/python3.11/site-packages/airflow/models/taskinstance.py", line 465, in _execute_task
    result = _execute_callable(context=context, **execute_callable_kwargs)
             ^^^^^^^^^^^^^^^^^^^^^^^^^^^^^^^^^^^^^^^^^^^^^^^^^^^^^^^^^^^^^
  File "/home/airflow/.local/lib/python3.11/site-packages/airflow/models/taskinstance.py", line 432, in _execute_callable
    return execute_callable(context=context, **execute_callable_kwargs)
           ^^^^^^^^^^^^^^^^^^^^^^^^^^^^^^^^^^^^^^^^^^^^^^^^^^^^^^^^^^^^
  File "/home/airflow/.local/lib/python3.11/site-packages/airflow/models/baseoperator.py", line 401, in wrapper
    return func(self, *args, **kwargs)
           ^^^^^^^^^^^^^^^^^^^^^^^^^^^
  File "/home/airflow/.local/lib/python3.11/site-packages/airflow/decorators/base.py", line 265, in execute
    return_value = super().execute(context)
                   ^^^^^^^^^^^^^^^^^^^^^^^^
  File "/home/airflow/.local/lib/python3.11/site-packages/airflow/models/baseoperator.py", line 401, in wrapper
    return func(self, *args, **kwargs)
           ^^^^^^^^^^^^^^^^^^^^^^^^^^^
  File "/home/airflow/.local/lib/python3.11/site-packages/airflow/operators/python.py", line 235, in execute
    return_value = self.execute_callable()
                   ^^^^^^^^^^^^^^^^^^^^^^^
  File "/home/airflow/.local/lib/python3.11/site-packages/airflow/operators/python.py", line 252, in execute_callable
    return self.python_callable(*self.op_args, **self.op_kwargs)
           ^^^^^^^^^^^^^^^^^^^^^^^^^^^^^^^^^^^^^^^^^^^^^^^^^^^^^
  File "/opt/airflow/dags/etl_dag.py", line 53, in extract_mysql
    df = mysql_hook.get_pandas_df(f"select * from {table}")
         ^^^^^^^^^^^^^^^^^^^^^^^^^^^^^^^^^^^^^^^^^^^^^^^^^^
  File "/home/airflow/.local/lib/python3.11/site-packages/airflow/providers/common/sql/hooks/sql.py", line 268, in get_pandas_df
    with closing(self.get_conn()) as conn:
                 ^^^^^^^^^^^^^^^
  File "/home/airflow/.local/lib/python3.11/site-packages/airflow/providers/mysql/hooks/mysql.py", line 188, in get_conn
    conn = self.connection or self.get_connection(getattr(self, self.conn_name_attr))
                              ^^^^^^^^^^^^^^^^^^^^^^^^^^^^^^^^^^^^^^^^^^^^^^^^^^^^^^^
  File "/home/airflow/.local/lib/python3.11/site-packages/airflow/hooks/base.py", line 83, in get_connection
    conn = Connection.get_connection_from_secrets(conn_id)
           ^^^^^^^^^^^^^^^^^^^^^^^^^^^^^^^^^^^^^^^^^^^^^^^
  File "/home/airflow/.local/lib/python3.11/site-packages/airflow/models/connection.py", line 519, in get_connection_from_secrets
    raise AirflowNotFoundException(f"The conn_id `{conn_id}` isn't defined")
airflow.exceptions.AirflowNotFoundException: The conn_id `mysql_firepoint` isn't defined
[2026-04-14T17:04:16.118+0000] {taskinstance.py:1206} INFO - Marking task as FAILED. dag_id=firepoint_etl, task_id=extract_mysql, run_id=manual__2026-04-14T17:01:53.633308+00:00, execution_date=20260414T170153, start_date=20260414T170415, end_date=20260414T170416
[2026-04-14T17:04:16.130+0000] {standard_task_runner.py:110} ERROR - Failed to execute job 10 for task extract_mysql (The conn_id `mysql_firepoint` isn't defined; 1289)
[2026-04-14T17:04:16.155+0000] {local_task_job_runner.py:243} INFO - Task exited with return code 1
[2026-04-14T17:04:16.174+0000] {taskinstance.py:3503} INFO - 0 downstream tasks scheduled from follow-on schedule check
[2026-04-14T17:04:16.177+0000] {local_task_job_runner.py:222} INFO - ::endgroup::
